#
# A fatal error has been detected by the Java Runtime Environment:
#
#  SIGSEGV (0xb) at pc=0x00007fe05e72d5c5, pid=9709, tid=9841
#
# JRE version: OpenJDK Runtime Environment (17.0.8+7) (build 17.0.8+7-Debian-1deb12u1)
# Java VM: OpenJDK 64-Bit Server VM (17.0.8+7-Debian-1deb12u1, mixed mode, emulated-client, sharing, tiered, compressed oops, compressed class ptrs, g1 gc, linux-amd64)
# Problematic frame:
# V  [libjvm.so+0x7ff5c5]  InstanceKlass::clean_weak_instanceklass_links()+0x25
#
# No core dump will be written. Core dumps have been disabled. To enable core dumping, try "ulimit -c unlimited" before starting Java again
#
# If you would like to submit a bug report, please visit:
#   https://bugs.debian.org/openjdk-17
#

---------------  S U M M A R Y ------------

Command Line: -XX:+HeapDumpOnOutOfMemoryError -Xmx1024m -Dsts.lsp.client=vscode -Dsts.log.file=/dev/null -XX:TieredStopAtLevel=1 -Xlog:jni+resolve=off -Dspring.config.location=file:/home/chaitanya/.vscode-server/extensions/vmware.vscode-spring-boot-1.49.0/language-server/BOOT-INF/classes/application.properties org.springframework.ide.vscode.boot.app.BootLanguageServerBootApp

Host: Intel(R) Core(TM) i7-8650U CPU @ 1.90GHz, 8 cores, 7G, Debian GNU/Linux 12 (bookworm)
Time: Fri Sep 15 10:31:43 2023 IST elapsed time: 369.393793 seconds (0d 0h 6m 9s)

---------------  T H R E A D  ---------------

Current thread (0x00007fdfe8009b70):  GCTaskThread "GC Thread#3" [stack: 0x00007fdfeedfe000,0x00007fdfeeefe000] [id=9841]

Stack: [0x00007fdfeedfe000,0x00007fdfeeefe000],  sp=0x00007fdfeeefcd60,  free space=1019k
Native frames: (J=compiled Java code, j=interpreted, Vv=VM code, C=native code)
V  [libjvm.so+0x7ff5c5]  InstanceKlass::clean_weak_instanceklass_links()+0x25
V  [libjvm.so+0xc3264c]  KlassCleaningTask::work()+0x7c
V  [libjvm.so+0xf6ac99]  GangWorker::loop()+0x59
V  [libjvm.so+0xf6acee]
V  [libjvm.so+0xebad3b]  Thread::call_run()+0xbb
V  [libjvm.so+0xc16991]  thread_native_entry(Thread*)+0xe1


siginfo: si_signo: 11 (SIGSEGV), si_code: 1 (SEGV_MAPERR), si_addr: 0x00007ddff386e790

Register to memory mapping:

RAX=0x0 is NULL
RBX=0x00007fe04927d3e8 points into unknown readable memory: 0x0000000000000000 | 00 00 00 00 00 00 00 00
RCX=0x00007fdff32299d0 is a pointer to class: 
sun.nio.fs.UnixNativeDispatcher {0x00007fdff32299d0}
 - instance size:     2
 - klass size:        65
 - access:            synchronized 
 - state:             fully_initialized
 - name:              'sun/nio/fs/UnixNativeDispatcher'
 - super:             'java/lang/Object'
 - sub:               
 - arrays:            NULL
 - methods:           Array<T>(0x00007ddff386e790)
 - method ordering:   Array<T>(0x00007fdff386ea78)
 - default_methods:   Array<T>(0x0000000000000000)
 - local interfaces:  Array<T>(0x00007fdff35e2710)
 - trans. interfaces: Array<T>(0x00007fdff35e2710)
 - constants:         constant pool [359] {0x00007fdff386dc10} for 'sun/nio/fs/UnixNativeDispatcher' cache=0x00007fdff322a470
 - class loader data:  loader data: 0x00007fe0580e6780 of 'bootstrap'
 - source file:       'UnixNativeDispatcher.java'
 - class annotations:       Array<T>(0x0000000000000000)
 - class type annotations:  Array<T>(0x0000000000000000)
 - field annotations:       Array<T>(0x0000000000000000)
 - field type annotations:  Array<T>(0x0000000000000000)
 - inner classes:     Array<T>(0x00007fdff35e26a0)
 - nest members:     Array<T>(0x00007fdff35e26a0)
 - permitted subclasses:     Array<T>(0x00007fdff35e26a0)
 - java mirror:       a 'java/lang/Class'{0x00000000ffe22828} = 'sun/nio/fs/UnixNativeDispatcher'
 - vtable length      5  (start addr: 0x00007fdff3229ba0)
 - itable length      2 (start addr: 0x00007fdff3229bc8)
 - ---- static fields (4 words):
 - private static final 'SUPPORTS_OPENAT' 'I' @112 
 - private static final 'SUPPORTS_FUTIMES' 'I' @116 
 - private static final 'SUPPORTS_FUTIMENS' 'I' @120 
 - private static final 'SUPPORTS_LUTIMES' 'I' @124 
 - private static final 'SUPPORTS_XATTR' 'I' @128 
 - private static final 'SUPPORTS_BIRTHTIME' 'I' @132 
 - private static final 'capabilities' 'I' @136 
 - ---- non-static fields (0 words):
 - non-static oop maps: 
RDX=0x00007ddff386e790 is an unknown value
RSP=0x00007fdfeeefcd60 points into unknown readable memory: 0x00007fe04927d3e8 | e8 d3 27 49 e0 7f 00 00
RBP=0x00007fdfeeefcd80 points into unknown readable memory: 0x00007fdfeeefcdd0 | d0 cd ef ee df 7f 00 00
RSI=0x0 is NULL
RDI=0x00007fdff32299d0 is a pointer to class: 
sun.nio.fs.UnixNativeDispatcher {0x00007fdff32299d0}
 - instance size:     2
 - klass size:        65
 - access:            synchronized 
 - state:             fully_initialized
 - name:              'sun/nio/fs/UnixNativeDispatcher'
 - super:             'java/lang/Object'
 - sub:               
 - arrays:            NULL
 - methods:           Array<T>(0x00007ddff386e790)
 - method ordering:   Array<T>(0x00007fdff386ea78)
 - default_methods:   Array<T>(0x0000000000000000)
 - local interfaces:  Array<T>(0x00007fdff35e2710)
 - trans. interfaces: Array<T>(0x00007fdff35e2710)
 - constants:         constant pool [359] {0x00007fdff386dc10} for 'sun/nio/fs/UnixNativeDispatcher' cache=0x00007fdff322a470
 - class loader data:  loader data: 0x00007fe0580e6780 of 'bootstrap'
 - source file:       'UnixNativeDispatcher.java'
 - class annotations:       Array<T>(0x0000000000000000)
 - class type annotations:  Array<T>(0x0000000000000000)
 - field annotations:       Array<T>(0x0000000000000000)
 - field type annotations:  Array<T>(0x0000000000000000)
 - inner classes:     Array<T>(0x00007fdff35e26a0)
 - nest members:     Array<T>(0x00007fdff35e26a0)
 - permitted subclasses:     Array<T>(0x00007fdff35e26a0)
 - java mirror:       a 'java/lang/Class'{0x00000000ffe22828} = 'sun/nio/fs/UnixNativeDispatcher'
 - vtable length      5  (start addr: 0x00007fdff3229ba0)
 - itable length      2 (start addr: 0x00007fdff3229bc8)
 - ---- static fields (4 words):
 - private static final 'SUPPORTS_OPENAT' 'I' @112 
 - private static final 'SUPPORTS_FUTIMES' 'I' @116 
 - private static final 'SUPPORTS_FUTIMENS' 'I' @120 
 - private static final 'SUPPORTS_LUTIMES' 'I' @124 
 - private static final 'SUPPORTS_XATTR' 'I' @128 
 - private static final 'SUPPORTS_BIRTHTIME' 'I' @132 
 - private static final 'capabilities' 'I' @136 
 - ---- non-static fields (0 words):
 - non-static oop maps: 
R8 =0x0000000000000001 is an unknown value
R9 =0x00007fe04d5f8300 points into unknown readable memory: 0x0000000000000006 | 06 00 00 00 00 00 00 00
R10=0x00007fe05da87000 points into unknown readable memory: 0x0100050403020100 | 00 01 02 03 04 05 00 01
R11=0x0000000000000246 is an unknown value
R12=0x00007fdfe800abc0 points into unknown readable memory: 0x0000000700000002 | 02 00 00 00 07 00 00 00
R13=0x00007fdff32299d0 is a pointer to class: 
sun.nio.fs.UnixNativeDispatcher {0x00007fdff32299d0}
 - instance size:     2
 - klass size:        65
 - access:            synchronized 
 - state:             fully_initialized
 - name:              'sun/nio/fs/UnixNativeDispatcher'
 - super:             'java/lang/Object'
 - sub:               
 - arrays:            NULL
 - methods:           Array<T>(0x00007ddff386e790)
 - method ordering:   Array<T>(0x00007fdff386ea78)
 - default_methods:   Array<T>(0x0000000000000000)
 - local interfaces:  Array<T>(0x00007fdff35e2710)
 - trans. interfaces: Array<T>(0x00007fdff35e2710)
 - constants:         constant pool [359] {0x00007fdff386dc10} for 'sun/nio/fs/UnixNativeDispatcher' cache=0x00007fdff322a470
 - class loader data:  loader data: 0x00007fe0580e6780 of 'bootstrap'
 - source file:       'UnixNativeDispatcher.java'
 - class annotations:       Array<T>(0x0000000000000000)
 - class type annotations:  Array<T>(0x0000000000000000)
 - field annotations:       Array<T>(0x0000000000000000)
 - field type annotations:  Array<T>(0x0000000000000000)
 - inner classes:     Array<T>(0x00007fdff35e26a0)
 - nest members:     Array<T>(0x00007fdff35e26a0)
 - permitted subclasses:     Array<T>(0x00007fdff35e26a0)
 - java mirror:       a 'java/lang/Class'{0x00000000ffe22828} = 'sun/nio/fs/UnixNativeDispatcher'
 - vtable length      5  (start addr: 0x00007fdff3229ba0)
 - itable length      2 (start addr: 0x00007fdff3229bc8)
 - ---- static fields (4 words):
 - private static final 'SUPPORTS_OPENAT' 'I' @112 
 - private static final 'SUPPORTS_FUTIMES' 'I' @116 
 - private static final 'SUPPORTS_FUTIMENS' 'I' @120 
 - private static final 'SUPPORTS_LUTIMES' 'I' @124 
 - private static final 'SUPPORTS_XATTR' 'I' @128 
 - private static final 'SUPPORTS_BIRTHTIME' 'I' @132 
 - private static final 'capabilities' 'I' @136 
 - ---- non-static fields (0 words):
 - non-static oop maps: 
R14=0x00007fdfb0001288 points into unknown readable memory: 0x0000000000000025 | 25 00 00 00 00 00 00 00
R15=0x00000000000003d8 is an unknown value


Registers:
RAX=0x0000000000000000, RBX=0x00007fe04927d3e8, RCX=0x00007fdff32299d0, RDX=0x00007ddff386e790
RSP=0x00007fdfeeefcd60, RBP=0x00007fdfeeefcd80, RSI=0x0000000000000000, RDI=0x00007fdff32299d0
R8 =0x0000000000000001, R9 =0x00007fe04d5f8300, R10=0x00007fe05da87000, R11=0x0000000000000246
R12=0x00007fdfe800abc0, R13=0x00007fdff32299d0, R14=0x00007fdfb0001288, R15=0x00000000000003d8
RIP=0x00007fe05e72d5c5, EFLAGS=0x0000000000010246, CSGSFS=0x002b000000000033, ERR=0x0000000000000004
  TRAPNO=0x000000000000000e

Top of Stack: (sp=0x00007fdfeeefcd60)
0x00007fdfeeefcd60:   00007fe04927d3e8 00007fdfe800abc0
0x00007fdfeeefcd70:   00007fdfb0000ea0 00007fdfb0001288
0x00007fdfeeefcd80:   00007fdfeeefcdd0 00007fe05eb6064c
0x00007fdfeeefcd90:   00007fdfb0000ea0 00007fdfb0000eb0 

Instructions: (pc=0x00007fe05e72d5c5)
0x00007fe05e72d4c5:   00 00 74 75 66 48 8d 3d c7 0a af 00 66 66 48 e8
0x00007fe05e72d4d5:   c7 20 a5 ff 4c 89 ef 48 8b 00 48 8b 98 38 02 00
0x00007fe05e72d4e5:   00 f3 0f 6f 43 10 4c 8b 73 20 4c 8b 7b 28 66 49
0x00007fe05e72d4f5:   0f 7e c4 0f 29 45 c0 e8 2f c6 24 00 48 8d 3d 50
0x00007fe05e72d505:   37 80 00 48 89 c6 31 c0 e8 8e 9a 00 00 49 83 3c
0x00007fe05e72d515:   24 00 66 0f 6f 45 c0 74 18 4c 89 fe 48 89 df e8
0x00007fe05e72d525:   a7 b9 bc ff 4c 89 e7 e8 4f ae bc ff 66 0f 6f 45
0x00007fe05e72d535:   c0 4c 89 73 20 0f 11 43 10 48 83 c4 18 5b 41 5c
0x00007fe05e72d545:   41 5d 41 5e 41 5f 5d c3 0f 1f 00 31 c0 e9 08 ff
0x00007fe05e72d555:   ff ff 66 0f 1f 84 00 00 00 00 00 4c 89 e8 f0 4d
0x00007fe05e72d565:   0f b1 24 24 49 39 c5 0f 85 be fe ff ff e9 48 ff
0x00007fe05e72d575:   ff ff 90 0f 1f 84 00 00 00 00 00 f6 87 a5 00 00
0x00007fe05e72d585:   00 02 74 07 e9 82 fe ff ff 66 90 c3 90 66 66 2e
0x00007fe05e72d595:   0f 1f 84 00 00 00 00 00 0f 1f 00 55 48 89 e5 41
0x00007fe05e72d5a5:   56 41 55 49 89 fd 41 54 53 f6 87 a5 00 00 00 02
0x00007fe05e72d5b5:   74 05 e8 54 fe ff ff 49 8b 95 98 01 00 00 31 c0
0x00007fe05e72d5c5:   8b 0a 85 c9 7f 1f eb 6b 0f 1f 00 31 f6 4c 89 e7
0x00007fe05e72d5d5:   e8 b6 ea 3a 00 49 8b 95 98 01 00 00 8b 0a 48 89
0x00007fe05e72d5e5:   d8 39 d9 7e 4e 48 8d 58 01 48 8b 04 da 4c 8b 60
0x00007fe05e72d5f5:   10 4d 85 e4 74 e8 48 8d 05 d2 83 b5 00 8b 00 83
0x00007fe05e72d605:   f8 02 74 c7 4d 8d 74 24 18 4c 89 f7 e8 da 0f 3d
0x00007fe05e72d615:   00 31 f6 4c 89 e7 e8 70 ea 3a 00 4c 89 f7 e8 68
0x00007fe05e72d625:   11 3d 00 49 8b 95 98 01 00 00 48 89 d8 8b 0a 39
0x00007fe05e72d635:   d9 7f b2 5b 41 5c 41 5d 41 5e 5d c3 90 66 66 2e
0x00007fe05e72d645:   0f 1f 84 00 00 00 00 00 0f 1f 00 55 49 89 d0 48
0x00007fe05e72d655:   89 e5 41 57 41 56 41 55 49 89 cd 41 54 49 89 f4
0x00007fe05e72d665:   53 48 89 fb 48 83 ec 48 f6 87 a7 00 00 00 02 0f
0x00007fe05e72d675:   84 16 02 00 00 48 83 bb d8 00 00 00 00 74 29 4c
0x00007fe05e72d685:   89 45 c8 e8 93 67 39 00 4c 8b 45 c8 84 c0 74 0d
0x00007fe05e72d695:   4c 39 83 d8 00 00 00 0f 84 16 01 00 00 48 c7 83
0x00007fe05e72d6a5:   d8 00 00 00 00 00 00 00 4d 85 e4 41 0f 95 c6 4d
0x00007fe05e72d6b5:   85 c0 0f 84 0f 02 00 00 49 8b 50 10 48 85 d2 0f 


Stack slot to memory mapping:
stack at sp + 0 slots: 0x00007fe04927d3e8 points into unknown readable memory: 0x0000000000000000 | 00 00 00 00 00 00 00 00
stack at sp + 1 slots: 0x00007fdfe800abc0 points into unknown readable memory: 0x0000000700000002 | 02 00 00 00 07 00 00 00
stack at sp + 2 slots: 0x00007fdfb0000ea0 points into unknown readable memory: 0x0000000000000000 | 00 00 00 00 00 00 00 00
stack at sp + 3 slots: 0x00007fdfb0001288 points into unknown readable memory: 0x0000000000000025 | 25 00 00 00 00 00 00 00
stack at sp + 4 slots: 0x00007fdfeeefcdd0 points into unknown readable memory: 0x00007fdfeeefce20 | 20 ce ef ee df 7f 00 00
stack at sp + 5 slots: 0x00007fe05eb6064c: <offset 0x0000000000c3264c> in /usr/lib/jvm/java-17-openjdk-amd64/lib/server/libjvm.so at 0x00007fe05df2e000
stack at sp + 6 slots: 0x00007fdfb0000ea0 points into unknown readable memory: 0x0000000000000000 | 00 00 00 00 00 00 00 00
stack at sp + 7 slots: 0x00007fdfb0000eb0 points into unknown readable memory: 0x2e6f696e2e6e7573 | 73 75 6e 2e 6e 69 6f 2e


---------------  P R O C E S S  ---------------

Threads class SMR info:
_java_thread_list=0x00007fdf8c0a2020, length=32, elements={
0x00007fe058103b10, 0x00007fe058104f00, 0x00007fe05810a4b0, 0x00007fe05810b870,
0x00007fe05810cc90, 0x00007fe05810e210, 0x00007fe05810f680, 0x00007fe0581177f0,
0x00007fe05811b420, 0x00007fe058f5cb40, 0x00007fe058f7b510, 0x00007fe058f938d0,
0x00007fe058019410, 0x00007fdf88023e60, 0x00007fdf8c03ada0, 0x00007fdf8c055ba0,
0x00007fdf8c05b700, 0x00007fdf8000b3b0, 0x00007fdf8000c8b0, 0x00007fdf8c099c40,
0x00007fdf80022be0, 0x00007fdf80023d40, 0x00007fdf58001800, 0x00007fdf940054b0,
0x00007fdf8c040550, 0x00007fdf4008c970, 0x00007fdf8c09cb10, 0x00007fdf8c09eec0,
0x00007fdf8c042500, 0x00007fdfbc137650, 0x00007fdfd4206c30, 0x00007fdf8c0a19a0
}

Java Threads: ( => current thread )
  0x00007fe058103b10 JavaThread "Reference Handler" daemon [_thread_blocked, id=9742, stack(0x00007fe04907d000,0x00007fe04917d000)]
  0x00007fe058104f00 JavaThread "Finalizer" daemon [_thread_blocked, id=9743, stack(0x00007fe048f7d000,0x00007fe04907d000)]
  0x00007fe05810a4b0 JavaThread "Signal Dispatcher" daemon [_thread_blocked, id=9744, stack(0x00007fe048b94000,0x00007fe048c94000)]
  0x00007fe05810b870 JavaThread "Service Thread" daemon [_thread_blocked, id=9745, stack(0x00007fe048a94000,0x00007fe048b94000)]
  0x00007fe05810cc90 JavaThread "Monitor Deflation Thread" daemon [_thread_blocked, id=9746, stack(0x00007fe048994000,0x00007fe048a94000)]
  0x00007fe05810e210 JavaThread "C1 CompilerThread0" daemon [_thread_blocked, id=9747, stack(0x00007fe048894000,0x00007fe048994000)]
  0x00007fe05810f680 JavaThread "Sweeper thread" daemon [_thread_blocked, id=9748, stack(0x00007fe048794000,0x00007fe048894000)]
  0x00007fe0581177f0 JavaThread "Notification Thread" daemon [_thread_blocked, id=9749, stack(0x00007fe048694000,0x00007fe048794000)]
  0x00007fe05811b420 JavaThread "Common-Cleaner" daemon [_thread_blocked, id=9751, stack(0x00007fe048492000,0x00007fe048592000)]
  0x00007fe058f5cb40 JavaThread "boundedElastic-evictor-1" daemon [_thread_blocked, id=9877, stack(0x00007fdfeebfa000,0x00007fdfeecfa000)]
  0x00007fe058f7b510 JavaThread "pool-11-thread-1" [_thread_blocked, id=9878, stack(0x00007fe048188000,0x00007fe048288000)]
  0x00007fe058f938d0 JavaThread "LanguageServerApp-lifecycle" [_thread_blocked, id=9879, stack(0x00007fdfee6f2000,0x00007fdfee7f2000)]
  0x00007fe058019410 JavaThread "DestroyJavaVM" [_thread_blocked, id=9735, stack(0x00007fe05db15000,0x00007fe05dc15000)]
  0x00007fdf88023e60 JavaThread "pool-12-thread-1" [_thread_in_native, id=9880, stack(0x00007fdfee5f2000,0x00007fdfee6f2000)]
  0x00007fdf8c03ada0 JavaThread "Simple-Language-Server main thread" daemon [_thread_blocked, id=9881, stack(0x00007fdfee4f2000,0x00007fdfee5f2000)]
  0x00007fdf8c055ba0 JavaThread "pool-7-thread-1" [_thread_blocked, id=9885, stack(0x00007fdfee0f2000,0x00007fdfee1f2000)]
  0x00007fdf8c05b700 JavaThread "parallel-1" daemon [_thread_blocked, id=9886, stack(0x00007fdfedff2000,0x00007fdfee0f2000)]
  0x00007fdf8000b3b0 JavaThread "pool-5-thread-1" [_thread_blocked, id=9887, stack(0x00007fdfedef2000,0x00007fdfedff2000)]
  0x00007fdf8000c8b0 JavaThread "parallel-2" daemon [_thread_blocked, id=9888, stack(0x00007fdfeddf2000,0x00007fdfedef2000)]
  0x00007fdf8c099c40 JavaThread "parallel-3" daemon [_thread_blocked, id=9889, stack(0x00007fdfedcf2000,0x00007fdfeddf2000)]
  0x00007fdf80022be0 JavaThread "parallel-4" daemon [_thread_blocked, id=9891, stack(0x00007fdfedaf2000,0x00007fdfedbf2000)]
  0x00007fdf80023d40 JavaThread "parallel-5" daemon [_thread_blocked, id=9892, stack(0x00007fdfed9f2000,0x00007fdfedaf2000)]
  0x00007fdf58001800 JavaThread "Reconciler-1" daemon [_thread_blocked, id=9895, stack(0x00007fdfed6f2000,0x00007fdfed7f2000)]
  0x00007fdf940054b0 JavaThread "process reaper" daemon [_thread_blocked, id=10049, stack(0x00007fe048047000,0x00007fe048069000)]
  0x00007fdf8c040550 JavaThread "pool-4-thread-4" [_thread_blocked, id=11193, stack(0x00007fdfed4f2000,0x00007fdfed5f2000)]
  0x00007fdf4008c970 JavaThread "ForkJoinPool.commonPool-worker-5" daemon [_thread_blocked, id=11194, stack(0x00007fe048288000,0x00007fe048388000)]
  0x00007fdf8c09cb10 JavaThread "pool-3-thread-4" [_thread_blocked, id=11223, stack(0x00007fdfed7f2000,0x00007fdfed8f2000)]
  0x00007fdf8c09eec0 JavaThread "pool-3-thread-5" [_thread_blocked, id=11224, stack(0x00007fdfed1f2000,0x00007fdfed2f2000)]
  0x00007fdf8c042500 JavaThread "parallel-6" daemon [_thread_blocked, id=11812, stack(0x00007fdfedbf2000,0x00007fdfedcf2000)]
  0x00007fdfbc137650 JavaThread "pool-4-thread-5" [_thread_blocked, id=11813, stack(0x00007fdfed8f2000,0x00007fdfed9f2000)]
  0x00007fdfd4206c30 JavaThread "C1 CompilerThread1" daemon [_thread_blocked, id=11815, stack(0x00007fdfee1f2000,0x00007fdfee2f2000)]
  0x00007fdf8c0a19a0 JavaThread "pool-4-thread-6" [_thread_blocked, id=11829, stack(0x00007fdfee2f2000,0x00007fdfee3f2000)]

Other Threads:
  0x00007fe0580ffb70 VMThread "VM Thread" [stack: 0x00007fe04917f000,0x00007fe04927f000] [id=9741]
  0x00007fe058119150 WatcherThread [stack: 0x00007fe048594000,0x00007fe048694000] [id=9750]
  0x00007fe058056d50 GCTaskThread "GC Thread#0" [stack: 0x00007fe05cb3c000,0x00007fe05cc3c000] [id=9736]
  0x00007fdfe8005f00 GCTaskThread "GC Thread#1" [stack: 0x00007fe048088000,0x00007fe048188000] [id=9824]
  0x00007fdfe8006930 GCTaskThread "GC Thread#2" [stack: 0x00007fdfeef00000,0x00007fdfef000000] [id=9825]
=>0x00007fdfe8009b70 GCTaskThread "GC Thread#3" [stack: 0x00007fdfeedfe000,0x00007fdfeeefe000] [id=9841]
  0x00007fdfe800a280 GCTaskThread "GC Thread#4" [stack: 0x00007fdfeecfc000,0x00007fdfeedfc000] [id=9842]
  0x00007fdfe8008850 GCTaskThread "GC Thread#5" [stack: 0x00007fdfeeafa000,0x00007fdfeebfa000] [id=9851]
  0x00007fdfe8008eb0 GCTaskThread "GC Thread#6" [stack: 0x00007fdfee9f8000,0x00007fdfeeaf8000] [id=9852]
  0x00007fdfe800e1d0 GCTaskThread "GC Thread#7" [stack: 0x00007fdfee8f6000,0x00007fdfee9f6000] [id=9853]
  0x00007fe058060350 ConcurrentGCThread "G1 Main Marker" [stack: 0x00007fe05ca3a000,0x00007fe05cb3a000] [id=9737]
  0x00007fe0580612c0 ConcurrentGCThread "G1 Conc#0" [stack: 0x00007fe05c938000,0x00007fe05ca38000] [id=9738]
  0x00007fe03c000ea0 ConcurrentGCThread "G1 Conc#1" [stack: 0x00007fdfee7f4000,0x00007fdfee8f4000] [id=9855]
  0x00007fe0580d6c50 ConcurrentGCThread "G1 Refine#0" [stack: 0x00007fe05c02e000,0x00007fe05c12e000] [id=9739]
  0x00007fe0580d7b40 ConcurrentGCThread "G1 Service" [stack: 0x00007fe0494a7000,0x00007fe0495a7000] [id=9740]

Threads with active compile tasks:

VM state: at safepoint (normal execution)

VM Mutex/Monitor currently owned by a thread:  ([mutex/lock_event])
[0x00007fe058016550] Threads_lock - owner thread: 0x00007fe0580ffb70
[0x00007fe058016d00] Heap_lock - owner thread: 0x00007fe058060350

Heap address: 0x00000000c0000000, size: 1024 MB, Compressed Oops mode: 32-bit

CDS archive(s) mapped at: [0x00007fdff3000000-0x00007fdff3beb000-0x00007fdff3beb000), size 12496896, SharedBaseAddress: 0x00007fdff3000000, ArchiveRelocationMode: 1.
Compressed class space mapped at: 0x00007fdff4000000-0x00007fe034000000, reserved size: 1073741824
Narrow klass base: 0x00007fdff3000000, Narrow klass shift: 0, Narrow klass range: 0x100000000

GC Precious Log:
 CPUs: 8 total, 8 available
 Memory: 7873M
 Large Page Support: Disabled
 NUMA Support: Disabled
 Compressed Oops: Enabled (32-bit)
 Heap Region Size: 1M
 Heap Min Capacity: 8M
 Heap Initial Capacity: 124M
 Heap Max Capacity: 1G
 Pre-touch: Disabled
 Parallel Workers: 8
 Concurrent Workers: 2
 Concurrent Refinement Workers: 8
 Periodic GC: Disabled

Heap:
 garbage-first heap   total 83968K, used 46429K [0x00000000c0000000, 0x0000000100000000)
  region size 1024K, 7 young (7168K), 3 survivors (3072K)
 Metaspace       used 48873K, committed 49408K, reserved 1114112K
  class space    used 6395K, committed 6656K, reserved 1048576K

Heap Regions: E=young(eden), S=young(survivor), O=old, HS=humongous(starts), HC=humongous(continues), CS=collection set, F=free, OA=open archive, CA=closed archive, TAMS=top-at-mark-start (previous, next)
|   0|0x00000000c0000000, 0x00000000c0100000, 0x00000000c0100000|100%| O|  |TAMS 0x00000000c0100000, 0x00000000c0100000| Untracked 
|   1|0x00000000c0100000, 0x00000000c0200000, 0x00000000c0200000|100%| O|  |TAMS 0x00000000c0200000, 0x00000000c0200000| Untracked 
|   2|0x00000000c0200000, 0x00000000c0300000, 0x00000000c0300000|100%| O|  |TAMS 0x00000000c0300000, 0x00000000c0300000| Untracked 
|   3|0x00000000c0300000, 0x00000000c0400000, 0x00000000c0400000|100%| O|  |TAMS 0x00000000c0400000, 0x00000000c0400000| Untracked 
|   4|0x00000000c0400000, 0x00000000c0500000, 0x00000000c0500000|100%| O|  |TAMS 0x00000000c0500000, 0x00000000c0500000| Untracked 
|   5|0x00000000c0500000, 0x00000000c0600000, 0x00000000c0600000|100%| O|  |TAMS 0x00000000c0600000, 0x00000000c0600000| Untracked 
|   6|0x00000000c0600000, 0x00000000c0700000, 0x00000000c0700000|100%| O|  |TAMS 0x00000000c0700000, 0x00000000c0700000| Untracked 
|   7|0x00000000c0700000, 0x00000000c0800000, 0x00000000c0800000|100%| O|  |TAMS 0x00000000c0800000, 0x00000000c0800000| Untracked 
|   8|0x00000000c0800000, 0x00000000c0900000, 0x00000000c0900000|100%| O|  |TAMS 0x00000000c0900000, 0x00000000c0900000| Untracked 
|   9|0x00000000c0900000, 0x00000000c0a00000, 0x00000000c0a00000|100%| O|  |TAMS 0x00000000c0a00000, 0x00000000c0a00000| Untracked 
|  10|0x00000000c0a00000, 0x00000000c0af0a00, 0x00000000c0b00000| 93%| O|  |TAMS 0x00000000c0af0a00, 0x00000000c0af0a00| Untracked 
|  11|0x00000000c0b00000, 0x00000000c0c00000, 0x00000000c0c00000|100%| O|  |TAMS 0x00000000c0c00000, 0x00000000c0c00000| Untracked 
|  12|0x00000000c0c00000, 0x00000000c0d00000, 0x00000000c0d00000|100%| O|  |TAMS 0x00000000c0d00000, 0x00000000c0d00000| Untracked 
|  13|0x00000000c0d00000, 0x00000000c0e00000, 0x00000000c0e00000|100%| O|  |TAMS 0x00000000c0e00000, 0x00000000c0e00000| Untracked 
|  14|0x00000000c0e00000, 0x00000000c0f00000, 0x00000000c0f00000|100%| O|  |TAMS 0x00000000c0f00000, 0x00000000c0f00000| Untracked 
|  15|0x00000000c0f00000, 0x00000000c1000000, 0x00000000c1000000|100%| O|  |TAMS 0x00000000c1000000, 0x00000000c1000000| Untracked 
|  16|0x00000000c1000000, 0x00000000c1100000, 0x00000000c1100000|100%| O|  |TAMS 0x00000000c1100000, 0x00000000c1100000| Untracked 
|  17|0x00000000c1100000, 0x00000000c1200000, 0x00000000c1200000|100%| O|  |TAMS 0x00000000c1200000, 0x00000000c1200000| Untracked 
|  18|0x00000000c1200000, 0x00000000c1300000, 0x00000000c1300000|100%| O|  |TAMS 0x00000000c1300000, 0x00000000c1300000| Untracked 
|  19|0x00000000c1300000, 0x00000000c1400000, 0x00000000c1400000|100%| O|  |TAMS 0x00000000c1400000, 0x00000000c1400000| Untracked 
|  20|0x00000000c1400000, 0x00000000c1500000, 0x00000000c1500000|100%| O|  |TAMS 0x00000000c1500000, 0x00000000c1500000| Untracked 
|  21|0x00000000c1500000, 0x00000000c1600000, 0x00000000c1600000|100%|HS|  |TAMS 0x00000000c1600000, 0x00000000c1600000| Complete 
|  22|0x00000000c1600000, 0x00000000c1700000, 0x00000000c1700000|100%| O|  |TAMS 0x00000000c1700000, 0x00000000c1700000| Untracked 
|  23|0x00000000c1700000, 0x00000000c1800000, 0x00000000c1800000|100%| O|  |TAMS 0x00000000c1800000, 0x00000000c1800000| Untracked 
|  24|0x00000000c1800000, 0x00000000c1900000, 0x00000000c1900000|100%| O|  |TAMS 0x00000000c1900000, 0x00000000c1900000| Untracked 
|  25|0x00000000c1900000, 0x00000000c1a00000, 0x00000000c1a00000|100%| O|  |TAMS 0x00000000c1a00000, 0x00000000c1a00000| Untracked 
|  26|0x00000000c1a00000, 0x00000000c1b00000, 0x00000000c1b00000|100%| O|  |TAMS 0x00000000c1b00000, 0x00000000c1b00000| Untracked 
|  27|0x00000000c1b00000, 0x00000000c1c00000, 0x00000000c1c00000|100%| O|  |TAMS 0x00000000c1c00000, 0x00000000c1c00000| Untracked 
|  28|0x00000000c1c00000, 0x00000000c1d00000, 0x00000000c1d00000|100%| O|  |TAMS 0x00000000c1d00000, 0x00000000c1d00000| Untracked 
|  29|0x00000000c1d00000, 0x00000000c1e00000, 0x00000000c1e00000|100%| O|  |TAMS 0x00000000c1e00000, 0x00000000c1e00000| Untracked 
|  30|0x00000000c1e00000, 0x00000000c1f00000, 0x00000000c1f00000|100%| O|  |TAMS 0x00000000c1f00000, 0x00000000c1f00000| Untracked 
|  31|0x00000000c1f00000, 0x00000000c2000000, 0x00000000c2000000|100%| O|  |TAMS 0x00000000c1fe2e00, 0x00000000c2000000| Untracked 
|  32|0x00000000c2000000, 0x00000000c2100000, 0x00000000c2100000|100%| O|  |TAMS 0x00000000c2000000, 0x00000000c2100000| Untracked 
|  33|0x00000000c2100000, 0x00000000c2200000, 0x00000000c2200000|100%| O|  |TAMS 0x00000000c2100000, 0x00000000c2200000| Untracked 
|  34|0x00000000c2200000, 0x00000000c2300000, 0x00000000c2300000|100%| O|  |TAMS 0x00000000c2200000, 0x00000000c2300000| Untracked 
|  35|0x00000000c2300000, 0x00000000c2400000, 0x00000000c2400000|100%| O|  |TAMS 0x00000000c2300000, 0x00000000c2344e00| Untracked 
|  36|0x00000000c2400000, 0x00000000c2500000, 0x00000000c2500000|100%| O|  |TAMS 0x00000000c2400000, 0x00000000c2400000| Untracked 
|  37|0x00000000c2500000, 0x00000000c2600000, 0x00000000c2600000|100%| O|  |TAMS 0x00000000c2500000, 0x00000000c2500000| Untracked 
|  38|0x00000000c2600000, 0x00000000c2675c00, 0x00000000c2700000| 45%| O|  |TAMS 0x00000000c2600000, 0x00000000c2600000| Untracked 
|  39|0x00000000c2700000, 0x00000000c2700000, 0x00000000c2800000|  0%| F|  |TAMS 0x00000000c2700000, 0x00000000c2700000| Untracked 
|  40|0x00000000c2800000, 0x00000000c2800000, 0x00000000c2900000|  0%| F|  |TAMS 0x00000000c2800000, 0x00000000c2800000| Untracked 
|  41|0x00000000c2900000, 0x00000000c2900000, 0x00000000c2a00000|  0%| F|  |TAMS 0x00000000c2900000, 0x00000000c2900000| Untracked 
|  42|0x00000000c2a00000, 0x00000000c2a00000, 0x00000000c2b00000|  0%| F|  |TAMS 0x00000000c2a00000, 0x00000000c2a00000| Untracked 
|  43|0x00000000c2b00000, 0x00000000c2b00000, 0x00000000c2c00000|  0%| F|  |TAMS 0x00000000c2b00000, 0x00000000c2b00000| Untracked 
|  44|0x00000000c2c00000, 0x00000000c2c00000, 0x00000000c2d00000|  0%| F|  |TAMS 0x00000000c2c00000, 0x00000000c2c00000| Untracked 
|  45|0x00000000c2d00000, 0x00000000c2d00000, 0x00000000c2e00000|  0%| F|  |TAMS 0x00000000c2d00000, 0x00000000c2d00000| Untracked 
|  46|0x00000000c2e00000, 0x00000000c2e00000, 0x00000000c2f00000|  0%| F|  |TAMS 0x00000000c2e00000, 0x00000000c2e00000| Untracked 
|  47|0x00000000c2f00000, 0x00000000c2f00000, 0x00000000c3000000|  0%| F|  |TAMS 0x00000000c2f00000, 0x00000000c2f00000| Untracked 
|  48|0x00000000c3000000, 0x00000000c3000000, 0x00000000c3100000|  0%| F|  |TAMS 0x00000000c3000000, 0x00000000c3000000| Untracked 
|  49|0x00000000c3100000, 0x00000000c3100000, 0x00000000c3200000|  0%| F|  |TAMS 0x00000000c3100000, 0x00000000c3100000| Untracked 
|  50|0x00000000c3200000, 0x00000000c32f6ec8, 0x00000000c3300000| 96%| S|CS|TAMS 0x00000000c3200000, 0x00000000c3200000| Complete 
|  51|0x00000000c3300000, 0x00000000c3400000, 0x00000000c3400000|100%| S|CS|TAMS 0x00000000c3300000, 0x00000000c3300000| Complete 
|  52|0x00000000c3400000, 0x00000000c3400000, 0x00000000c3500000|  0%| F|  |TAMS 0x00000000c3400000, 0x00000000c3400000| Untracked 
|  53|0x00000000c3500000, 0x00000000c3500000, 0x00000000c3600000|  0%| F|  |TAMS 0x00000000c3500000, 0x00000000c3500000| Untracked 
|  54|0x00000000c3600000, 0x00000000c3600000, 0x00000000c3700000|  0%| F|  |TAMS 0x00000000c3600000, 0x00000000c3600000| Untracked 
|  55|0x00000000c3700000, 0x00000000c3700000, 0x00000000c3800000|  0%| F|  |TAMS 0x00000000c3700000, 0x00000000c3700000| Untracked 
|  56|0x00000000c3800000, 0x00000000c3900000, 0x00000000c3900000|100%| S|CS|TAMS 0x00000000c3800000, 0x00000000c3800000| Complete 
|  57|0x00000000c3900000, 0x00000000c3900000, 0x00000000c3a00000|  0%| F|  |TAMS 0x00000000c3900000, 0x00000000c3900000| Untracked 
|  58|0x00000000c3a00000, 0x00000000c3a00000, 0x00000000c3b00000|  0%| F|  |TAMS 0x00000000c3a00000, 0x00000000c3a00000| Untracked 
|  59|0x00000000c3b00000, 0x00000000c3b00000, 0x00000000c3c00000|  0%| F|  |TAMS 0x00000000c3b00000, 0x00000000c3b00000| Untracked 
|  60|0x00000000c3c00000, 0x00000000c3c00000, 0x00000000c3d00000|  0%| F|  |TAMS 0x00000000c3c00000, 0x00000000c3c00000| Untracked 
|  61|0x00000000c3d00000, 0x00000000c3d00000, 0x00000000c3e00000|  0%| F|  |TAMS 0x00000000c3d00000, 0x00000000c3d00000| Untracked 
|  62|0x00000000c3e00000, 0x00000000c3e00000, 0x00000000c3f00000|  0%| F|  |TAMS 0x00000000c3e00000, 0x00000000c3e00000| Untracked 
|  63|0x00000000c3f00000, 0x00000000c3f00000, 0x00000000c4000000|  0%| F|  |TAMS 0x00000000c3f00000, 0x00000000c3f00000| Untracked 
|  64|0x00000000c4000000, 0x00000000c4000000, 0x00000000c4100000|  0%| F|  |TAMS 0x00000000c4000000, 0x00000000c4000000| Untracked 
|  65|0x00000000c4100000, 0x00000000c4100000, 0x00000000c4200000|  0%| F|  |TAMS 0x00000000c4100000, 0x00000000c4100000| Untracked 
|  66|0x00000000c4200000, 0x00000000c4200000, 0x00000000c4300000|  0%| F|  |TAMS 0x00000000c4200000, 0x00000000c4200000| Untracked 
|  67|0x00000000c4300000, 0x00000000c4300000, 0x00000000c4400000|  0%| F|  |TAMS 0x00000000c4300000, 0x00000000c4300000| Untracked 
|  68|0x00000000c4400000, 0x00000000c4400000, 0x00000000c4500000|  0%| F|  |TAMS 0x00000000c4400000, 0x00000000c4400000| Untracked 
|  69|0x00000000c4500000, 0x00000000c4500000, 0x00000000c4600000|  0%| F|  |TAMS 0x00000000c4500000, 0x00000000c4500000| Untracked 
|  70|0x00000000c4600000, 0x00000000c4600000, 0x00000000c4700000|  0%| F|  |TAMS 0x00000000c4600000, 0x00000000c4600000| Untracked 
|  71|0x00000000c4700000, 0x00000000c4700000, 0x00000000c4800000|  0%| F|  |TAMS 0x00000000c4700000, 0x00000000c4700000| Untracked 
|  72|0x00000000c4800000, 0x00000000c4800000, 0x00000000c4900000|  0%| F|  |TAMS 0x00000000c4800000, 0x00000000c4800000| Untracked 
|  73|0x00000000c4900000, 0x00000000c4900000, 0x00000000c4a00000|  0%| F|  |TAMS 0x00000000c4900000, 0x00000000c4900000| Untracked 
| 105|0x00000000c6900000, 0x00000000c6900000, 0x00000000c6a00000|  0%| F|  |TAMS 0x00000000c6900000, 0x00000000c6900000| Untracked 
| 106|0x00000000c6a00000, 0x00000000c6a00000, 0x00000000c6b00000|  0%| F|  |TAMS 0x00000000c6a00000, 0x00000000c6a00000| Untracked 
| 107|0x00000000c6b00000, 0x00000000c6b4f180, 0x00000000c6c00000| 30%| E|  |TAMS 0x00000000c6b00000, 0x00000000c6b00000| Complete 
| 108|0x00000000c6c00000, 0x00000000c6d00000, 0x00000000c6d00000|100%| E|CS|TAMS 0x00000000c6c00000, 0x00000000c6c00000| Complete 
| 109|0x00000000c6d00000, 0x00000000c6e00000, 0x00000000c6e00000|100%| E|CS|TAMS 0x00000000c6d00000, 0x00000000c6d00000| Complete 
| 123|0x00000000c7b00000, 0x00000000c7c00000, 0x00000000c7c00000|100%| E|CS|TAMS 0x00000000c7b00000, 0x00000000c7b00000| Complete 
|1022|0x00000000ffe00000, 0x00000000ffe77000, 0x00000000fff00000| 46%|OA|  |TAMS 0x00000000ffe77000, 0x00000000ffe77000| Untracked 
|1023|0x00000000fff00000, 0x00000000fff83000, 0x0000000100000000| 51%|CA|  |TAMS 0x00000000fff83000, 0x00000000fff83000| Untracked 

Card table byte_map: [0x00007fe05ce7f000,0x00007fe05d07f000] _byte_map_base: 0x00007fe05c87f000

Marking Bits (Prev, Next): (CMBitMap*) 0x00007fe0580577d0, (CMBitMap*) 0x00007fe058057810
 Prev Bits: [0x00007fe04c5a7000, 0x00007fe04d5a7000)
 Next Bits: [0x00007fe04b5a7000, 0x00007fe04c5a7000)

Polling page: 0x00007fe05f4c1000

Metaspace:

Usage:
  Non-class:     41.48 MB used.
      Class:      6.25 MB used.
       Both:     47.73 MB used.

Virtual space:
  Non-class space:       64.00 MB reserved,      41.75 MB ( 65%) committed,  1 nodes.
      Class space:        1.00 GB reserved,       6.50 MB ( <1%) committed,  1 nodes.
             Both:        1.06 GB reserved,      48.25 MB (  4%) committed. 

Chunk freelists:
   Non-Class:  5.92 MB
       Class:  9.36 MB
        Both:  15.28 MB

MaxMetaspaceSize: unlimited
CompressedClassSpaceSize: 1.00 GB
Initial GC threshold: 21.00 MB
Current GC threshold: 71.50 MB
CDS: on
MetaspaceReclaimPolicy: balanced
 - commit_granule_bytes: 65536.
 - commit_granule_words: 8192.
 - virtual_space_node_default_size: 8388608.
 - enlarge_chunks_in_place: 1.
 - new_chunks_are_fully_committed: 0.
 - uncommit_free_chunks: 1.
 - use_allocation_guard: 0.
 - handle_deallocations: 1.


Internal statistics:

num_allocs_failed_limit: 12.
num_arena_births: 618.
num_arena_deaths: 0.
num_vsnodes_births: 2.
num_vsnodes_deaths: 0.
num_space_committed: 772.
num_space_uncommitted: 0.
num_chunks_returned_to_freelist: 12.
num_chunks_taken_from_freelist: 2319.
num_chunk_merges: 6.
num_chunk_splits: 1627.
num_chunks_enlarged: 1229.
num_inconsistent_stats: 0.

CodeCache: size=49152Kb used=11491Kb max_used=11491Kb free=37660Kb
 bounds [0x00007fe04d5a7000, 0x00007fe04e0e7000, 0x00007fe0505a7000]
 total_blobs=6510 nmethods=5859 adapters=578
 compilation: enabled
              stopped_count=0, restarted_count=0
 full_count=0

Compilation events (20 events):
Event: 369.305 Thread 0x00007fe05810e210 nmethod 5855 0x00007fe04e0db610 code [0x00007fe04e0db800, 0x00007fe04e0dbe40]
Event: 369.305 Thread 0x00007fe05810e210 5856       1       java.util.AbstractList$RandomAccessSpliterator::tryAdvance (63 bytes)
Event: 369.306 Thread 0x00007fe05810e210 nmethod 5856 0x00007fe04e0dc190 code [0x00007fe04e0dc380, 0x00007fe04e0dc710]
Event: 369.306 Thread 0x00007fe05810e210 5857       1       java.util.ImmutableCollections$List12::indexOf (43 bytes)
Event: 369.306 Thread 0x00007fdfd4206c30 nmethod 5846 0x00007fe04e0dc910 code [0x00007fe04e0dcca0, 0x00007fe04e0dd830]
Event: 369.307 Thread 0x00007fdfd4206c30 5851       1       org.eclipse.jdt.core.dom.ASTVisitor::visit (2 bytes)
Event: 369.307 Thread 0x00007fdfd4206c30 nmethod 5851 0x00007fe04e0ddf90 code [0x00007fe04e0de120, 0x00007fe04e0de1f0]
Event: 369.307 Thread 0x00007fdfd4206c30 5853   !   1       java.util.stream.Streams$2::run (47 bytes)
Event: 369.307 Thread 0x00007fdfd4206c30 nmethod 5853 0x00007fe04e0de290 code [0x00007fe04e0de460, 0x00007fe04e0de6f0]
Event: 369.307 Thread 0x00007fdfd4206c30 5849       1       org.eclipse.jdt.core.dom.ASTVisitor::visit (2 bytes)
Event: 369.308 Thread 0x00007fdfd4206c30 nmethod 5849 0x00007fe04e0de990 code [0x00007fe04e0deb20, 0x00007fe04e0debf0]
Event: 369.308 Thread 0x00007fdfd4206c30 5847       1       org.eclipse.jdt.core.dom.ASTVisitor::visit (2 bytes)
Event: 369.308 Thread 0x00007fdfd4206c30 nmethod 5847 0x00007fe04e0dec90 code [0x00007fe04e0dee20, 0x00007fe04e0deef0]
Event: 369.308 Thread 0x00007fdfd4206c30 5858       1       org.eclipse.jdt.internal.compiler.classfmt.ClassFileStruct::i4At (69 bytes)
Event: 369.308 Thread 0x00007fdfd4206c30 nmethod 5858 0x00007fe04e0def90 code [0x00007fe04e0df120, 0x00007fe04e0df270]
Event: 369.308 Thread 0x00007fdfd4206c30 5854       1       org.eclipse.jdt.core.dom.ASTVisitor::visit (2 bytes)
Event: 369.308 Thread 0x00007fdfd4206c30 nmethod 5854 0x00007fe04e0df310 code [0x00007fe04e0df4a0, 0x00007fe04e0df570]
Event: 369.309 Thread 0x00007fe05810e210 nmethod 5857 0x00007fe04e0df610 code [0x00007fe04e0df7e0, 0x00007fe04e0dfa20]
Event: 369.311 Thread 0x00007fe05810e210 5859       1       org.eclipse.jdt.internal.compiler.classfmt.FieldInfoWithAnnotation::getAnnotations (5 bytes)
Event: 369.311 Thread 0x00007fe05810e210 nmethod 5859 0x00007fe04e0dfb10 code [0x00007fe04e0dfca0, 0x00007fe04e0dfd70]

GC Heap History (20 events):
Event: 25.071 GC heap before
{Heap before GC invocations=6 (full 0):
 garbage-first heap   total 65536K, used 43892K [0x00000000c0000000, 0x0000000100000000)
  region size 1024K, 31 young (31744K), 8 survivors (8192K)
 Metaspace       used 30871K, committed 31296K, reserved 1114112K
  class space    used 4320K, committed 4480K, reserved 1048576K
}
Event: 25.097 GC heap after
{Heap after GC invocations=7 (full 0):
 garbage-first heap   total 65536K, used 22583K [0x00000000c0000000, 0x0000000100000000)
  region size 1024K, 3 young (3072K), 3 survivors (3072K)
 Metaspace       used 30871K, committed 31296K, reserved 1114112K
  class space    used 4320K, committed 4480K, reserved 1048576K
}
Event: 27.053 GC heap before
{Heap before GC invocations=7 (full 0):
 garbage-first heap   total 65536K, used 44087K [0x00000000c0000000, 0x0000000100000000)
  region size 1024K, 25 young (25600K), 3 survivors (3072K)
 Metaspace       used 34661K, committed 35008K, reserved 1114112K
  class space    used 4768K, committed 4928K, reserved 1048576K
}
Event: 27.057 GC heap after
{Heap after GC invocations=8 (full 0):
 garbage-first heap   total 65536K, used 24917K [0x00000000c0000000, 0x0000000100000000)
  region size 1024K, 4 young (4096K), 4 survivors (4096K)
 Metaspace       used 34661K, committed 35008K, reserved 1114112K
  class space    used 4768K, committed 4928K, reserved 1048576K
}
Event: 27.167 GC heap before
{Heap before GC invocations=8 (full 0):
 garbage-first heap   total 65536K, used 26965K [0x00000000c0000000, 0x0000000100000000)
  region size 1024K, 7 young (7168K), 4 survivors (4096K)
 Metaspace       used 35575K, committed 35968K, reserved 1114112K
  class space    used 4870K, committed 5056K, reserved 1048576K
}
Event: 27.171 GC heap after
{Heap after GC invocations=9 (full 0):
 garbage-first heap   total 65536K, used 25724K [0x00000000c0000000, 0x0000000100000000)
  region size 1024K, 1 young (1024K), 1 survivors (1024K)
 Metaspace       used 35575K, committed 35968K, reserved 1114112K
  class space    used 4870K, committed 5056K, reserved 1048576K
}
Event: 27.591 GC heap before
{Heap before GC invocations=10 (full 0):
 garbage-first heap   total 65536K, used 46204K [0x00000000c0000000, 0x0000000100000000)
  region size 1024K, 21 young (21504K), 1 survivors (1024K)
 Metaspace       used 39042K, committed 39488K, reserved 1114112K
  class space    used 5256K, committed 5440K, reserved 1048576K
}
Event: 27.595 GC heap after
{Heap after GC invocations=11 (full 0):
 garbage-first heap   total 65536K, used 33414K [0x00000000c0000000, 0x0000000100000000)
  region size 1024K, 3 young (3072K), 3 survivors (3072K)
 Metaspace       used 39042K, committed 39488K, reserved 1114112K
  class space    used 5256K, committed 5440K, reserved 1048576K
}
Event: 27.911 GC heap before
{Heap before GC invocations=12 (full 0):
 garbage-first heap   total 65536K, used 45702K [0x00000000c0000000, 0x0000000100000000)
  region size 1024K, 16 young (16384K), 3 survivors (3072K)
 Metaspace       used 42368K, committed 42880K, reserved 1114112K
  class space    used 5586K, committed 5824K, reserved 1048576K
}
Event: 27.914 GC heap after
{Heap after GC invocations=13 (full 0):
 garbage-first heap   total 65536K, used 34592K [0x00000000c0000000, 0x0000000100000000)
  region size 1024K, 1 young (1024K), 1 survivors (1024K)
 Metaspace       used 42368K, committed 42880K, reserved 1114112K
  class space    used 5586K, committed 5824K, reserved 1048576K
}
Event: 28.118 GC heap before
{Heap before GC invocations=13 (full 0):
 garbage-first heap   total 65536K, used 46880K [0x00000000c0000000, 0x0000000100000000)
  region size 1024K, 14 young (14336K), 1 survivors (1024K)
 Metaspace       used 43375K, committed 43840K, reserved 1114112K
  class space    used 5712K, committed 5952K, reserved 1048576K
}
Event: 28.121 GC heap after
{Heap after GC invocations=14 (full 0):
 garbage-first heap   total 78848K, used 35151K [0x00000000c0000000, 0x0000000100000000)
  region size 1024K, 2 young (2048K), 2 survivors (2048K)
 Metaspace       used 43375K, committed 43840K, reserved 1114112K
  class space    used 5712K, committed 5952K, reserved 1048576K
}
Event: 28.387 GC heap before
{Heap before GC invocations=15 (full 0):
 garbage-first heap   total 83968K, used 56655K [0x00000000c0000000, 0x0000000100000000)
  region size 1024K, 24 young (24576K), 2 survivors (2048K)
 Metaspace       used 44354K, committed 44864K, reserved 1114112K
  class space    used 5836K, committed 6080K, reserved 1048576K
}
Event: 28.409 GC heap after
{Heap after GC invocations=16 (full 0):
 garbage-first heap   total 83968K, used 37201K [0x00000000c0000000, 0x0000000100000000)
  region size 1024K, 3 young (3072K), 3 survivors (3072K)
 Metaspace       used 44354K, committed 44864K, reserved 1114112K
  class space    used 5836K, committed 6080K, reserved 1048576K
}
Event: 29.703 GC heap before
{Heap before GC invocations=16 (full 0):
 garbage-first heap   total 83968K, used 61777K [0x00000000c0000000, 0x0000000100000000)
  region size 1024K, 28 young (28672K), 3 survivors (3072K)
 Metaspace       used 47665K, committed 48128K, reserved 1114112K
  class space    used 6200K, committed 6400K, reserved 1048576K
}
Event: 29.707 GC heap after
{Heap after GC invocations=17 (full 0):
 garbage-first heap   total 83968K, used 38544K [0x00000000c0000000, 0x0000000100000000)
  region size 1024K, 4 young (4096K), 4 survivors (4096K)
 Metaspace       used 47665K, committed 48128K, reserved 1114112K
  class space    used 6200K, committed 6400K, reserved 1048576K
}
Event: 368.760 GC heap before
{Heap before GC invocations=17 (full 0):
 garbage-first heap   total 83968K, used 63120K [0x00000000c0000000, 0x0000000100000000)
  region size 1024K, 28 young (28672K), 4 survivors (4096K)
 Metaspace       used 48765K, committed 49216K, reserved 1114112K
  class space    used 6374K, committed 6592K, reserved 1048576K
}
Event: 368.779 GC heap after
{Heap after GC invocations=18 (full 0):
 garbage-first heap   total 83968K, used 40583K [0x00000000c0000000, 0x0000000100000000)
  region size 1024K, 4 young (4096K), 4 survivors (4096K)
 Metaspace       used 48765K, committed 49216K, reserved 1114112K
  class space    used 6374K, committed 6592K, reserved 1048576K
}
Event: 369.260 GC heap before
{Heap before GC invocations=18 (full 0):
 garbage-first heap   total 83968K, used 64135K [0x00000000c0000000, 0x0000000100000000)
  region size 1024K, 27 young (27648K), 4 survivors (4096K)
 Metaspace       used 48845K, committed 49280K, reserved 1114112K
  class space    used 6385K, committed 6592K, reserved 1048576K
}
Event: 369.267 GC heap after
{Heap after GC invocations=19 (full 0):
 garbage-first heap   total 83968K, used 43357K [0x00000000c0000000, 0x0000000100000000)
  region size 1024K, 3 young (3072K), 3 survivors (3072K)
 Metaspace       used 48845K, committed 49280K, reserved 1114112K
  class space    used 6385K, committed 6592K, reserved 1048576K
}

Dll operation events (10 events):
Event: 0.006 Loaded shared library /usr/lib/jvm/java-17-openjdk-amd64/lib/libjava.so
Event: 0.108 Loaded shared library /usr/lib/jvm/java-17-openjdk-amd64/lib/libjsvml.so
Event: 0.493 Loaded shared library /usr/lib/jvm/java-17-openjdk-amd64/lib/libnio.so
Event: 0.575 Loaded shared library /usr/lib/jvm/java-17-openjdk-amd64/lib/libzip.so
Event: 9.681 Loaded shared library /usr/lib/jvm/java-17-openjdk-amd64/lib/libjimage.so
Event: 13.312 Loaded shared library /usr/lib/jvm/java-17-openjdk-amd64/lib/libnet.so
Event: 22.351 Loaded shared library /usr/lib/jvm/java-17-openjdk-amd64/lib/libverify.so
Event: 24.390 Loaded shared library /usr/lib/jvm/java-17-openjdk-amd64/lib/libmanagement.so
Event: 24.422 Loaded shared library /usr/lib/jvm/java-17-openjdk-amd64/lib/libmanagement_ext.so
Event: 27.337 Loaded shared library /usr/lib/jvm/java-17-openjdk-amd64/lib/libextnet.so

Deoptimization events (20 events):
Event: 24.920 Thread 0x00007fdf88023e60 DEOPT PACKING pc=0x00007fe04db500f9 sp=0x00007fdfee6ef640
Event: 24.920 Thread 0x00007fdf88023e60 DEOPT UNPACKING pc=0x00007fe04d5fde2f sp=0x00007fdfee6eeaf0 mode 3
Event: 24.999 Thread 0x00007fdf8c03ada0 DEOPT PACKING pc=0x00007fe04db2dc8e sp=0x00007fdfee5f0640
Event: 24.999 Thread 0x00007fdf8c03ada0 DEOPT UNPACKING pc=0x00007fe04d5fde2f sp=0x00007fdfee5efab8 mode 3
Event: 26.994 Thread 0x00007fdf4c003b10 DEOPT PACKING pc=0x00007fe04d786314 sp=0x00007fdfed5efee0
Event: 26.994 Thread 0x00007fdf4c0048a0 DEOPT PACKING pc=0x00007fe04d786314 sp=0x00007fe048385ee0
Event: 26.995 Thread 0x00007fdf4c003b10 DEOPT UNPACKING pc=0x00007fe04d5fde2f sp=0x00007fdfed5ef3c8 mode 0
Event: 26.995 Thread 0x00007fdf4c0048a0 DEOPT UNPACKING pc=0x00007fe04d5fde2f sp=0x00007fe0483853c8 mode 0
Event: 28.367 Thread 0x00007fdf50007750 DEOPT PACKING pc=0x00007fe04e0019b5 sp=0x00007fdfed8ee9b0
Event: 28.367 Thread 0x00007fdf50007750 DEOPT UNPACKING pc=0x00007fe04d5fde2f sp=0x00007fdfed8edec8 mode 3
Event: 232.978 Thread 0x00007fdf88023e60 DEOPT PACKING pc=0x00007fe04dc1d954 sp=0x00007fdfee6f05c0
Event: 232.978 Thread 0x00007fdf88023e60 DEOPT UNPACKING pc=0x00007fe04d5fde2f sp=0x00007fdfee6efa88 mode 0
Event: 232.978 Thread 0x00007fdf88023e60 DEOPT PACKING pc=0x00007fe04d9930e4 sp=0x00007fdfee6f06a0
Event: 232.978 Thread 0x00007fdf88023e60 DEOPT UNPACKING pc=0x00007fe04d5fde2f sp=0x00007fdfee6efba8 mode 0
Event: 314.048 Thread 0x00007fdf4008c970 DEOPT PACKING pc=0x00007fe04ddc02a6 sp=0x00007fe048385500
Event: 314.048 Thread 0x00007fdf4008c970 DEOPT UNPACKING pc=0x00007fe04d5fde2f sp=0x00007fe048384a10 mode 3
Event: 368.789 Thread 0x00007fdf4008c970 DEOPT PACKING pc=0x00007fe04e02146a sp=0x00007fe048383b00
Event: 368.789 Thread 0x00007fdf4008c970 DEOPT UNPACKING pc=0x00007fe04d5fde2f sp=0x00007fe048382fd8 mode 3
Event: 368.789 Thread 0x00007fdf4008c970 DEOPT PACKING pc=0x00007fe04e023c1c sp=0x00007fe0483839b0
Event: 368.789 Thread 0x00007fdf4008c970 DEOPT UNPACKING pc=0x00007fe04d5fde2f sp=0x00007fe048382f10 mode 3

Classes unloaded (20 events):
Event: 369.319 Thread 0x00007fe0580ffb70 Unloading class 0x00007fdff42dd400 'java/lang/invoke/LambdaForm$MH+0x00007fdff42dd400'
Event: 369.319 Thread 0x00007fe0580ffb70 Unloading class 0x00007fdff42dc000 'java/lang/invoke/LambdaForm$DMH+0x00007fdff42dc000'
Event: 369.319 Thread 0x00007fe0580ffb70 Unloading class 0x00007fdff4210400 'java/lang/invoke/LambdaForm$DMH+0x00007fdff4210400'
Event: 369.319 Thread 0x00007fe0580ffb70 Unloading class 0x00007fdff4186800 'java/lang/invoke/LambdaForm$MH+0x00007fdff4186800'
Event: 369.319 Thread 0x00007fe0580ffb70 Unloading class 0x00007fdff4185c00 'java/lang/invoke/LambdaForm$MH+0x00007fdff4185c00'
Event: 369.319 Thread 0x00007fe0580ffb70 Unloading class 0x00007fdff4138000 'java/lang/invoke/LambdaForm$DMH+0x00007fdff4138000'
Event: 369.319 Thread 0x00007fe0580ffb70 Unloading class 0x00007fdff401a000 'java/lang/invoke/LambdaForm$MH+0x00007fdff401a000'
Event: 369.319 Thread 0x00007fe0580ffb70 Unloading class 0x00007fdff4019c00 'java/lang/invoke/LambdaForm$MH+0x00007fdff4019c00'
Event: 369.319 Thread 0x00007fe0580ffb70 Unloading class 0x00007fdff4019800 'java/lang/invoke/LambdaForm$MH+0x00007fdff4019800'
Event: 369.319 Thread 0x00007fe0580ffb70 Unloading class 0x00007fdff4019400 'java/lang/invoke/LambdaForm$MH+0x00007fdff4019400'
Event: 369.319 Thread 0x00007fe0580ffb70 Unloading class 0x00007fdff4019000 'java/lang/invoke/LambdaForm$MH+0x00007fdff4019000'
Event: 369.319 Thread 0x00007fe0580ffb70 Unloading class 0x00007fdff4018c00 'java/lang/invoke/LambdaForm$MH+0x00007fdff4018c00'
Event: 369.319 Thread 0x00007fe0580ffb70 Unloading class 0x00007fdff4018800 'java/lang/invoke/LambdaForm$MH+0x00007fdff4018800'
Event: 369.319 Thread 0x00007fe0580ffb70 Unloading class 0x00007fdff4018400 'java/lang/invoke/LambdaForm$MH+0x00007fdff4018400'
Event: 369.319 Thread 0x00007fe0580ffb70 Unloading class 0x00007fdff4011800 'java/lang/invoke/LambdaForm$MH+0x00007fdff4011800'
Event: 369.319 Thread 0x00007fe0580ffb70 Unloading class 0x00007fdff4011400 'java/lang/invoke/LambdaForm$MH+0x00007fdff4011400'
Event: 369.319 Thread 0x00007fe0580ffb70 Unloading class 0x00007fdff4011000 'java/lang/invoke/LambdaForm$MH+0x00007fdff4011000'
Event: 369.319 Thread 0x00007fe0580ffb70 Unloading class 0x00007fdff4010c00 'java/lang/invoke/LambdaForm$MH+0x00007fdff4010c00'
Event: 369.319 Thread 0x00007fe0580ffb70 Unloading class 0x00007fdff4010800 'java/lang/invoke/LambdaForm$MH+0x00007fdff4010800'
Event: 369.319 Thread 0x00007fe0580ffb70 Unloading class 0x00007fdff4010400 'java/lang/invoke/LambdaForm$MH+0x00007fdff4010400'

Classes redefined (0 events):
No events

Internal exceptions (20 events):
Event: 25.044 Thread 0x00007fdf88023e60 Exception <a 'java/lang/NoSuchMethodError'{0x00000000c28f2df8}: 'int java.lang.invoke.DirectMethodHandle$Holder.invokeStatic(java.lang.Object)'> (0x00000000c28f2df8) 
thrown [./src/hotspot/share/interpreter/linkResolver.cpp, line 758]
Event: 25.044 Thread 0x00007fdf88023e60 Exception <a 'java/lang/NoSuchMethodError'{0x00000000c28f64a0}: 'int java.lang.invoke.DirectMethodHandle$Holder.invokeStaticInit(java.lang.Object)'> (0x00000000c28f64a0) 
thrown [./src/hotspot/share/interpreter/linkResolver.cpp, line 758]
Event: 25.111 Thread 0x00007fdf8c03ada0 Exception <a 'java/lang/NoSuchMethodError'{0x00000000c7b29350}: 'java.lang.Object java.lang.invoke.DirectMethodHandle$Holder.newInvokeSpecial(java.lang.Object, java.lang.Object, int)'> (0x00000000c7b29350) 
thrown [./src/hotspot/share/interpreter/linkResolver.cpp, line 758]
Event: 25.686 Thread 0x00007fdf58001800 Exception <a 'java/lang/NoSuchMethodError'{0x00000000c349ca60}: 'java.lang.Object java.lang.invoke.DirectMethodHandle$Holder.newInvokeSpecial(java.lang.Object, java.lang.Object, java.lang.Object, java.lang.Object, java.lang.Object, long)'> (0x00000000c349ca60) 
thrown [./src/hotspot/share/interpreter/linkResolver.cpp, line 758]
Event: 25.688 Thread 0x00007fdf58001800 Exception <a 'java/lang/NoSuchMethodError'{0x00000000c34a1198}: 'java.lang.Object java.lang.invoke.DirectMethodHandle$Holder.invokeSpecial(java.lang.Object, java.lang.Object, java.lang.Object, java.lang.Object, java.lang.Object, java.lang.Object, long)'> (0x00000000c34a1198) 
thrown [./src/hotspot/share/interpreter/linkResolver.cpp, line 758]
Event: 26.329 Thread 0x00007fdf4c003b10 Exception <a 'java/lang/NoSuchMethodError'{0x00000000c3294608}: 'void java.lang.invoke.DirectMethodHandle$Holder.invokeVirtual(java.lang.Object, java.lang.Object, java.lang.Object, java.lang.Object)'> (0x00000000c3294608) 
thrown [./src/hotspot/share/interpreter/linkResolver.cpp, line 758]
Event: 27.406 Thread 0x00007fdf50007750 Exception <a 'java/lang/NoSuchMethodError'{0x00000000c35f2e98}: 'java.lang.Object java.lang.invoke.Invokers$Holder.invoke_MT(java.lang.Object, java.lang.Object, java.lang.Object)'> (0x00000000c35f2e98) 
thrown [./src/hotspot/share/interpreter/linkResolver.cpp, line 758]
Event: 28.105 Thread 0x00007fdf8c09cb10 Exception <a 'java/lang/IncompatibleClassChangeError'{0x00000000c6aceab0}: Found class java.lang.Object, but interface was expected> (0x00000000c6aceab0) 
thrown [./src/hotspot/share/interpreter/linkResolver.cpp, line 826]
Event: 28.105 Thread 0x00007fdf50007750 Exception <a 'java/lang/IncompatibleClassChangeError'{0x00000000c6a89f40}: Found class java.lang.Object, but interface was expected> (0x00000000c6a89f40) 
thrown [./src/hotspot/share/interpreter/linkResolver.cpp, line 826]
Event: 28.208 Thread 0x00007fdf50007750 Exception <a 'java/lang/NoSuchMethodError'{0x00000000c48e7918}: 'int java.lang.invoke.DirectMethodHandle$Holder.invokeSpecialIFC(java.lang.Object, java.lang.Object, java.lang.Object)'> (0x00000000c48e7918) 
thrown [./src/hotspot/share/interpreter/linkResolver.cpp, line 758]
Event: 28.208 Thread 0x00007fdf8c09cb10 Exception <a 'java/lang/NoSuchMethodError'{0x00000000c481a610}: 'int java.lang.invoke.DirectMethodHandle$Holder.invokeSpecialIFC(java.lang.Object, java.lang.Object, java.lang.Object)'> (0x00000000c481a610) 
thrown [./src/hotspot/share/interpreter/linkResolver.cpp, line 758]
Event: 28.367 Thread 0x00007fdf50007750 Implicit null exception at 0x00007fe04e00178c to 0x00007fe04e0019b0
Event: 28.451 Thread 0x00007fdf8c09cb10 Exception <a 'java/lang/NoSuchMethodError'{0x00000000c6c5bb18}: 'int java.lang.invoke.DirectMethodHandle$Holder.invokeStatic(java.lang.Object, int, java.lang.Object)'> (0x00000000c6c5bb18) 
thrown [./src/hotspot/share/interpreter/linkResolver.cpp, line 758]
Event: 28.451 Thread 0x00007fdf50007750 Exception <a 'java/lang/NoSuchMethodError'{0x00000000c6cbc798}: 'int java.lang.invoke.DirectMethodHandle$Holder.invokeStatic(java.lang.Object, int, java.lang.Object)'> (0x00000000c6cbc798) 
thrown [./src/hotspot/share/interpreter/linkResolver.cpp, line 758]
Event: 64.351 Thread 0x00007fe058f7b510 Exception <a 'java/lang/NoSuchMethodError'{0x00000000c4617c50}: 'java.lang.Object java.lang.invoke.DirectMethodHandle$Holder.newInvokeSpecial(java.lang.Object, java.lang.Object, java.lang.Object, int)'> (0x00000000c4617c50) 
thrown [./src/hotspot/share/interpreter/linkResolver.cpp, line 758]
Event: 64.352 Thread 0x00007fe058f7b510 Exception <a 'java/lang/NoSuchMethodError'{0x00000000c461bf38}: 'java.lang.Object java.lang.invoke.DirectMethodHandle$Holder.invokeSpecial(java.lang.Object, java.lang.Object, java.lang.Object, java.lang.Object, int)'> (0x00000000c461bf38) 
thrown [./src/hotspot/share/interpreter/linkResolver.cpp, line 758]
Event: 64.352 Thread 0x00007fe058f7b510 Exception <a 'java/lang/NoSuchMethodError'{0x00000000c463cc38}: 'java.lang.Object java.lang.invoke.Invokers$Holder.linkToTargetMethod(java.lang.Object, java.lang.Object, int, java.lang.Object)'> (0x00000000c463cc38) 
thrown [./src/hotspot/share/interpreter/linkResolver.cpp, line 758]
Event: 314.048 Thread 0x00007fdf4008c970 Implicit null exception at 0x00007fe04ddbfcbb to 0x00007fe04ddc02a1
Event: 368.789 Thread 0x00007fdf4008c970 Implicit null exception at 0x00007fe04e020e26 to 0x00007fe04e021465
Event: 368.789 Thread 0x00007fdf4008c970 Implicit null exception at 0x00007fe04e02365c to 0x00007fe04e023c17

VM Operations (20 events):
Event: 180.281 Executing VM operation: HandshakeAllThreads done
Event: 233.289 Executing VM operation: Cleanup
Event: 233.290 Executing VM operation: Cleanup done
Event: 240.319 Executing VM operation: HandshakeAllThreads
Event: 240.319 Executing VM operation: HandshakeAllThreads done
Event: 300.360 Executing VM operation: HandshakeAllThreads
Event: 300.361 Executing VM operation: HandshakeAllThreads done
Event: 314.363 Executing VM operation: Cleanup
Event: 314.363 Executing VM operation: Cleanup done
Event: 315.363 Executing VM operation: Cleanup
Event: 315.363 Executing VM operation: Cleanup done
Event: 320.364 Executing VM operation: Cleanup
Event: 320.364 Executing VM operation: Cleanup done
Event: 360.407 Executing VM operation: HandshakeAllThreads
Event: 360.407 Executing VM operation: HandshakeAllThreads done
Event: 368.759 Executing VM operation: G1CollectForAllocation
Event: 368.779 Executing VM operation: G1CollectForAllocation done
Event: 369.259 Executing VM operation: G1CollectForAllocation
Event: 369.268 Executing VM operation: G1CollectForAllocation done
Event: 369.312 Executing VM operation: G1PauseRemark

Events (20 events):
Event: 293.015 Thread 0x00007fdf4c0048a0 Thread exited: 0x00007fdf4c0048a0
Event: 296.963 Thread 0x00007fdf8c09eec0 Thread exited: 0x00007fdf8c09eec0
Event: 314.039 Thread 0x00007fdf8c040550 Thread added: 0x00007fdf8c040550
Event: 314.039 Protecting memory [0x00007fdfed4f2000,0x00007fdfed4f6000] with protection modes 0
Event: 314.042 Thread 0x00007fdf4008c970 Thread added: 0x00007fdf4008c970
Event: 314.042 Protecting memory [0x00007fe048288000,0x00007fe04828c000] with protection modes 0
Event: 319.997 Thread 0x00007fdf8c09cb10 Thread added: 0x00007fdf8c09cb10
Event: 319.997 Protecting memory [0x00007fdfed7f2000,0x00007fdfed7f6000] with protection modes 0
Event: 319.998 Thread 0x00007fdf8c09eec0 Thread added: 0x00007fdf8c09eec0
Event: 319.998 Protecting memory [0x00007fdfed1f2000,0x00007fdfed1f6000] with protection modes 0
Event: 368.709 Thread 0x00007fdf8c042500 Thread added: 0x00007fdf8c042500
Event: 368.709 Protecting memory [0x00007fdfedbf2000,0x00007fdfedbf6000] with protection modes 0
Event: 368.712 Thread 0x00007fdfbc137650 Thread added: 0x00007fdfbc137650
Event: 368.712 loading class java/util/concurrent/CompletableFuture$UniRelay
Event: 368.712 Protecting memory [0x00007fdfed8f2000,0x00007fdfed8f6000] with protection modes 0
Event: 368.712 loading class java/util/concurrent/CompletableFuture$UniRelay done
Event: 368.739 Thread 0x00007fdfd4206c30 Thread added: 0x00007fdfd4206c30
Event: 368.739 Protecting memory [0x00007fdfee1f2000,0x00007fdfee1f6000] with protection modes 0
Event: 369.190 Thread 0x00007fdf8c0a19a0 Thread added: 0x00007fdf8c0a19a0
Event: 369.190 Protecting memory [0x00007fdfee2f2000,0x00007fdfee2f6000] with protection modes 0


Dynamic libraries:
c0000000-c4a00000 rw-p 00000000 00:00 0 
c4a00000-c6900000 ---p 00000000 00:00 0 
c6900000-c6e00000 rw-p 00000000 00:00 0 
c6e00000-c7b00000 ---p 00000000 00:00 0 
c7b00000-c7c00000 rw-p 00000000 00:00 0 
c7c00000-ffe00000 ---p 00000000 00:00 0 
ffe00000-ffe77000 rw-p 00ca7000 08:20 18770                              /usr/lib/jvm/java-17-openjdk-amd64/lib/server/classes.jsa
ffe77000-fff00000 rw-p 00000000 00:00 0 
fff00000-fff83000 rw-p 00c24000 08:20 18770                              /usr/lib/jvm/java-17-openjdk-amd64/lib/server/classes.jsa
fff83000-100000000 rw-p 00000000 00:00 0 
558d86872000-558d86873000 r--p 00000000 08:20 18699                      /usr/lib/jvm/java-17-openjdk-amd64/bin/java
558d86873000-558d86874000 r-xp 00001000 08:20 18699                      /usr/lib/jvm/java-17-openjdk-amd64/bin/java
558d86874000-558d86875000 r--p 00002000 08:20 18699                      /usr/lib/jvm/java-17-openjdk-amd64/bin/java
558d86875000-558d86876000 r--p 00002000 08:20 18699                      /usr/lib/jvm/java-17-openjdk-amd64/bin/java
558d86876000-558d86877000 rw-p 00003000 08:20 18699                      /usr/lib/jvm/java-17-openjdk-amd64/bin/java
558d869c3000-558d86a0a000 rw-p 00000000 00:00 0                          [heap]
7fdf24000000-7fdf24021000 rw-p 00000000 00:00 0 
7fdf24021000-7fdf28000000 ---p 00000000 00:00 0 
7fdf2c000000-7fdf2c05d000 rw-p 00000000 00:00 0 
7fdf2c05d000-7fdf30000000 ---p 00000000 00:00 0 
7fdf30000000-7fdf30021000 rw-p 00000000 00:00 0 
7fdf30021000-7fdf34000000 ---p 00000000 00:00 0 
7fdf34000000-7fdf34098000 rw-p 00000000 00:00 0 
7fdf34098000-7fdf38000000 ---p 00000000 00:00 0 
7fdf385a7000-7fdf40000000 r--s 00000000 08:20 18769                      /usr/lib/jvm/java-17-openjdk-amd64/lib/modules
7fdf40000000-7fdf400b8000 rw-p 00000000 00:00 0 
7fdf400b8000-7fdf44000000 ---p 00000000 00:00 0 
7fdf44000000-7fdf44348000 rw-p 00000000 00:00 0 
7fdf44348000-7fdf48000000 ---p 00000000 00:00 0 
7fdf48000000-7fdf4802d000 rw-p 00000000 00:00 0 
7fdf4802d000-7fdf4c000000 ---p 00000000 00:00 0 
7fdf4c000000-7fdf4c048000 rw-p 00000000 00:00 0 
7fdf4c048000-7fdf50000000 ---p 00000000 00:00 0 
7fdf50000000-7fdf50074000 rw-p 00000000 00:00 0 
7fdf50074000-7fdf54000000 ---p 00000000 00:00 0 
7fdf54000000-7fdf5416f000 rw-p 00000000 00:00 0 
7fdf5416f000-7fdf58000000 ---p 00000000 00:00 0 
7fdf58000000-7fdf58021000 rw-p 00000000 00:00 0 
7fdf58021000-7fdf5c000000 ---p 00000000 00:00 0 
7fdf5c000000-7fdf5c021000 rw-p 00000000 00:00 0 
7fdf5c021000-7fdf60000000 ---p 00000000 00:00 0 
7fdf60000000-7fdf60021000 rw-p 00000000 00:00 0 
7fdf60021000-7fdf64000000 ---p 00000000 00:00 0 
7fdf64000000-7fdf642fe000 rw-p 00000000 00:00 0 
7fdf642fe000-7fdf68000000 ---p 00000000 00:00 0 
7fdf68000000-7fdf6803b000 rw-p 00000000 00:00 0 
7fdf6803b000-7fdf6c000000 ---p 00000000 00:00 0 
7fdf6c000000-7fdf6c021000 rw-p 00000000 00:00 0 
7fdf6c021000-7fdf70000000 ---p 00000000 00:00 0 
7fdf70000000-7fdf70021000 rw-p 00000000 00:00 0 
7fdf70021000-7fdf74000000 ---p 00000000 00:00 0 
7fdf74000000-7fdf74021000 rw-p 00000000 00:00 0 
7fdf74021000-7fdf78000000 ---p 00000000 00:00 0 
7fdf78000000-7fdf78021000 rw-p 00000000 00:00 0 
7fdf78021000-7fdf7c000000 ---p 00000000 00:00 0 
7fdf7c000000-7fdf7c0d2000 rw-p 00000000 00:00 0 
7fdf7c0d2000-7fdf80000000 ---p 00000000 00:00 0 
7fdf80000000-7fdf80027000 rw-p 00000000 00:00 0 
7fdf80027000-7fdf84000000 ---p 00000000 00:00 0 
7fdf84000000-7fdf84021000 rw-p 00000000 00:00 0 
7fdf84021000-7fdf88000000 ---p 00000000 00:00 0 
7fdf88000000-7fdf8802a000 rw-p 00000000 00:00 0 
7fdf8802a000-7fdf8c000000 ---p 00000000 00:00 0 
7fdf8c000000-7fdf8c0a8000 rw-p 00000000 00:00 0 
7fdf8c0a8000-7fdf90000000 ---p 00000000 00:00 0 
7fdf90000000-7fdf90021000 rw-p 00000000 00:00 0 
7fdf90021000-7fdf94000000 ---p 00000000 00:00 0 
7fdf94000000-7fdf94021000 rw-p 00000000 00:00 0 
7fdf94021000-7fdf98000000 ---p 00000000 00:00 0 
7fdf98000000-7fdf98021000 rw-p 00000000 00:00 0 
7fdf98021000-7fdf9c000000 ---p 00000000 00:00 0 
7fdf9c000000-7fdf9c032000 rw-p 00000000 00:00 0 
7fdf9c032000-7fdfa0000000 ---p 00000000 00:00 0 
7fdfa0000000-7fdfa01d8000 rw-p 00000000 00:00 0 
7fdfa01d8000-7fdfa4000000 ---p 00000000 00:00 0 
7fdfa4000000-7fdfa4021000 rw-p 00000000 00:00 0 
7fdfa4021000-7fdfa8000000 ---p 00000000 00:00 0 
7fdfa8000000-7fdfa8021000 rw-p 00000000 00:00 0 
7fdfa8021000-7fdfac000000 ---p 00000000 00:00 0 
7fdfac000000-7fdfac021000 rw-p 00000000 00:00 0 
7fdfac021000-7fdfb0000000 ---p 00000000 00:00 0 
7fdfb0000000-7fdfb0021000 rw-p 00000000 00:00 0 
7fdfb0021000-7fdfb4000000 ---p 00000000 00:00 0 
7fdfb4000000-7fdfb4021000 rw-p 00000000 00:00 0 
7fdfb4021000-7fdfb8000000 ---p 00000000 00:00 0 
7fdfb8000000-7fdfb81cb000 rw-p 00000000 00:00 0 
7fdfb81cb000-7fdfbc000000 ---p 00000000 00:00 0 
7fdfbc000000-7fdfbc1a7000 rw-p 00000000 00:00 0 
7fdfbc1a7000-7fdfc0000000 ---p 00000000 00:00 0 
7fdfc0000000-7fdfc0021000 rw-p 00000000 00:00 0 
7fdfc0021000-7fdfc4000000 ---p 00000000 00:00 0 
7fdfc4000000-7fdfc4021000 rw-p 00000000 00:00 0 
7fdfc4021000-7fdfc8000000 ---p 00000000 00:00 0 
7fdfc8000000-7fdfc8021000 rw-p 00000000 00:00 0 
7fdfc8021000-7fdfcc000000 ---p 00000000 00:00 0 
7fdfcc000000-7fdfcc021000 rw-p 00000000 00:00 0 
7fdfcc021000-7fdfd0000000 ---p 00000000 00:00 0 
7fdfd0000000-7fdfd0021000 rw-p 00000000 00:00 0 
7fdfd0021000-7fdfd4000000 ---p 00000000 00:00 0 
7fdfd4000000-7fdfd43d3000 rw-p 00000000 00:00 0 
7fdfd43d3000-7fdfd8000000 ---p 00000000 00:00 0 
7fdfd8000000-7fdfd8021000 rw-p 00000000 00:00 0 
7fdfd8021000-7fdfdc000000 ---p 00000000 00:00 0 
7fdfdc000000-7fdfdc021000 rw-p 00000000 00:00 0 
7fdfdc021000-7fdfe0000000 ---p 00000000 00:00 0 
7fdfe0000000-7fdfe0021000 rw-p 00000000 00:00 0 
7fdfe0021000-7fdfe4000000 ---p 00000000 00:00 0 
7fdfe4000000-7fdfe4021000 rw-p 00000000 00:00 0 
7fdfe4021000-7fdfe8000000 ---p 00000000 00:00 0 
7fdfe8000000-7fdfe8021000 rw-p 00000000 00:00 0 
7fdfe8021000-7fdfec000000 ---p 00000000 00:00 0 
7fdfecc0c000-7fdfecff2000 rw-p 00000000 00:00 0 
7fdfecff2000-7fdfecff6000 ---p 00000000 00:00 0 
7fdfecff6000-7fdfed0f2000 rw-p 00000000 00:00 0 
7fdfed0f2000-7fdfed0f6000 ---p 00000000 00:00 0 
7fdfed0f6000-7fdfed1f2000 rw-p 00000000 00:00 0 
7fdfed1f2000-7fdfed1f6000 ---p 00000000 00:00 0 
7fdfed1f6000-7fdfed2f2000 rw-p 00000000 00:00 0 
7fdfed2f2000-7fdfed2f6000 ---p 00000000 00:00 0 
7fdfed2f6000-7fdfed3f2000 rw-p 00000000 00:00 0 
7fdfed3f2000-7fdfed3f6000 ---p 00000000 00:00 0 
7fdfed3f6000-7fdfed4f2000 rw-p 00000000 00:00 0 
7fdfed4f2000-7fdfed4f6000 ---p 00000000 00:00 0 
7fdfed4f6000-7fdfed5f2000 rw-p 00000000 00:00 0 
7fdfed5f2000-7fdfed5f6000 ---p 00000000 00:00 0 
7fdfed5f6000-7fdfed6f2000 rw-p 00000000 00:00 0 
7fdfed6f2000-7fdfed6f6000 ---p 00000000 00:00 0 
7fdfed6f6000-7fdfed7f2000 rw-p 00000000 00:00 0 
7fdfed7f2000-7fdfed7f6000 ---p 00000000 00:00 0 
7fdfed7f6000-7fdfed8f2000 rw-p 00000000 00:00 0 
7fdfed8f2000-7fdfed8f6000 ---p 00000000 00:00 0 
7fdfed8f6000-7fdfed9f2000 rw-p 00000000 00:00 0 
7fdfed9f2000-7fdfed9f6000 ---p 00000000 00:00 0 
7fdfed9f6000-7fdfedaf2000 rw-p 00000000 00:00 0 
7fdfedaf2000-7fdfedaf6000 ---p 00000000 00:00 0 
7fdfedaf6000-7fdfedbf2000 rw-p 00000000 00:00 0 
7fdfedbf2000-7fdfedbf6000 ---p 00000000 00:00 0 
7fdfedbf6000-7fdfedcf2000 rw-p 00000000 00:00 0 
7fdfedcf2000-7fdfedcf6000 ---p 00000000 00:00 0 
7fdfedcf6000-7fdfeddf2000 rw-p 00000000 00:00 0 
7fdfeddf2000-7fdfeddf6000 ---p 00000000 00:00 0 
7fdfeddf6000-7fdfedef2000 rw-p 00000000 00:00 0 
7fdfedef2000-7fdfedef6000 ---p 00000000 00:00 0 
7fdfedef6000-7fdfedff2000 rw-p 00000000 00:00 0 
7fdfedff2000-7fdfedff6000 ---p 00000000 00:00 0 
7fdfedff6000-7fdfee0f2000 rw-p 00000000 00:00 0 
7fdfee0f2000-7fdfee0f6000 ---p 00000000 00:00 0 
7fdfee0f6000-7fdfee1f2000 rw-p 00000000 00:00 0 
7fdfee1f2000-7fdfee1f6000 ---p 00000000 00:00 0 
7fdfee1f6000-7fdfee2f2000 rw-p 00000000 00:00 0 
7fdfee2f2000-7fdfee2f6000 ---p 00000000 00:00 0 
7fdfee2f6000-7fdfee3f2000 rw-p 00000000 00:00 0 
7fdfee3f2000-7fdfee3f6000 ---p 00000000 00:00 0 
7fdfee3f6000-7fdfee4f2000 rw-p 00000000 00:00 0 
7fdfee4f2000-7fdfee4f6000 ---p 00000000 00:00 0 
7fdfee4f6000-7fdfee5f2000 rw-p 00000000 00:00 0 
7fdfee5f2000-7fdfee5f6000 ---p 00000000 00:00 0 
7fdfee5f6000-7fdfee6f2000 rw-p 00000000 00:00 0 
7fdfee6f2000-7fdfee6f6000 ---p 00000000 00:00 0 
7fdfee6f6000-7fdfee7f2000 rw-p 00000000 00:00 0 
7fdfee7f2000-7fdfee7f3000 ---p 00000000 00:00 0 
7fdfee7f3000-7fdfee8f4000 rw-p 00000000 00:00 0 
7fdfee8f4000-7fdfee8f5000 ---p 00000000 00:00 0 
7fdfee8f5000-7fdfee9f6000 rw-p 00000000 00:00 0 
7fdfee9f6000-7fdfee9f7000 ---p 00000000 00:00 0 
7fdfee9f7000-7fdfeeaf8000 rw-p 00000000 00:00 0 
7fdfeeaf8000-7fdfeeaf9000 ---p 00000000 00:00 0 
7fdfeeaf9000-7fdfeebfa000 rw-p 00000000 00:00 0 
7fdfeebfa000-7fdfeebfe000 ---p 00000000 00:00 0 
7fdfeebfe000-7fdfeecfa000 rw-p 00000000 00:00 0 
7fdfeecfa000-7fdfeecfb000 ---p 00000000 00:00 0 
7fdfeecfb000-7fdfeedfc000 rw-p 00000000 00:00 0 
7fdfeedfc000-7fdfeedfd000 ---p 00000000 00:00 0 
7fdfeedfd000-7fdfeeefe000 rw-p 00000000 00:00 0 
7fdfeeefe000-7fdfeeeff000 ---p 00000000 00:00 0 
7fdfeeeff000-7fdfef400000 rw-p 00000000 00:00 0 
7fdfef400000-7fdfeff80000 rw-p 00000000 00:00 0 
7fdfeff80000-7fdff0000000 rw-p 00000000 00:00 0 
7fdff0000000-7fdff0400000 rw-p 00000000 00:00 0 
7fdff0400000-7fdff0d00000 rw-p 00000000 00:00 0 
7fdff0d00000-7fdff0e00000 rw-p 00000000 00:00 0 
7fdff0e00000-7fdff0f00000 rw-p 00000000 00:00 0 
7fdff0f00000-7fdff1000000 rw-p 00000000 00:00 0 
7fdff1000000-7fdff1100000 rw-p 00000000 00:00 0 
7fdff1100000-7fdff1200000 rw-p 00000000 00:00 0 
7fdff1200000-7fdff1500000 rw-p 00000000 00:00 0 
7fdff1500000-7fdff15a0000 rw-p 00000000 00:00 0 
7fdff15a0000-7fdff1600000 ---p 00000000 00:00 0 
7fdff1600000-7fdff1a20000 rw-p 00000000 00:00 0 
7fdff1a20000-7fdff3000000 ---p 00000000 00:00 0 
7fdff3000000-7fdff3beb000 rw-p 00001000 08:20 18770                      /usr/lib/jvm/java-17-openjdk-amd64/lib/server/classes.jsa
7fdff3beb000-7fdff4000000 ---p 00000000 00:00 0 
7fdff4000000-7fdff4040000 rw-p 00000000 00:00 0 
7fdff4040000-7fdff4080000 rw-p 00000000 00:00 0 
7fdff4080000-7fdff4140000 rw-p 00000000 00:00 0 
7fdff4140000-7fdff4260000 rw-p 00000000 00:00 0 
7fdff4260000-7fdff4280000 rw-p 00000000 00:00 0 
7fdff4280000-7fdff43e0000 rw-p 00000000 00:00 0 
7fdff43e0000-7fdff4400000 rw-p 00000000 00:00 0 
7fdff4400000-7fdff4500000 rw-p 00000000 00:00 0 
7fdff4500000-7fdff4540000 rw-p 00000000 00:00 0 
7fdff4540000-7fdff4580000 rw-p 00000000 00:00 0 
7fdff4580000-7fdff4650000 rw-p 00000000 00:00 0 
7fdff4650000-7fdff4680000 ---p 00000000 00:00 0 
7fdff4680000-7fdff46b0000 rw-p 00000000 00:00 0 
7fdff46b0000-7fe034000000 ---p 00000000 00:00 0 
7fe034000000-7fe034021000 rw-p 00000000 00:00 0 
7fe034021000-7fe038000000 ---p 00000000 00:00 0 
7fe038000000-7fe038021000 rw-p 00000000 00:00 0 
7fe038021000-7fe03c000000 ---p 00000000 00:00 0 
7fe03c000000-7fe03c021000 rw-p 00000000 00:00 0 
7fe03c021000-7fe040000000 ---p 00000000 00:00 0 
7fe040000000-7fe040021000 rw-p 00000000 00:00 0 
7fe040021000-7fe044000000 ---p 00000000 00:00 0 
7fe044000000-7fe044021000 rw-p 00000000 00:00 0 
7fe044021000-7fe048000000 ---p 00000000 00:00 0 
7fe048040000-7fe048047000 r--s 00000000 08:20 83206                      /usr/lib/x86_64-linux-gnu/gconv/gconv-modules.cache
7fe048047000-7fe04804b000 ---p 00000000 00:00 0 
7fe04804b000-7fe048069000 rw-p 00000000 00:00 0 
7fe048069000-7fe04806a000 r--p 00000000 08:20 18740                      /usr/lib/jvm/java-17-openjdk-amd64/lib/libextnet.so
7fe04806a000-7fe04806b000 r-xp 00001000 08:20 18740                      /usr/lib/jvm/java-17-openjdk-amd64/lib/libextnet.so
7fe04806b000-7fe04806c000 r--p 00002000 08:20 18740                      /usr/lib/jvm/java-17-openjdk-amd64/lib/libextnet.so
7fe04806c000-7fe04806d000 r--p 00002000 08:20 18740                      /usr/lib/jvm/java-17-openjdk-amd64/lib/libextnet.so
7fe04806d000-7fe04806e000 rw-p 00003000 08:20 18740                      /usr/lib/jvm/java-17-openjdk-amd64/lib/libextnet.so
7fe04806e000-7fe048070000 r--p 00000000 08:20 18758                      /usr/lib/jvm/java-17-openjdk-amd64/lib/libmanagement_ext.so
7fe048070000-7fe048073000 r-xp 00002000 08:20 18758                      /usr/lib/jvm/java-17-openjdk-amd64/lib/libmanagement_ext.so
7fe048073000-7fe048074000 r--p 00005000 08:20 18758                      /usr/lib/jvm/java-17-openjdk-amd64/lib/libmanagement_ext.so
7fe048074000-7fe048075000 r--p 00006000 08:20 18758                      /usr/lib/jvm/java-17-openjdk-amd64/lib/libmanagement_ext.so
7fe048075000-7fe048076000 rw-p 00007000 08:20 18758                      /usr/lib/jvm/java-17-openjdk-amd64/lib/libmanagement_ext.so
7fe048076000-7fe04807a000 r--p 00000000 08:20 18767                      /usr/lib/jvm/java-17-openjdk-amd64/lib/libverify.so
7fe04807a000-7fe048081000 r-xp 00004000 08:20 18767                      /usr/lib/jvm/java-17-openjdk-amd64/lib/libverify.so
7fe048081000-7fe048083000 r--p 0000b000 08:20 18767                      /usr/lib/jvm/java-17-openjdk-amd64/lib/libverify.so
7fe048083000-7fe048085000 r--p 0000c000 08:20 18767                      /usr/lib/jvm/java-17-openjdk-amd64/lib/libverify.so
7fe048085000-7fe048086000 rw-p 0000e000 08:20 18767                      /usr/lib/jvm/java-17-openjdk-amd64/lib/libverify.so
7fe048086000-7fe048087000 ---p 00000000 00:00 0 
7fe048087000-7fe048188000 rw-p 00000000 00:00 0 
7fe048188000-7fe04818c000 ---p 00000000 00:00 0 
7fe04818c000-7fe048288000 rw-p 00000000 00:00 0 
7fe048288000-7fe04828c000 ---p 00000000 00:00 0 
7fe04828c000-7fe048388000 rw-p 00000000 00:00 0 
7fe048388000-7fe04838c000 ---p 00000000 00:00 0 
7fe04838c000-7fe048488000 rw-p 00000000 00:00 0 
7fe048488000-7fe04848a000 r--p 00000000 08:20 18768                      /usr/lib/jvm/java-17-openjdk-amd64/lib/libzip.so
7fe04848a000-7fe04848e000 r-xp 00002000 08:20 18768                      /usr/lib/jvm/java-17-openjdk-amd64/lib/libzip.so
7fe04848e000-7fe048490000 r--p 00006000 08:20 18768                      /usr/lib/jvm/java-17-openjdk-amd64/lib/libzip.so
7fe048490000-7fe048491000 r--p 00007000 08:20 18768                      /usr/lib/jvm/java-17-openjdk-amd64/lib/libzip.so
7fe048491000-7fe048492000 rw-p 00008000 08:20 18768                      /usr/lib/jvm/java-17-openjdk-amd64/lib/libzip.so
7fe048492000-7fe048496000 ---p 00000000 00:00 0 
7fe048496000-7fe048592000 rw-p 00000000 00:00 0 
7fe048592000-7fe048593000 ---p 00000000 00:00 0 
7fe048593000-7fe048694000 rw-p 00000000 00:00 0 
7fe048694000-7fe048698000 ---p 00000000 00:00 0 
7fe048698000-7fe048794000 rw-p 00000000 00:00 0 
7fe048794000-7fe048798000 ---p 00000000 00:00 0 
7fe048798000-7fe048894000 rw-p 00000000 00:00 0 
7fe048894000-7fe048898000 ---p 00000000 00:00 0 
7fe048898000-7fe048994000 rw-p 00000000 00:00 0 
7fe048994000-7fe048998000 ---p 00000000 00:00 0 
7fe048998000-7fe048a94000 rw-p 00000000 00:00 0 
7fe048a94000-7fe048a98000 ---p 00000000 00:00 0 
7fe048a98000-7fe048b94000 rw-p 00000000 00:00 0 
7fe048b94000-7fe048b98000 ---p 00000000 00:00 0 
7fe048b98000-7fe048c94000 rw-p 00000000 00:00 0 
7fe048c94000-7fe048f7d000 r--p 00000000 08:20 1035                       /usr/lib/locale/locale-archive
7fe048f7d000-7fe048f81000 ---p 00000000 00:00 0 
7fe048f81000-7fe04907d000 rw-p 00000000 00:00 0 
7fe04907d000-7fe049081000 ---p 00000000 00:00 0 
7fe049081000-7fe04917d000 rw-p 00000000 00:00 0 
7fe04917d000-7fe04917e000 ---p 00000000 00:00 0 
7fe04917e000-7fe04927f000 rw-p 00000000 00:00 0 
7fe04927f000-7fe049284000 r--p 00000000 08:20 18754                      /usr/lib/jvm/java-17-openjdk-amd64/lib/libjsvml.so
7fe049284000-7fe0492c5000 r-xp 00005000 08:20 18754                      /usr/lib/jvm/java-17-openjdk-amd64/lib/libjsvml.so
7fe0492c5000-7fe04934e000 r--p 00046000 08:20 18754                      /usr/lib/jvm/java-17-openjdk-amd64/lib/libjsvml.so
7fe04934e000-7fe04934f000 r--p 000ce000 08:20 18754                      /usr/lib/jvm/java-17-openjdk-amd64/lib/libjsvml.so
7fe04934f000-7fe049350000 rw-p 000cf000 08:20 18754                      /usr/lib/jvm/java-17-openjdk-amd64/lib/libjsvml.so
7fe049350000-7fe04946d000 rw-p 00000000 00:00 0 
7fe04946e000-7fe049470000 r--p 00000000 08:20 18756                      /usr/lib/jvm/java-17-openjdk-amd64/lib/libmanagement.so
7fe049470000-7fe049471000 r-xp 00002000 08:20 18756                      /usr/lib/jvm/java-17-openjdk-amd64/lib/libmanagement.so
7fe049471000-7fe049472000 r--p 00003000 08:20 18756                      /usr/lib/jvm/java-17-openjdk-amd64/lib/libmanagement.so
7fe049472000-7fe049473000 r--p 00003000 08:20 18756                      /usr/lib/jvm/java-17-openjdk-amd64/lib/libmanagement.so
7fe049473000-7fe049474000 rw-p 00004000 08:20 18756                      /usr/lib/jvm/java-17-openjdk-amd64/lib/libmanagement.so
7fe049474000-7fe0494a5000 rw-p 00000000 00:00 0 
7fe0494a5000-7fe0494a6000 ---p 00000000 00:00 0 
7fe0494a6000-7fe04b6cf000 rw-p 00000000 00:00 0 
7fe04b6cf000-7fe04b74b000 ---p 00000000 00:00 0 
7fe04b74b000-7fe04b75f000 rw-p 00000000 00:00 0 
7fe04b75f000-7fe04b793000 ---p 00000000 00:00 0 
7fe04b793000-7fe04b797000 rw-p 00000000 00:00 0 
7fe04b797000-7fe04c59f000 ---p 00000000 00:00 0 
7fe04c59f000-7fe04c6cf000 rw-p 00000000 00:00 0 
7fe04c6cf000-7fe04c74b000 ---p 00000000 00:00 0 
7fe04c74b000-7fe04c75f000 rw-p 00000000 00:00 0 
7fe04c75f000-7fe04c793000 ---p 00000000 00:00 0 
7fe04c793000-7fe04c797000 rw-p 00000000 00:00 0 
7fe04c797000-7fe04d59f000 ---p 00000000 00:00 0 
7fe04d59f000-7fe04d5a7000 rw-p 00000000 00:00 0 
7fe04d5a7000-7fe04e0e7000 rwxp 00000000 00:00 0 
7fe04e0e7000-7fe0505a7000 ---p 00000000 00:00 0 
7fe0505a7000-7fe058000000 r--s 00000000 08:20 18769                      /usr/lib/jvm/java-17-openjdk-amd64/lib/modules
7fe058000000-7fe058f97000 rw-p 00000000 00:00 0 
7fe058f97000-7fe05c000000 ---p 00000000 00:00 0 
7fe05c000000-7fe05c004000 r--p 00000000 08:20 18760                      /usr/lib/jvm/java-17-openjdk-amd64/lib/libnet.so
7fe05c004000-7fe05c012000 r-xp 00004000 08:20 18760                      /usr/lib/jvm/java-17-openjdk-amd64/lib/libnet.so
7fe05c012000-7fe05c016000 r--p 00012000 08:20 18760                      /usr/lib/jvm/java-17-openjdk-amd64/lib/libnet.so
7fe05c016000-7fe05c017000 r--p 00015000 08:20 18760                      /usr/lib/jvm/java-17-openjdk-amd64/lib/libnet.so
7fe05c017000-7fe05c018000 rw-p 00016000 08:20 18760                      /usr/lib/jvm/java-17-openjdk-amd64/lib/libnet.so
7fe05c018000-7fe05c01e000 r--p 00000000 08:20 18761                      /usr/lib/jvm/java-17-openjdk-amd64/lib/libnio.so
7fe05c01e000-7fe05c026000 r-xp 00006000 08:20 18761                      /usr/lib/jvm/java-17-openjdk-amd64/lib/libnio.so
7fe05c026000-7fe05c02a000 r--p 0000e000 08:20 18761                      /usr/lib/jvm/java-17-openjdk-amd64/lib/libnio.so
7fe05c02a000-7fe05c02b000 r--p 00012000 08:20 18761                      /usr/lib/jvm/java-17-openjdk-amd64/lib/libnio.so
7fe05c02b000-7fe05c02c000 rw-p 00013000 08:20 18761                      /usr/lib/jvm/java-17-openjdk-amd64/lib/libnio.so
7fe05c02c000-7fe05c02d000 ---p 00000000 00:00 0 
7fe05c02d000-7fe05c936000 rw-p 00000000 00:00 0 
7fe05c936000-7fe05c937000 ---p 00000000 00:00 0 
7fe05c937000-7fe05ca38000 rw-p 00000000 00:00 0 
7fe05ca38000-7fe05ca39000 ---p 00000000 00:00 0 
7fe05ca39000-7fe05cb3a000 rw-p 00000000 00:00 0 
7fe05cb3a000-7fe05cb3b000 ---p 00000000 00:00 0 
7fe05cb3b000-7fe05cca4000 rw-p 00000000 00:00 0 
7fe05cca4000-7fe05ccb3000 ---p 00000000 00:00 0 
7fe05ccb3000-7fe05ccb6000 rw-p 00000000 00:00 0 
7fe05ccb6000-7fe05ccbc000 ---p 00000000 00:00 0 
7fe05ccbc000-7fe05ccbd000 rw-p 00000000 00:00 0 
7fe05ccbd000-7fe05ce7e000 ---p 00000000 00:00 0 
7fe05ce7e000-7fe05cea4000 rw-p 00000000 00:00 0 
7fe05cea4000-7fe05ceb3000 ---p 00000000 00:00 0 
7fe05ceb3000-7fe05ceb6000 rw-p 00000000 00:00 0 
7fe05ceb6000-7fe05cebc000 ---p 00000000 00:00 0 
7fe05cebc000-7fe05cebd000 rw-p 00000000 00:00 0 
7fe05cebd000-7fe05d07e000 ---p 00000000 00:00 0 
7fe05d07e000-7fe05d0a4000 rw-p 00000000 00:00 0 
7fe05d0a4000-7fe05d0b3000 ---p 00000000 00:00 0 
7fe05d0b3000-7fe05d0b6000 rw-p 00000000 00:00 0 
7fe05d0b6000-7fe05d0bc000 ---p 00000000 00:00 0 
7fe05d0bc000-7fe05d0bd000 rw-p 00000000 00:00 0 
7fe05d0bd000-7fe05d27e000 ---p 00000000 00:00 0 
7fe05d27e000-7fe05da9e000 rw-p 00000000 00:00 0 
7fe05da9e000-7fe05dae7000 ---p 00000000 00:00 0 
7fe05dae7000-7fe05daf3000 r--p 00000000 08:20 18747                      /usr/lib/jvm/java-17-openjdk-amd64/lib/libjava.so
7fe05daf3000-7fe05db04000 r-xp 0000c000 08:20 18747                      /usr/lib/jvm/java-17-openjdk-amd64/lib/libjava.so
7fe05db04000-7fe05db0a000 r--p 0001d000 08:20 18747                      /usr/lib/jvm/java-17-openjdk-amd64/lib/libjava.so
7fe05db0a000-7fe05db0b000 r--p 00022000 08:20 18747                      /usr/lib/jvm/java-17-openjdk-amd64/lib/libjava.so
7fe05db0b000-7fe05db0c000 rw-p 00023000 08:20 18747                      /usr/lib/jvm/java-17-openjdk-amd64/lib/libjava.so
7fe05db0c000-7fe05db0d000 rw-p 00000000 00:00 0 
7fe05db0d000-7fe05db15000 rw-s 00000000 08:20 136443                     /tmp/hsperfdata_chaitanya/9709
7fe05db15000-7fe05db19000 ---p 00000000 00:00 0 
7fe05db19000-7fe05dc15000 rw-p 00000000 00:00 0 
7fe05dc15000-7fe05dc18000 r--p 00000000 08:20 21541                      /usr/lib/x86_64-linux-gnu/libgcc_s.so.1
7fe05dc18000-7fe05dc2f000 r-xp 00003000 08:20 21541                      /usr/lib/x86_64-linux-gnu/libgcc_s.so.1
7fe05dc2f000-7fe05dc33000 r--p 0001a000 08:20 21541                      /usr/lib/x86_64-linux-gnu/libgcc_s.so.1
7fe05dc33000-7fe05dc34000 r--p 0001d000 08:20 21541                      /usr/lib/x86_64-linux-gnu/libgcc_s.so.1
7fe05dc34000-7fe05dc35000 rw-p 0001e000 08:20 21541                      /usr/lib/x86_64-linux-gnu/libgcc_s.so.1
7fe05dc35000-7fe05dc45000 r--p 00000000 08:20 21150                      /usr/lib/x86_64-linux-gnu/libm.so.6
7fe05dc45000-7fe05dcb8000 r-xp 00010000 08:20 21150                      /usr/lib/x86_64-linux-gnu/libm.so.6
7fe05dcb8000-7fe05dd12000 r--p 00083000 08:20 21150                      /usr/lib/x86_64-linux-gnu/libm.so.6
7fe05dd12000-7fe05dd13000 r--p 000dc000 08:20 21150                      /usr/lib/x86_64-linux-gnu/libm.so.6
7fe05dd13000-7fe05dd14000 rw-p 000dd000 08:20 21150                      /usr/lib/x86_64-linux-gnu/libm.so.6
7fe05dd14000-7fe05ddad000 r--p 00000000 08:20 21703                      /usr/lib/x86_64-linux-gnu/libstdc++.so.6.0.30
7fe05ddad000-7fe05deae000 r-xp 00099000 08:20 21703                      /usr/lib/x86_64-linux-gnu/libstdc++.so.6.0.30
7fe05deae000-7fe05df1d000 r--p 0019a000 08:20 21703                      /usr/lib/x86_64-linux-gnu/libstdc++.so.6.0.30
7fe05df1d000-7fe05df28000 r--p 00209000 08:20 21703                      /usr/lib/x86_64-linux-gnu/libstdc++.so.6.0.30
7fe05df28000-7fe05df2b000 rw-p 00214000 08:20 21703                      /usr/lib/x86_64-linux-gnu/libstdc++.so.6.0.30
7fe05df2b000-7fe05df2e000 rw-p 00000000 00:00 0 
7fe05df2e000-7fe05e17f000 r--p 00000000 08:20 18773                      /usr/lib/jvm/java-17-openjdk-amd64/lib/server/libjvm.so
7fe05e17f000-7fe05eee5000 r-xp 00251000 08:20 18773                      /usr/lib/jvm/java-17-openjdk-amd64/lib/server/libjvm.so
7fe05eee5000-7fe05f166000 r--p 00fb7000 08:20 18773                      /usr/lib/jvm/java-17-openjdk-amd64/lib/server/libjvm.so
7fe05f166000-7fe05f21e000 r--p 01238000 08:20 18773                      /usr/lib/jvm/java-17-openjdk-amd64/lib/server/libjvm.so
7fe05f21e000-7fe05f253000 rw-p 012f0000 08:20 18773                      /usr/lib/jvm/java-17-openjdk-amd64/lib/server/libjvm.so
7fe05f253000-7fe05f2b0000 rw-p 00000000 00:00 0 
7fe05f2b0000-7fe05f2d6000 r--p 00000000 08:20 21000                      /usr/lib/x86_64-linux-gnu/libc.so.6
7fe05f2d6000-7fe05f42b000 r-xp 00026000 08:20 21000                      /usr/lib/x86_64-linux-gnu/libc.so.6
7fe05f42b000-7fe05f47e000 r--p 0017b000 08:20 21000                      /usr/lib/x86_64-linux-gnu/libc.so.6
7fe05f47e000-7fe05f482000 r--p 001ce000 08:20 21000                      /usr/lib/x86_64-linux-gnu/libc.so.6
7fe05f482000-7fe05f484000 rw-p 001d2000 08:20 21000                      /usr/lib/x86_64-linux-gnu/libc.so.6
7fe05f484000-7fe05f491000 rw-p 00000000 00:00 0 
7fe05f491000-7fe05f493000 r--p 00000000 08:20 18751                      /usr/lib/jvm/java-17-openjdk-amd64/lib/libjli.so
7fe05f493000-7fe05f49c000 r-xp 00002000 08:20 18751                      /usr/lib/jvm/java-17-openjdk-amd64/lib/libjli.so
7fe05f49c000-7fe05f49f000 r--p 0000b000 08:20 18751                      /usr/lib/jvm/java-17-openjdk-amd64/lib/libjli.so
7fe05f49f000-7fe05f4a0000 r--p 0000d000 08:20 18751                      /usr/lib/jvm/java-17-openjdk-amd64/lib/libjli.so
7fe05f4a0000-7fe05f4a1000 rw-p 0000e000 08:20 18751                      /usr/lib/jvm/java-17-openjdk-amd64/lib/libjli.so
7fe05f4a1000-7fe05f4a4000 r--p 00000000 08:20 21769                      /usr/lib/x86_64-linux-gnu/libz.so.1.2.13
7fe05f4a4000-7fe05f4b7000 r-xp 00003000 08:20 21769                      /usr/lib/x86_64-linux-gnu/libz.so.1.2.13
7fe05f4b7000-7fe05f4be000 r--p 00016000 08:20 21769                      /usr/lib/x86_64-linux-gnu/libz.so.1.2.13
7fe05f4be000-7fe05f4bf000 r--p 0001c000 08:20 21769                      /usr/lib/x86_64-linux-gnu/libz.so.1.2.13
7fe05f4bf000-7fe05f4c0000 rw-p 0001d000 08:20 21769                      /usr/lib/x86_64-linux-gnu/libz.so.1.2.13
7fe05f4c1000-7fe05f4c2000 ---p 00000000 00:00 0 
7fe05f4c2000-7fe05f4c3000 r--p 00000000 00:00 0 
7fe05f4c3000-7fe05f4c4000 ---p 00000000 00:00 0 
7fe05f4c4000-7fe05f4c6000 r--p 00000000 08:20 18750                      /usr/lib/jvm/java-17-openjdk-amd64/lib/libjimage.so
7fe05f4c6000-7fe05f4c9000 r-xp 00002000 08:20 18750                      /usr/lib/jvm/java-17-openjdk-amd64/lib/libjimage.so
7fe05f4c9000-7fe05f4ca000 r--p 00005000 08:20 18750                      /usr/lib/jvm/java-17-openjdk-amd64/lib/libjimage.so
7fe05f4ca000-7fe05f4cb000 r--p 00006000 08:20 18750                      /usr/lib/jvm/java-17-openjdk-amd64/lib/libjimage.so
7fe05f4cb000-7fe05f4cc000 rw-p 00007000 08:20 18750                      /usr/lib/jvm/java-17-openjdk-amd64/lib/libjimage.so
7fe05f4cc000-7fe05f4ce000 rw-p 00000000 00:00 0 
7fe05f4ce000-7fe05f4cf000 r--p 00000000 08:20 20997                      /usr/lib/x86_64-linux-gnu/ld-linux-x86-64.so.2
7fe05f4cf000-7fe05f4f4000 r-xp 00001000 08:20 20997                      /usr/lib/x86_64-linux-gnu/ld-linux-x86-64.so.2
7fe05f4f4000-7fe05f4fe000 r--p 00026000 08:20 20997                      /usr/lib/x86_64-linux-gnu/ld-linux-x86-64.so.2
7fe05f4fe000-7fe05f500000 r--p 00030000 08:20 20997                      /usr/lib/x86_64-linux-gnu/ld-linux-x86-64.so.2
7fe05f500000-7fe05f502000 rw-p 00032000 08:20 20997                      /usr/lib/x86_64-linux-gnu/ld-linux-x86-64.so.2
7fffe8a89000-7fffe8aab000 rw-p 00000000 00:00 0                          [stack]
7fffe8b7b000-7fffe8b7f000 r--p 00000000 00:00 0                          [vvar]
7fffe8b7f000-7fffe8b81000 r-xp 00000000 00:00 0                          [vdso]


VM Arguments:
jvm_args: -XX:+HeapDumpOnOutOfMemoryError -Xmx1024m -Dsts.lsp.client=vscode -Dsts.log.file=/dev/null -XX:TieredStopAtLevel=1 -Xlog:jni+resolve=off -Dspring.config.location=file:/home/chaitanya/.vscode-server/extensions/vmware.vscode-spring-boot-1.49.0/language-server/BOOT-INF/classes/application.properties 
java_command: org.springframework.ide.vscode.boot.app.BootLanguageServerBootApp
java_class_path (initial): /home/chaitanya/.vscode-server/extensions/vmware.vscode-spring-boot-1.49.0/language-server/BOOT-INF/classes:/home/chaitanya/.vscode-server/extensions/vmware.vscode-spring-boot-1.49.0/language-server/BOOT-INF/lib/gradle-process-services-6.1.1.jar:/home/chaitanya/.vscode-server/extensions/vmware.vscode-spring-boot-1.49.0/language-server/BOOT-INF/lib/logback-core-1.4.8.jar:/home/chaitanya/.vscode-server/extensions/vmware.vscode-spring-boot-1.49.0/language-server/BOOT-INF/lib/gradle-resources-6.1.1.jar:/home/chaitanya/.vscode-server/extensions/vmware.vscode-spring-boot-1.49.0/language-server/BOOT-INF/lib/rewrite-yaml-8.4.2.jar:/home/chaitanya/.vscode-server/extensions/vmware.vscode-spring-boot-1.49.0/language-server/BOOT-INF/lib/rewrite-migrate-java-2.0.10.jar:/home/chaitanya/.vscode-server/extensions/vmware.vscode-spring-boot-1.49.0/language-server/BOOT-INF/lib/java-object-diff-1.0.1.jar:/home/chaitanya/.vscode-server/extensions/vmware.vscode-spring-boot-1.49.0/language-server/BOOT-INF/lib/org.eclipse.lsp4j.generator-0.19.0.jar:/home/chaitanya/.vscode-server/extensions/vmware.vscode-spring-boot-1.49.0/language-server/BOOT-INF/lib/antlr-runtime-3.5.3.jar:/home/chaitanya/.vscode-server/extensions/vmware.vscode-spring-boot-1.49.0/language-server/BOOT-INF/lib/rewrite-xml-8.4.2.jar:/home/chaitanya/.vscode-server/extensions/vmware.vscode-spring-boot-1.49.0/language-server/BOOT-INF/lib/xercesImpl-2.12.2.jar:/home/chaitanya/.vscode-server/extensions/vmware.vscode-spring-boot-1.49.0/language-server/BOOT-INF/lib/jna-platform-5.13.0.jar:/home/chaitanya/.vscode-server/extensions/vmware.vscode-spring-boot-1.49.0/language-server/BOOT-INF/lib/jsoup-1.14.2.jar:/home/chaitanya/.vscode-server/extensions/vmware.vscode-spring-boot-1.49.0/language-server/BOOT-INF/lib/jackson-datatype-jsr310-2.15.2.jar:/home/chaitanya/.vscode-server/extensions/vmware.vscode-spring-boot-1.49.0/language-server/BOOT-INF/lib/jackson-dataformat-smile-2.15.2.jar:/home/chaitanya/.vscod
Launcher Type: SUN_STANDARD

[Global flags]
     intx CICompilerCount                          = 4                                         {product} {ergonomic}
     uint ConcGCThreads                            = 2                                         {product} {ergonomic}
     uint G1ConcRefinementThreads                  = 8                                         {product} {ergonomic}
   size_t G1HeapRegionSize                         = 1048576                                   {product} {ergonomic}
    uintx GCDrainStackTargetSize                   = 64                                        {product} {ergonomic}
     bool HeapDumpOnOutOfMemoryError               = true                                   {manageable} {command line}
   size_t InitialHeapSize                          = 130023424                                 {product} {ergonomic}
   size_t MarkStackSize                            = 4194304                                   {product} {ergonomic}
   size_t MaxHeapSize                              = 1073741824                                {product} {command line}
   size_t MaxNewSize                               = 643825664                                 {product} {ergonomic}
   size_t MinHeapDeltaBytes                        = 1048576                                   {product} {ergonomic}
   size_t MinHeapSize                              = 8388608                                   {product} {ergonomic}
    uintx NonProfiledCodeHeapSize                  = 0                                      {pd product} {ergonomic}
     bool ProfileInterpreter                       = false                                  {pd product} {command line}
    uintx ProfiledCodeHeapSize                     = 0                                      {pd product} {ergonomic}
   size_t SoftMaxHeapSize                          = 1073741824                             {manageable} {ergonomic}
     intx TieredStopAtLevel                        = 1                                         {product} {command line}
     bool UseCompressedClassPointers               = true                           {product lp64_product} {ergonomic}
     bool UseCompressedOops                        = true                           {product lp64_product} {ergonomic}
     bool UseG1GC                                  = true                                      {product} {ergonomic}

Logging:
Log output configuration:
 #0: stdout all=warning,jni+resolve=off uptime,level,tags
 #1: stderr all=off uptime,level,tags

Environment Variables:
PATH=/home/chaitanya/.vscode-server/bin/6509174151d557a81c9d0b5f8a5a1e9274db5585/bin/remote-cli:/usr/local/sbin:/usr/local/bin:/usr/sbin:/usr/bin:/sbin:/bin:/usr/games:/usr/local/games:/usr/lib/wsl/lib:/mnt/c/Program Files (x86)/Common Files/Oracle/Java/javapath:/mnt/c/Windows/system32:/mnt/c/Windows:/mnt/c/Windows/System32/Wbem:/mnt/c/Windows/System32/WindowsPowerShell/v1.0/:/mnt/c/Windows/System32/OpenSSH/:/mnt/c/Users/saisrikrishna.j/AppData/Local/Microsoft/WindowsApps:/mnt/c/Users/saisrikrishna.j/AppData/Local/Programs/Microsoft VS Code/bin:/snap/bin
SHELL=/bin/bash
DISPLAY=:0
HOSTTYPE=x86_64
LANG=en_US.UTF-8
TERM=xterm-256color

Active Locale:
LC_ALL=en_US.UTF-8
LC_COLLATE=en_US.UTF-8
LC_CTYPE=en_US.UTF-8
LC_MESSAGES=en_US.UTF-8
LC_MONETARY=en_US.UTF-8
LC_NUMERIC=en_US.UTF-8
LC_TIME=en_US.UTF-8

Signal Handlers:
   SIGSEGV: crash_handler in libjvm.so, mask=11100100010111111101111111111110, flags=SA_RESTART|SA_SIGINFO, unblocked
    SIGBUS: crash_handler in libjvm.so, mask=11100100010111111101111111111110, flags=SA_RESTART|SA_SIGINFO, unblocked
    SIGFPE: crash_handler in libjvm.so, mask=11100100010111111101111111111110, flags=SA_RESTART|SA_SIGINFO, unblocked
   SIGPIPE: javaSignalHandler in libjvm.so, mask=11100100010111111101111111111110, flags=SA_RESTART|SA_SIGINFO, blocked
   SIGXFSZ: javaSignalHandler in libjvm.so, mask=11100100010111111101111111111110, flags=SA_RESTART|SA_SIGINFO, blocked
    SIGILL: crash_handler in libjvm.so, mask=11100100010111111101111111111110, flags=SA_RESTART|SA_SIGINFO, unblocked
   SIGUSR2: SR_handler in libjvm.so, mask=00000000000000000000000000000000, flags=SA_RESTART|SA_SIGINFO, blocked
    SIGHUP: UserHandler in libjvm.so, mask=11100100010111111101111111111110, flags=SA_RESTART|SA_SIGINFO, blocked
    SIGINT: UserHandler in libjvm.so, mask=11100100010111111101111111111110, flags=SA_RESTART|SA_SIGINFO, blocked
   SIGTERM: UserHandler in libjvm.so, mask=11100100010111111101111111111110, flags=SA_RESTART|SA_SIGINFO, blocked
   SIGQUIT: UserHandler in libjvm.so, mask=11100100010111111101111111111110, flags=SA_RESTART|SA_SIGINFO, blocked
   SIGTRAP: crash_handler in libjvm.so, mask=11100100010111111101111111111110, flags=SA_RESTART|SA_SIGINFO, unblocked


---------------  S Y S T E M  ---------------

OS:
PRETTY_NAME="Debian GNU/Linux 12 (bookworm)"
NAME="Debian GNU/Linux"
VERSION_ID="12"
VERSION="12 (bookworm)"
VERSION_CODENAME=bookworm
ID=debian
HOME_URL="https://www.debian.org/"
SUPPORT_URL="https://www.debian.org/support"
BUG_REPORT_URL="https://bugs.debian.org/"
uname: Linux 5.15.90.1-microsoft-standard-WSL2 #1 SMP Fri Jan 27 02:56:13 UTC 2023 x86_64
OS uptime: 0 days 0:20 hours
libc: glibc 2.36 NPTL 2.36 
rlimit (soft/hard): STACK 8192k/infinity , CORE 0k/infinity , NPROC 31470/31470 , NOFILE 1048576/1048576 , AS infinity/infinity , CPU infinity/infinity , DATA infinity/infinity , FSIZE infinity/infinity , MEMLOCK 65536k/65536k
load average: 0.41 0.93 1.09

/proc/meminfo:
MemTotal:        8062912 kB
MemFree:         2036852 kB
MemAvailable:    3885272 kB
Buffers:          341660 kB
Cached:          1670552 kB
SwapCached:            0 kB
Active:           958272 kB
Inactive:        4573888 kB
Active(anon):       2608 kB
Inactive(anon):  3520332 kB
Active(file):     955664 kB
Inactive(file):  1053556 kB
Unevictable:           0 kB
Mlocked:               0 kB
SwapTotal:       2097152 kB
SwapFree:        2097152 kB
Dirty:                64 kB
Writeback:             0 kB
AnonPages:       3494452 kB
Mapped:           252356 kB
Shmem:              2992 kB
KReclaimable:     110440 kB
Slab:             173632 kB
SReclaimable:     110440 kB
SUnreclaim:        63192 kB
KernelStack:        8804 kB
PageTables:        60296 kB
NFS_Unstable:          0 kB
Bounce:                0 kB
WritebackTmp:          0 kB
CommitLimit:     6128608 kB
Committed_AS:    3815940 kB
VmallocTotal:   34359738367 kB
VmallocUsed:       30548 kB
VmallocChunk:          0 kB
Percpu:             3264 kB
AnonHugePages:   1060864 kB
ShmemHugePages:        0 kB
ShmemPmdMapped:        0 kB
FileHugePages:         0 kB
FilePmdMapped:         0 kB
HugePages_Total:       0
HugePages_Free:        0
HugePages_Rsvd:        0
HugePages_Surp:        0
Hugepagesize:       2048 kB
Hugetlb:               0 kB
DirectMap4k:       52224 kB
DirectMap2M:     3018752 kB
DirectMap1G:    14680064 kB

/sys/kernel/mm/transparent_hugepage/enabled: [always] madvise never
/sys/kernel/mm/transparent_hugepage/defrag (defrag/compaction efforts parameter): always defer defer+madvise [madvise] never

Process Memory:
Virtual Size: 6131204K (peak: 6192584K)
Resident Set Size: 220672K (peak: 220672K) (anon: 196496K, file: 24176K, shmem: 0K)
Swapped out: 0K
C-Heap outstanding allocations: 51872K, retained: 11679K
glibc malloc tunables: (default)

/proc/sys/kernel/threads-max (system-wide limit on the number of threads): 62940
/proc/sys/vm/max_map_count (maximum number of memory map areas a process may have): 65530
/proc/sys/kernel/pid_max (system-wide limit on number of process identifiers): 4194304

container (cgroup) information:
container_type: cgroupv1
cpu_cpuset_cpus: 0-7
cpu_memory_nodes: 0
active_processor_count: 8
cpu_quota: no quota
cpu_period: 100000
cpu_shares: no shares
memory_limit_in_bytes: unlimited
memory_and_swap_limit_in_bytes: unlimited
memory_soft_limit_in_bytes: unlimited
memory_usage_in_bytes: 5507452 k
memory_max_usage_in_bytes: 1386280 k
kernel_memory_usage_in_bytes: 27472 k
kernel_memory_max_usage_in_bytes: unlimited
kernel_memory_limit_in_bytes: 27956 k
maximum number of tasks: not supported
current number of tasks: not supported

Hyper-V virtualization detected
Steal ticks since vm start: 0
Steal ticks percentage since vm start:  0.000

CPU: total 8 (initial active 8) (4 cores per cpu, 2 threads per core) family 6 model 142 stepping 10 microcode 0xffffffff, cx8, cmov, fxsr, ht, mmx, 3dnowpref, sse, sse2, sse3, ssse3, sse4.1, sse4.2, popcnt, lzcnt, tsc, avx, avx2, aes, erms, clmul, bmi1, bmi2, rtm, adx, fma, vzeroupper, clflush, clflushopt, hv
CPU Model and flags from /proc/cpuinfo:
model name	: Intel(R) Core(TM) i7-8650U CPU @ 1.90GHz
flags		: fpu vme de pse tsc msr pae mce cx8 apic sep mtrr pge mca cmov pat pse36 clflush mmx fxsr sse sse2 ss ht syscall nx pdpe1gb rdtscp lm constant_tsc arch_perfmon rep_good nopl xtopology cpuid pni pclmulqdq ssse3 fma cx16 pdcm pcid sse4_1 sse4_2 movbe popcnt aes xsave avx f16c rdrand hypervisor lahf_lm abm 3dnowprefetch invpcid_single pti ssbd ibrs ibpb stibp fsgsbase bmi1 hle avx2 smep bmi2 erms invpcid rtm rdseed adx smap clflushopt xsaveopt xsavec xgetbv1 xsaves flush_l1d arch_capabilities

Online cpus: 0-7
Offline cpus: 
BIOS frequency limitation: <Not Available>
Frequency switch latency (ns): <Not Available>
Available cpu frequencies: <Not Available>
Current governor: <Not Available>
Core performance/turbo boost: <Not Available>

Memory: 4k page, physical 8062912k(2036600k free), swap 2097152k(2097152k free)
Page Sizes: 4k

vm_info: OpenJDK 64-Bit Server VM (17.0.8+7-Debian-1deb12u1) for linux-amd64 JRE (17.0.8+7-Debian-1deb12u1), built on Jul 24 2023 22:35:40 by "buildd" with gcc 12.2.0

END.
