#
# A fatal error has been detected by the Java Runtime Environment:
#
#  SIGSEGV (0xb) at pc=0x00007fe8a73e1476, pid=147736, tid=147806
#
# JRE version: OpenJDK Runtime Environment Temurin-17.0.8.1+1 (17.0.8.1+1) (build 17.0.8.1+1)
# Java VM: OpenJDK 64-Bit Server VM Temurin-17.0.8.1+1 (17.0.8.1+1, mixed mode, emulated-client, tiered, compressed oops, compressed class ptrs, g1 gc, linux-amd64)
# Problematic frame:
# V  [libjvm.so+0x6dd476]  void OopOopIterateDispatch<G1CMOopClosure>::Table::oop_oop_iterate<InstanceKlass, narrowOop>(G1CMOopClosure*, oopDesc*, Klass*)+0x1c6
#
# No core dump will be written. Core dumps have been disabled. To enable core dumping, try "ulimit -c unlimited" before starting Java again
#
# If you would like to submit a bug report, please visit:
#   https://github.com/adoptium/adoptium-support/issues
#

---------------  S U M M A R Y ------------

Command Line: -XX:+HeapDumpOnOutOfMemoryError -Xmx1024m -Dsts.lsp.client=vscode -Dsts.log.file=/dev/null -XX:TieredStopAtLevel=1 -Xlog:jni+resolve=off -Dspring.config.location=file:/home/chaitanya/.vscode-server/extensions/vmware.vscode-spring-boot-1.49.0/language-server/BOOT-INF/classes/application.properties org.springframework.ide.vscode.boot.app.BootLanguageServerBootApp

Host: Intel(R) Core(TM) i7-8650U CPU @ 1.90GHz, 8 cores, 7G, Debian GNU/Linux 12 (bookworm)
Time: Thu Sep 14 16:11:16 2023 IST elapsed time: 3905.955122 seconds (0d 1h 5m 5s)

---------------  T H R E A D  ---------------

Current thread (0x00007fe88c000eb0):  ConcurrentGCThread "G1 Conc#1" [stack: 0x00007fe8896f2000,0x00007fe8897f2000] [id=147806]

Stack: [0x00007fe8896f2000,0x00007fe8897f2000],  sp=0x00007fe8897f0bc0,  free space=1018k
Native frames: (J=compiled Java code, j=interpreted, Vv=VM code, C=native code)
V  [libjvm.so+0x6dd476]  void OopOopIterateDispatch<G1CMOopClosure>::Table::oop_oop_iterate<InstanceKlass, narrowOop>(G1CMOopClosure*, oopDesc*, Klass*)+0x1c6
V  [libjvm.so+0x7054b1]  void G1CMTask::process_grey_task_entry<true>(G1TaskQueueEntry)+0xd1
V  [libjvm.so+0x6fe197]  G1CMTask::drain_local_queue(bool) [clone .part.0] [clone .constprop.1]+0x87
V  [libjvm.so+0x701954]  G1CMTask::do_marking_step(double, bool, bool)+0x704
V  [libjvm.so+0x70697d]  G1CMConcurrentMarkingTask::work(unsigned int)+0xdd
V  [libjvm.so+0xf17f2f]  GangWorker::loop()+0x5f
V  [libjvm.so+0xf17f8f]
V  [libjvm.so+0xe68d40]  Thread::call_run()+0xc0
V  [libjvm.so+0xc1e681]  thread_native_entry(Thread*)+0xe1


siginfo: si_signo: 11 (SIGSEGV), si_code: 1 (SEGV_MAPERR), si_addr: 0x0000000000000050

Register to memory mapping:

RAX=0x0000000000000001 is an unknown value
RBX=0x00007fe8897f0d00 points into unknown readable memory: 0x00007fe8a7f123f0 | f0 23 f1 a7 e8 7f 00 00
RCX=0x0000000000000003 is an unknown value
RDX=0x00007fe8a800a245: <offset 0x0000000001306245> in /home/chaitanya/.vscode-server/extensions/redhat.java-1.22.0-linux-x64/jre/17.0.8.1-linux-x86_64/lib/server/libjvm.so at 0x00007fe8a6d04000
RSP=0x00007fe8897f0bc0 points into unknown readable memory: 0x0000000000000000 | 00 00 00 00 00 00 00 00
RBP=0x00007fe8897f0c20 points into unknown readable memory: 0x00007fe8897f0c60 | 60 0c 7f 89 e8 7f 00 00
RSI=0x00000000c1b0a978 is pointing into object: jdk.internal.jimage.ImageReader$LinkNode 
{0x00000000c1b0a960} - klass: 'jdk/internal/jimage/ImageReader$LinkNode'
 - ---- fields (total size 4 words):
 - private 'flags' 'I' @12  0
 - private 'completed' 'Z' @16  false
 - private final 'name' 'Ljava/lang/String;' @20  "/packages/com.sun/jdk.sctp"{0x00000000c1b0a980} (c1b0a980)
 - private final 'fileAttrs' 'Ljava/nio/file/attribute/BasicFileAttributes;' @24  a 'sun/nio/fs/UnixFileAttributes$UnixAsBasicFileAttributes'{0x00000000c1a52228} (c1a52228)
 - private final 'link' 'Ljdk/internal/jimage/ImageReader$Node;' @28  a 'jdk/internal/jimage/ImageReader$Directory'{0x00000000c1b0a9c8} (c1b0a9c8)
RDI=0x0000000000000048 is an unknown value
R8 =0x00007fe8897f0d00 points into unknown readable memory: 0x00007fe8a7f123f0 | f0 23 f1 a7 e8 7f 00 00
R9 =0x0000000000000001 is an unknown value
R10=0x00007fe8a7fc3320: <offset 0x00000000012bf320> in /home/chaitanya/.vscode-server/extensions/redhat.java-1.22.0-linux-x64/jre/17.0.8.1-linux-x86_64/lib/server/libjvm.so at 0x00007fe8a6d04000
R11=0x0000000000000010 is an unknown value
R12=0x00007fe8a0078710 points into unknown readable memory: 0x00007fe8a7f12650 | 50 26 f1 a7 e8 7f 00 00
R13=0x00000000c1b0ab6c is pointing into object: jdk.internal.jimage.ImageLocation 
{0x00000000c1b0ab60} - klass: 'jdk/internal/jimage/ImageLocation'
 - ---- fields (total size 3 words):
 - protected final 'attributes' '[J' @12  
[error occurred during error reporting (printing register info), id 0xb, SIGSEGV (0xb) at pc=0x00007fe8a790ab68]

Registers:
RAX=0x0000000000000001, RBX=0x00007fe8897f0d00, RCX=0x0000000000000003, RDX=0x00007fe8a800a245
RSP=0x00007fe8897f0bc0, RBP=0x00007fe8897f0c20, RSI=0x00000000c1b0a978, RDI=0x0000000000000048
R8 =0x00007fe8897f0d00, R9 =0x0000000000000001, R10=0x00007fe8a7fc3320, R11=0x0000000000000010
R12=0x00007fe8a0078710, R13=0x00000000c1b0ab6c, R14=0x00007fe8a00695f0, R15=0x00000000c1b0ab74
RIP=0x00007fe8a73e1476, EFLAGS=0x0000000000010206, CSGSFS=0x002b000000000033, ERR=0x0000000000000004
  TRAPNO=0x000000000000000e

Top of Stack: (sp=0x00007fe8897f0bc0)
0x00007fe8897f0bc0:   0000000000000000 00007fe8a73e2faf
0x00007fe8897f0bd0:   0000000000000000 00000000c1b0ab60
0x00007fe8897f0be0:   0000000100591718 0000000100591710
0x00007fe8897f0bf0:   0000000000000012 00007fe8a0078710 

Instructions: (pc=0x00007fe8a73e1476)
0x00007fe8a73e1376:   f2 49 8b 46 08 8b 88 c0 01 00 00 48 8b 80 b0 01
0x00007fe8a73e1386:   00 00 48 d3 ea 48 8b 04 d0 48 3b b0 e8 00 00 00
0x00007fe8a73e1396:   0f 83 7c 00 00 00 49 8b 96 98 00 00 00 48 8d 3d
0x00007fe8a73e13a6:   86 e4 ff ff 45 8b 4c 24 10 48 8b 02 48 8b 00 48
0x00007fe8a73e13b6:   39 f8 0f 85 92 02 00 00 48 89 f1 48 2b 4a 08 41
0x00007fe8a73e13c6:   ba 01 00 00 00 48 89 c8 8b 4a 18 48 c1 e8 03 48
0x00007fe8a73e13d6:   d3 e8 48 89 c1 48 89 c7 48 8b 42 20 48 c1 ef 06
0x00007fe8a73e13e6:   83 e1 3f 48 8d 3c f8 49 d3 e2 48 8b 0f eb 13 0f
0x00007fe8a73e13f6:   1f 00 48 89 c8 f0 48 0f b1 17 48 39 c1 74 4b 48
0x00007fe8a73e1406:   89 c1 4c 89 d2 48 09 ca 48 39 d1 75 e5 0f 1f 44
0x00007fe8a73e1416:   00 00 49 83 c5 04 4d 39 ef 0f 87 1b ff ff ff 48
0x00007fe8a73e1426:   8b 55 c8 49 89 d8 48 83 c2 08 48 39 55 c0 0f 87
0x00007fe8a73e1436:   e6 fe ff ff 48 83 c4 38 5b 41 5c 41 5d 41 5e 41
0x00007fe8a73e1446:   5f 5d c3 0f 1f 80 00 00 00 00 48 8d 15 ee 8d c2
0x00007fe8a73e1456:   00 0f b6 02 84 c0 0f 84 5e 02 00 00 4c 8d 15 b7
0x00007fe8a73e1466:   1e be 00 8b 7e 08 41 8b 4a 08 48 d3 e7 49 03 3a
0x00007fe8a73e1476:   8b 4f 08 85 c9 0f 8e f7 01 00 00 f6 c1 01 74 1a
0x00007fe8a73e1486:   48 8b 07 4c 8d 1d b0 19 bb ff 48 8b 80 00 01 00
0x00007fe8a73e1496:   00 4c 39 d8 0f 85 78 02 00 00 c1 f9 03 4c 63 d1
0x00007fe8a73e14a6:   49 8b 86 08 03 00 00 4a 8b 3c c8 49 89 f1 48 8b
0x00007fe8a73e14b6:   47 18 8b 88 c0 01 00 00 48 8b 80 b8 01 00 00 48
0x00007fe8a73e14c6:   d3 e0 49 29 c1 48 8d 05 2a a1 c2 00 8b 08 49 d3
0x00007fe8a73e14d6:   e9 44 89 c8 23 47 60 4c 89 c9 48 c1 e0 04 48 03
0x00007fe8a73e14e6:   47 40 44 8b 08 44 39 c9 0f 84 dc 01 00 00 4c 8b
0x00007fe8a73e14f6:   58 08 4d 85 db 74 0d 4c 8b 77 38 4f 8d 0c ce f0
0x00007fe8a73e1506:   4d 0f c1 19 48 c7 40 08 00 00 00 00 89 08 48 83
0x00007fe8a73e1516:   47 58 01 4c 01 50 08 49 8b 44 24 20 48 8b 88 f0
0x00007fe8a73e1526:   02 00 00 49 8b 84 24 90 00 00 00 48 85 c0 74 13
0x00007fe8a73e1536:   48 39 c6 72 17 49 3b b4 24 98 00 00 00 0f 82 cf
0x00007fe8a73e1546:   fe ff ff 48 39 ce 0f 83 c6 fe ff ff 80 3a 00 74
0x00007fe8a73e1556:   61 48 8d 15 c2 1d be 00 8b 46 08 8b 4a 08 48 d3
0x00007fe8a73e1566:   e0 48 03 02 81 78 08 ff ff ff bf 76 52 49 8b 84 


Stack slot to memory mapping:
stack at sp + 0 slots: 0x0 is NULL
stack at sp + 1 slots: 0x00007fe8a73e2faf: <offset 0x00000000006defaf> in /home/chaitanya/.vscode-server/extensions/redhat.java-1.22.0-linux-x64/jre/17.0.8.1-linux-x86_64/lib/server/libjvm.so at 0x00007fe8a6d04000
stack at sp + 2 slots: 0x0 is NULL
stack at sp + 3 slots: 0x00000000c1b0ab60 is an oop: jdk.internal.jimage.ImageLocation 
{0x00000000c1b0ab60} - klass: 'jdk/internal/jimage/ImageLocation'
 - ---- fields (total size 3 words):
 - protected final 'attributes' '[J' @12  
[error occurred during error reporting (inspecting top of stack), id 0xb, SIGSEGV (0xb) at pc=0x00007fe8a790ab68]


---------------  P R O C E S S  ---------------

Threads class SMR info:
_java_thread_list=0x00007fe7fc005e40, length=30, elements={
0x00007fe8a016c730, 0x00007fe8a016dce0, 0x00007fe8a018f7b0, 0x00007fe8a01930c0,
0x00007fe8a0194090, 0x00007fe8a0195610, 0x00007fe8a0196a30, 0x00007fe8a022b260,
0x00007fe8a02344a0, 0x00007fe8a112d210, 0x00007fe8a114d150, 0x00007fe8a1165720,
0x00007fe8a002b140, 0x00007fe81c026800, 0x00007fe81003ce70, 0x00007fe810055480,
0x00007fe81005ae30, 0x00007fe81400d600, 0x00007fe810099890, 0x00007fe814018ea0,
0x00007fe81401a450, 0x00007fe7e4000ff0, 0x00007fe8100a4080, 0x00007fe8180059b0,
0x00007fe810041f50, 0x00007fe840136010, 0x00007fe8100a4600, 0x00007fe7c804dd20,
0x00007fe864085e00, 0x00007fe8100a52c0
}

Java Threads: ( => current thread )
  0x00007fe8a016c730 JavaThread "Reference Handler" daemon [_thread_blocked, id=147747, stack(0x00007fe898fc4000,0x00007fe8990c4000)]
  0x00007fe8a016dce0 JavaThread "Finalizer" daemon [_thread_blocked, id=147748, stack(0x00007fe898ec4000,0x00007fe898fc4000)]
  0x00007fe8a018f7b0 JavaThread "Signal Dispatcher" daemon [_thread_blocked, id=147749, stack(0x00007fe898adb000,0x00007fe898bdb000)]
  0x00007fe8a01930c0 JavaThread "Service Thread" daemon [_thread_blocked, id=147750, stack(0x00007fe8989db000,0x00007fe898adb000)]
  0x00007fe8a0194090 JavaThread "Monitor Deflation Thread" daemon [_thread_blocked, id=147751, stack(0x00007fe8988db000,0x00007fe8989db000)]
  0x00007fe8a0195610 JavaThread "C1 CompilerThread0" daemon [_thread_blocked, id=147752, stack(0x00007fe8987db000,0x00007fe8988db000)]
  0x00007fe8a0196a30 JavaThread "Sweeper thread" daemon [_thread_blocked, id=147753, stack(0x00007fe8986db000,0x00007fe8987db000)]
  0x00007fe8a022b260 JavaThread "Notification Thread" daemon [_thread_blocked, id=147757, stack(0x00007fe8984db000,0x00007fe8985db000)]
  0x00007fe8a02344a0 JavaThread "Common-Cleaner" daemon [_thread_blocked, id=147759, stack(0x00007fe8982d9000,0x00007fe8983d9000)]
  0x00007fe8a112d210 JavaThread "boundedElastic-evictor-1" daemon [_thread_blocked, id=147809, stack(0x00007fe8897f2000,0x00007fe8898f2000)]
  0x00007fe8a114d150 JavaThread "pool-11-thread-1" [_thread_blocked, id=147810, stack(0x00007fe8895f0000,0x00007fe8896f0000)]
  0x00007fe8a1165720 JavaThread "LanguageServerApp-lifecycle" [_thread_blocked, id=147811, stack(0x00007fe8894f0000,0x00007fe8895f0000)]
  0x00007fe8a002b140 JavaThread "DestroyJavaVM" [_thread_blocked, id=147738, stack(0x00007fe8a6b20000,0x00007fe8a6c20000)]
  0x00007fe81c026800 JavaThread "pool-12-thread-1" [_thread_in_native, id=147812, stack(0x00007fe8893f0000,0x00007fe8894f0000)]
  0x00007fe81003ce70 JavaThread "Simple-Language-Server main thread" daemon [_thread_blocked, id=147813, stack(0x00007fe8892f0000,0x00007fe8893f0000)]
  0x00007fe810055480 JavaThread "pool-7-thread-1" [_thread_blocked, id=147817, stack(0x00007fe888ef0000,0x00007fe888ff0000)]
  0x00007fe81005ae30 JavaThread "parallel-1" daemon [_thread_blocked, id=147819, stack(0x00007fe888df0000,0x00007fe888ef0000)]
  0x00007fe81400d600 JavaThread "parallel-2" daemon [_thread_blocked, id=147821, stack(0x00007fe888bf0000,0x00007fe888cf0000)]
  0x00007fe810099890 JavaThread "parallel-3" daemon [_thread_blocked, id=147822, stack(0x00007fe888af0000,0x00007fe888bf0000)]
  0x00007fe814018ea0 JavaThread "parallel-4" daemon [_thread_blocked, id=147830, stack(0x00007fe8886f0000,0x00007fe8887f0000)]
  0x00007fe81401a450 JavaThread "parallel-5" daemon [_thread_blocked, id=147831, stack(0x00007fe8885f0000,0x00007fe8886f0000)]
  0x00007fe7e4000ff0 JavaThread "Reconciler-1" daemon [_thread_blocked, id=147835, stack(0x00007fe8884f0000,0x00007fe8885f0000)]
  0x00007fe8100a4080 JavaThread "parallel-6" daemon [_thread_blocked, id=161685, stack(0x00007fe8880f0000,0x00007fe8881f0000)]
  0x00007fe8180059b0 JavaThread "process reaper" daemon [_thread_blocked, id=162049, stack(0x00007fe898042000,0x00007fe898064000)]
  0x00007fe810041f50 JavaThread "pool-4-thread-8" [_thread_blocked, id=182110, stack(0x00007fe898079000,0x00007fe898179000)]
  0x00007fe840136010 JavaThread "ForkJoinPool.commonPool-worker-8" daemon [_thread_blocked, id=182111, stack(0x00007fe8881f0000,0x00007fe8882f0000)]
  0x00007fe8100a4600 JavaThread "parallel-7" daemon [_thread_blocked, id=182242, stack(0x00007fe8888f0000,0x00007fe8889f0000)]
  0x00007fe7c804dd20 JavaThread "pool-4-thread-9" [_thread_blocked, id=182243, stack(0x00007fe8889f0000,0x00007fe888af0000)]
  0x00007fe864085e00 JavaThread "C1 CompilerThread1" daemon [_thread_blocked, id=182244, stack(0x00007fe8882f0000,0x00007fe8883f0000)]
  0x00007fe8100a52c0 JavaThread "pool-14-thread-1" [_thread_blocked, id=182249, stack(0x00007fe8887f0000,0x00007fe8888f0000)]

Other Threads:
  0x00007fe8a0118a00 VMThread "VM Thread" [stack: 0x00007fe8990c6000,0x00007fe8991c6000] [id=147745]
  0x00007fe8a01217e0 WatcherThread [stack: 0x00007fe8983db000,0x00007fe8984db000] [id=147758]
  0x00007fe8a0068b80 GCTaskThread "GC Thread#0" [stack: 0x00007fe8a4b2c000,0x00007fe8a4c2c000] [id=147740]
  0x00007fe878005f10 GCTaskThread "GC Thread#1" [stack: 0x00007fe889f00000,0x00007fe88a000000] [id=147791]
  0x00007fe87800a3a0 GCTaskThread "GC Thread#2" [stack: 0x00007fe889dfe000,0x00007fe889efe000] [id=147792]
  0x00007fe87800ad60 GCTaskThread "GC Thread#3" [stack: 0x00007fe889cfc000,0x00007fe889dfc000] [id=147793]
  0x00007fe87800b790 GCTaskThread "GC Thread#4" [stack: 0x00007fe889bfa000,0x00007fe889cfa000] [id=147794]
  0x00007fe878009140 GCTaskThread "GC Thread#5" [stack: 0x00007fe889af8000,0x00007fe889bf8000] [id=147799]
  0x00007fe87800d2d0 GCTaskThread "GC Thread#6" [stack: 0x00007fe8899f6000,0x00007fe889af6000] [id=147800]
  0x00007fe87800da20 GCTaskThread "GC Thread#7" [stack: 0x00007fe8898f4000,0x00007fe8899f4000] [id=147801]
  0x00007fe8a0072180 ConcurrentGCThread "G1 Main Marker" [stack: 0x00007fe8a4a2a000,0x00007fe8a4b2a000] [id=147741]
  0x00007fe8a00730f0 ConcurrentGCThread "G1 Conc#0" [stack: 0x00007fe8a4928000,0x00007fe8a4a28000] [id=147742]
=>0x00007fe88c000eb0 ConcurrentGCThread "G1 Conc#1" [stack: 0x00007fe8896f2000,0x00007fe8897f2000] [id=147806]
  0x00007fe8a00e8a80 ConcurrentGCThread "G1 Refine#0" [stack: 0x00007fe8a401e000,0x00007fe8a411e000] [id=147743]
  0x00007fe8a00e9970 ConcurrentGCThread "G1 Service" [stack: 0x00007fe8992e5000,0x00007fe8993e5000] [id=147744]

Threads with active compile tasks:

VM state: not at safepoint (normal execution)

VM Mutex/Monitor currently owned by a thread: None

Heap address: 0x00000000c0000000, size: 1024 MB, Compressed Oops mode: 32-bit

CDS archive(s) not mapped
Compressed class space mapped at: 0x0000000100000000-0x0000000140000000, reserved size: 1073741824
Narrow klass base: 0x0000000000000000, Narrow klass shift: 3, Narrow klass range: 0x140000000

GC Precious Log:
 CPUs: 8 total, 8 available
 Memory: 7873M
 Large Page Support: Disabled
 NUMA Support: Disabled
 Compressed Oops: Enabled (32-bit)
 Heap Region Size: 1M
 Heap Min Capacity: 8M
 Heap Initial Capacity: 124M
 Heap Max Capacity: 1G
 Pre-touch: Disabled
 Parallel Workers: 8
 Concurrent Workers: 2
 Concurrent Refinement Workers: 8
 Periodic GC: Disabled

Heap:
 garbage-first heap   total 89088K, used 54948K [0x00000000c0000000, 0x0000000100000000)
  region size 1024K, 15 young (15360K), 3 survivors (3072K)
 Metaspace       used 56227K, committed 56704K, reserved 1114112K
  class space    used 7253K, committed 7488K, reserved 1048576K

Heap Regions: E=young(eden), S=young(survivor), O=old, HS=humongous(starts), HC=humongous(continues), CS=collection set, F=free, OA=open archive, CA=closed archive, TAMS=top-at-mark-start (previous, next)
|   0|0x00000000c0000000, 0x00000000c0100000, 0x00000000c0100000|100%| O|  |TAMS 0x00000000c0100000, 0x00000000c0100000| Untracked 
|   1|0x00000000c0100000, 0x00000000c0200000, 0x00000000c0200000|100%| O|  |TAMS 0x00000000c0200000, 0x00000000c0200000| Untracked 
|   2|0x00000000c0200000, 0x00000000c0300000, 0x00000000c0300000|100%| O|  |TAMS 0x00000000c0300000, 0x00000000c0300000| Untracked 
|   3|0x00000000c0300000, 0x00000000c0400000, 0x00000000c0400000|100%| O|  |TAMS 0x00000000c0400000, 0x00000000c0400000| Untracked 
|   4|0x00000000c0400000, 0x00000000c0500000, 0x00000000c0500000|100%| O|  |TAMS 0x00000000c0500000, 0x00000000c0500000| Untracked 
|   5|0x00000000c0500000, 0x00000000c0600000, 0x00000000c0600000|100%| O|  |TAMS 0x00000000c0600000, 0x00000000c0600000| Untracked 
|   6|0x00000000c0600000, 0x00000000c0700000, 0x00000000c0700000|100%| O|  |TAMS 0x00000000c0700000, 0x00000000c0700000| Untracked 
|   7|0x00000000c0700000, 0x00000000c0800000, 0x00000000c0800000|100%| O|  |TAMS 0x00000000c0800000, 0x00000000c0800000| Untracked 
|   8|0x00000000c0800000, 0x00000000c0900000, 0x00000000c0900000|100%| O|  |TAMS 0x00000000c0900000, 0x00000000c0900000| Untracked 
|   9|0x00000000c0900000, 0x00000000c094ee00, 0x00000000c0a00000| 30%| O|  |TAMS 0x00000000c094ee00, 0x00000000c094ee00| Untracked 
|  10|0x00000000c0a00000, 0x00000000c0b00000, 0x00000000c0b00000|100%| O|  |TAMS 0x00000000c0b00000, 0x00000000c0b00000| Untracked 
|  11|0x00000000c0b00000, 0x00000000c0c00000, 0x00000000c0c00000|100%| O|  |TAMS 0x00000000c0c00000, 0x00000000c0c00000| Untracked 
|  12|0x00000000c0c00000, 0x00000000c0d00000, 0x00000000c0d00000|100%| O|  |TAMS 0x00000000c0d00000, 0x00000000c0d00000| Untracked 
|  13|0x00000000c0d00000, 0x00000000c0e00000, 0x00000000c0e00000|100%| O|  |TAMS 0x00000000c0e00000, 0x00000000c0e00000| Untracked 
|  14|0x00000000c0e00000, 0x00000000c0f00000, 0x00000000c0f00000|100%| O|  |TAMS 0x00000000c0f00000, 0x00000000c0f00000| Untracked 
|  15|0x00000000c0f00000, 0x00000000c1000000, 0x00000000c1000000|100%| O|  |TAMS 0x00000000c1000000, 0x00000000c1000000| Untracked 
|  16|0x00000000c1000000, 0x00000000c1100000, 0x00000000c1100000|100%| O|  |TAMS 0x00000000c1100000, 0x00000000c1100000| Untracked 
|  17|0x00000000c1100000, 0x00000000c1200000, 0x00000000c1200000|100%| O|  |TAMS 0x00000000c1200000, 0x00000000c1200000| Untracked 
|  18|0x00000000c1200000, 0x00000000c1300000, 0x00000000c1300000|100%| O|  |TAMS 0x00000000c1300000, 0x00000000c1300000| Untracked 
|  19|0x00000000c1300000, 0x00000000c1400000, 0x00000000c1400000|100%| O|  |TAMS 0x00000000c1400000, 0x00000000c1400000| Untracked 
|  20|0x00000000c1400000, 0x00000000c1500000, 0x00000000c1500000|100%| O|  |TAMS 0x00000000c1500000, 0x00000000c1500000| Untracked 
|  21|0x00000000c1500000, 0x00000000c1600000, 0x00000000c1600000|100%|HS|  |TAMS 0x00000000c1600000, 0x00000000c1600000| Complete 
|  22|0x00000000c1600000, 0x00000000c1700000, 0x00000000c1700000|100%| O|  |TAMS 0x00000000c1700000, 0x00000000c1700000| Untracked 
|  23|0x00000000c1700000, 0x00000000c1800000, 0x00000000c1800000|100%| O|  |TAMS 0x00000000c1800000, 0x00000000c1800000| Untracked 
|  24|0x00000000c1800000, 0x00000000c1900000, 0x00000000c1900000|100%| O|  |TAMS 0x00000000c1900000, 0x00000000c1900000| Untracked 
|  25|0x00000000c1900000, 0x00000000c1a00000, 0x00000000c1a00000|100%| O|  |TAMS 0x00000000c1a00000, 0x00000000c1a00000| Untracked 
|  26|0x00000000c1a00000, 0x00000000c1b00000, 0x00000000c1b00000|100%| O|  |TAMS 0x00000000c1b00000, 0x00000000c1b00000| Untracked 
|  27|0x00000000c1b00000, 0x00000000c1c00000, 0x00000000c1c00000|100%| O|  |TAMS 0x00000000c1c00000, 0x00000000c1c00000| Untracked 
|  28|0x00000000c1c00000, 0x00000000c1d00000, 0x00000000c1d00000|100%| O|  |TAMS 0x00000000c1d00000, 0x00000000c1d00000| Untracked 
|  29|0x00000000c1d00000, 0x00000000c1e00000, 0x00000000c1e00000|100%| O|  |TAMS 0x00000000c1e00000, 0x00000000c1e00000| Untracked 
|  30|0x00000000c1e00000, 0x00000000c1f00000, 0x00000000c1f00000|100%| O|  |TAMS 0x00000000c1f00000, 0x00000000c1f00000| Untracked 
|  31|0x00000000c1f00000, 0x00000000c2000000, 0x00000000c2000000|100%| O|  |TAMS 0x00000000c2000000, 0x00000000c2000000| Untracked 
|  32|0x00000000c2000000, 0x00000000c2100000, 0x00000000c2100000|100%| O|  |TAMS 0x00000000c2100000, 0x00000000c2100000| Untracked 
|  33|0x00000000c2100000, 0x00000000c2200000, 0x00000000c2200000|100%| O|  |TAMS 0x00000000c2200000, 0x00000000c2200000| Untracked 
|  34|0x00000000c2200000, 0x00000000c2300000, 0x00000000c2300000|100%| O|  |TAMS 0x00000000c2300000, 0x00000000c2300000| Untracked 
|  35|0x00000000c2300000, 0x00000000c2400000, 0x00000000c2400000|100%| O|  |TAMS 0x00000000c2361400, 0x00000000c2400000| Untracked 
|  36|0x00000000c2400000, 0x00000000c2500000, 0x00000000c2500000|100%| O|  |TAMS 0x00000000c2400000, 0x00000000c2500000| Untracked 
|  37|0x00000000c2500000, 0x00000000c2600000, 0x00000000c2600000|100%| O|  |TAMS 0x00000000c2500000, 0x00000000c2600000| Untracked 
|  38|0x00000000c2600000, 0x00000000c2700000, 0x00000000c2700000|100%| O|  |TAMS 0x00000000c2600000, 0x00000000c2700000| Untracked 
|  39|0x00000000c2700000, 0x00000000c2800000, 0x00000000c2800000|100%| O|  |TAMS 0x00000000c2700000, 0x00000000c276ce00| Untracked 
|  40|0x00000000c2800000, 0x00000000c2892800, 0x00000000c2900000| 57%| O|  |TAMS 0x00000000c2800000, 0x00000000c2800000| Untracked 
|  41|0x00000000c2900000, 0x00000000c2900000, 0x00000000c2a00000|  0%| F|  |TAMS 0x00000000c2900000, 0x00000000c2900000| Untracked 
|  42|0x00000000c2a00000, 0x00000000c2a00000, 0x00000000c2b00000|  0%| F|  |TAMS 0x00000000c2a00000, 0x00000000c2a00000| Untracked 
|  43|0x00000000c2b00000, 0x00000000c2b00000, 0x00000000c2c00000|  0%| F|  |TAMS 0x00000000c2b00000, 0x00000000c2b00000| Untracked 
|  44|0x00000000c2c00000, 0x00000000c2c00000, 0x00000000c2d00000|  0%| F|  |TAMS 0x00000000c2c00000, 0x00000000c2c00000| Untracked 
|  45|0x00000000c2d00000, 0x00000000c2d00000, 0x00000000c2e00000|  0%| F|  |TAMS 0x00000000c2d00000, 0x00000000c2d00000| Untracked 
|  46|0x00000000c2e00000, 0x00000000c2e00000, 0x00000000c2f00000|  0%| F|  |TAMS 0x00000000c2e00000, 0x00000000c2e00000| Untracked 
|  47|0x00000000c2f00000, 0x00000000c2f00000, 0x00000000c3000000|  0%| F|  |TAMS 0x00000000c2f00000, 0x00000000c2f00000| Untracked 
|  48|0x00000000c3000000, 0x00000000c3000000, 0x00000000c3100000|  0%| F|  |TAMS 0x00000000c3000000, 0x00000000c3000000| Untracked 
|  49|0x00000000c3100000, 0x00000000c3100000, 0x00000000c3200000|  0%| F|  |TAMS 0x00000000c3100000, 0x00000000c3100000| Untracked 
|  50|0x00000000c3200000, 0x00000000c3200000, 0x00000000c3300000|  0%| F|  |TAMS 0x00000000c3200000, 0x00000000c3200000| Untracked 
|  51|0x00000000c3300000, 0x00000000c3300000, 0x00000000c3400000|  0%| F|  |TAMS 0x00000000c3300000, 0x00000000c3300000| Untracked 
|  52|0x00000000c3400000, 0x00000000c3400000, 0x00000000c3500000|  0%| F|  |TAMS 0x00000000c3400000, 0x00000000c3400000| Untracked 
|  53|0x00000000c3500000, 0x00000000c3500000, 0x00000000c3600000|  0%| F|  |TAMS 0x00000000c3500000, 0x00000000c3500000| Untracked 
|  54|0x00000000c3600000, 0x00000000c3600000, 0x00000000c3700000|  0%| F|  |TAMS 0x00000000c3600000, 0x00000000c3600000| Untracked 
|  55|0x00000000c3700000, 0x00000000c3700000, 0x00000000c3800000|  0%| F|  |TAMS 0x00000000c3700000, 0x00000000c3700000| Untracked 
|  56|0x00000000c3800000, 0x00000000c3800000, 0x00000000c3900000|  0%| F|  |TAMS 0x00000000c3800000, 0x00000000c3800000| Untracked 
|  57|0x00000000c3900000, 0x00000000c39c7c60, 0x00000000c3a00000| 78%| S|CS|TAMS 0x00000000c3900000, 0x00000000c3900000| Complete 
|  58|0x00000000c3a00000, 0x00000000c3b00000, 0x00000000c3b00000|100%| S|CS|TAMS 0x00000000c3a00000, 0x00000000c3a00000| Complete 
|  59|0x00000000c3b00000, 0x00000000c3c00000, 0x00000000c3c00000|100%| S|CS|TAMS 0x00000000c3b00000, 0x00000000c3b00000| Complete 
|  60|0x00000000c3c00000, 0x00000000c3c00000, 0x00000000c3d00000|  0%| F|  |TAMS 0x00000000c3c00000, 0x00000000c3c00000| Untracked 
|  61|0x00000000c3d00000, 0x00000000c3d00000, 0x00000000c3e00000|  0%| F|  |TAMS 0x00000000c3d00000, 0x00000000c3d00000| Untracked 
|  62|0x00000000c3e00000, 0x00000000c3e00000, 0x00000000c3f00000|  0%| F|  |TAMS 0x00000000c3e00000, 0x00000000c3e00000| Untracked 
|  63|0x00000000c3f00000, 0x00000000c3f00000, 0x00000000c4000000|  0%| F|  |TAMS 0x00000000c3f00000, 0x00000000c3f00000| Untracked 
|  64|0x00000000c4000000, 0x00000000c4000000, 0x00000000c4100000|  0%| F|  |TAMS 0x00000000c4000000, 0x00000000c4000000| Untracked 
|  65|0x00000000c4100000, 0x00000000c4100000, 0x00000000c4200000|  0%| F|  |TAMS 0x00000000c4100000, 0x00000000c4100000| Untracked 
|  66|0x00000000c4200000, 0x00000000c4200000, 0x00000000c4300000|  0%| F|  |TAMS 0x00000000c4200000, 0x00000000c4200000| Untracked 
|  67|0x00000000c4300000, 0x00000000c4300000, 0x00000000c4400000|  0%| F|  |TAMS 0x00000000c4300000, 0x00000000c4300000| Untracked 
|  68|0x00000000c4400000, 0x00000000c4400000, 0x00000000c4500000|  0%| F|  |TAMS 0x00000000c4400000, 0x00000000c4400000| Untracked 
|  69|0x00000000c4500000, 0x00000000c4500000, 0x00000000c4600000|  0%| F|  |TAMS 0x00000000c4500000, 0x00000000c4500000| Untracked 
|  70|0x00000000c4600000, 0x00000000c4600000, 0x00000000c4700000|  0%| F|  |TAMS 0x00000000c4600000, 0x00000000c4600000| Untracked 
|  71|0x00000000c4700000, 0x00000000c4700000, 0x00000000c4800000|  0%| F|  |TAMS 0x00000000c4700000, 0x00000000c4700000| Untracked 
|  72|0x00000000c4800000, 0x00000000c4800000, 0x00000000c4900000|  0%| F|  |TAMS 0x00000000c4800000, 0x00000000c4800000| Untracked 
|  73|0x00000000c4900000, 0x00000000c4900000, 0x00000000c4a00000|  0%| F|  |TAMS 0x00000000c4900000, 0x00000000c4900000| Untracked 
|  74|0x00000000c4a00000, 0x00000000c4a00000, 0x00000000c4b00000|  0%| F|  |TAMS 0x00000000c4a00000, 0x00000000c4a00000| Untracked 
|  75|0x00000000c4b00000, 0x00000000c4bcabb0, 0x00000000c4c00000| 79%| E|  |TAMS 0x00000000c4b00000, 0x00000000c4b00000| Complete 
|  76|0x00000000c4c00000, 0x00000000c4d00000, 0x00000000c4d00000|100%| E|CS|TAMS 0x00000000c4c00000, 0x00000000c4c00000| Complete 
|  77|0x00000000c4d00000, 0x00000000c4e00000, 0x00000000c4e00000|100%| E|CS|TAMS 0x00000000c4d00000, 0x00000000c4d00000| Complete 
|  78|0x00000000c4e00000, 0x00000000c4f00000, 0x00000000c4f00000|100%| E|CS|TAMS 0x00000000c4e00000, 0x00000000c4e00000| Complete 
|  79|0x00000000c4f00000, 0x00000000c5000000, 0x00000000c5000000|100%| E|CS|TAMS 0x00000000c4f00000, 0x00000000c4f00000| Complete 
|  80|0x00000000c5000000, 0x00000000c5100000, 0x00000000c5100000|100%| E|CS|TAMS 0x00000000c5000000, 0x00000000c5000000| Complete 
|  81|0x00000000c5100000, 0x00000000c5200000, 0x00000000c5200000|100%| E|CS|TAMS 0x00000000c5100000, 0x00000000c5100000| Complete 
|  95|0x00000000c5f00000, 0x00000000c6000000, 0x00000000c6000000|100%| E|CS|TAMS 0x00000000c5f00000, 0x00000000c5f00000| Complete 
|  98|0x00000000c6200000, 0x00000000c6300000, 0x00000000c6300000|100%| E|CS|TAMS 0x00000000c6200000, 0x00000000c6200000| Complete 
|  99|0x00000000c6300000, 0x00000000c6400000, 0x00000000c6400000|100%| E|CS|TAMS 0x00000000c6300000, 0x00000000c6300000| Complete 
| 100|0x00000000c6400000, 0x00000000c6500000, 0x00000000c6500000|100%| E|CS|TAMS 0x00000000c6400000, 0x00000000c6400000| Complete 
| 123|0x00000000c7b00000, 0x00000000c7c00000, 0x00000000c7c00000|100%| E|CS|TAMS 0x00000000c7b00000, 0x00000000c7b00000| Complete 

Card table byte_map: [0x00007fe8a5e6f000,0x00007fe8a606f000] _byte_map_base: 0x00007fe8a586f000

Marking Bits (Prev, Next): (CMBitMap*) 0x00007fe8a0069600, (CMBitMap*) 0x00007fe8a0069640
 Prev Bits: [0x00007fe8a4c6f000, 0x00007fe8a5c6f000)
 Next Bits: [0x00007fe8993e5000, 0x00007fe89a3e5000)

Polling page: 0x00007fe8a8278000

Metaspace:

Usage:
  Non-class:     47.83 MB used.
      Class:      7.08 MB used.
       Both:     54.91 MB used.

Virtual space:
  Non-class space:       64.00 MB reserved,      48.06 MB ( 75%) committed,  1 nodes.
      Class space:        1.00 GB reserved,       7.31 MB ( <1%) committed,  1 nodes.
             Both:        1.06 GB reserved,      55.38 MB (  5%) committed. 

Chunk freelists:
   Non-Class:  15.44 MB
       Class:  8.72 MB
        Both:  24.16 MB

MaxMetaspaceSize: unlimited
CompressedClassSpaceSize: 1.00 GB
Initial GC threshold: 21.00 MB
Current GC threshold: 90.25 MB
CDS: off
MetaspaceReclaimPolicy: balanced
 - commit_granule_bytes: 65536.
 - commit_granule_words: 8192.
 - virtual_space_node_default_size: 8388608.
 - enlarge_chunks_in_place: 1.
 - new_chunks_are_fully_committed: 0.
 - uncommit_free_chunks: 1.
 - use_allocation_guard: 0.
 - handle_deallocations: 1.


Internal statistics:

num_allocs_failed_limit: 6.
num_arena_births: 622.
num_arena_deaths: 2.
num_vsnodes_births: 2.
num_vsnodes_deaths: 0.
num_space_committed: 886.
num_space_uncommitted: 0.
num_chunks_returned_to_freelist: 9.
num_chunks_taken_from_freelist: 2355.
num_chunk_merges: 3.
num_chunk_splits: 1638.
num_chunks_enlarged: 1225.
num_inconsistent_stats: 0.

CodeCache: size=49152Kb used=12592Kb max_used=12592Kb free=36559Kb
 bounds [0x00007fe89a3e5000, 0x00007fe89b035000, 0x00007fe89d3e5000]
 total_blobs=7093 nmethods=6441 adapters=579
 compilation: enabled
              stopped_count=0, restarted_count=0
 full_count=0

Compilation events (20 events):
Event: 3905.608 Thread 0x00007fe8a0195610 nmethod 6355 0x00007fe89afaa090 code [0x00007fe89afaa260, 0x00007fe89afaa4d0]
Event: 3905.608 Thread 0x00007fe8a0195610 6357       1       java.util.stream.StreamSpliterators$WrappingSpliterator::forEachRemaining (63 bytes)
Event: 3905.608 Thread 0x00007fe864085e00 nmethod 6356 0x00007fe89afa9c90 code [0x00007fe89afa9e40, 0x00007fe89afa9fd0]
Event: 3905.608 Thread 0x00007fe864085e00 6358       1       java.util.stream.StreamSpliterators$WrappingSpliterator$$Lambda$997/0x000000010064fcf0::<init> (10 bytes)
Event: 3905.608 Thread 0x00007fe864085e00 nmethod 6358 0x00007fe89afa9990 code [0x00007fe89afa9b20, 0x00007fe89afa9c30]
Event: 3905.609 Thread 0x00007fe864085e00 6359       1       java.nio.file.Files::newByteChannel (36 bytes)
Event: 3905.609 Thread 0x00007fe864085e00 nmethod 6359 0x00007fe89afa9310 code [0x00007fe89afa94e0, 0x00007fe89afa9830]
Event: 3905.609 Thread 0x00007fe864085e00 6360       1       java.nio.file.Files::newByteChannel (11 bytes)
Event: 3905.609 Thread 0x00007fe864085e00 nmethod 6360 0x00007fe89afa8f10 code [0x00007fe89afa90c0, 0x00007fe89afa9200]
Event: 3905.610 Thread 0x00007fe8a0195610 nmethod 6357 0x00007fe89afa8610 code [0x00007fe89afa8820, 0x00007fe89afa8cd0]
Event: 3905.612 Thread 0x00007fe864085e00 6361   !   1       org.eclipse.jdt.internal.compiler.parser.Scanner::getNextChar (168 bytes)
Event: 3905.613 Thread 0x00007fe864085e00 nmethod 6361 0x00007fe89afa7f10 code [0x00007fe89afa8100, 0x00007fe89afa8430]
Event: 3905.613 Thread 0x00007fe864085e00 6362       1       org.eclipse.core.runtime.SubMonitor::isCanceled (20 bytes)
Event: 3905.613 Thread 0x00007fe8a0195610 6363       1       org.eclipse.core.runtime.SubMonitor$RootInfo::isCanceled (10 bytes)
Event: 3905.613 Thread 0x00007fe8a0195610 nmethod 6363 0x00007fe89afa7c10 code [0x00007fe89afa7dc0, 0x00007fe89afa7ea0]
Event: 3905.613 Thread 0x00007fe864085e00 nmethod 6362 0x00007fe89afa7890 code [0x00007fe89afa7a40, 0x00007fe89afa7b60]
Event: 3905.622 Thread 0x00007fe8a0195610 6364       1       org.eclipse.jdt.internal.compiler.classfmt.AnnotationMethodInfo::createAnnotationMethod (578 bytes)
Event: 3905.625 Thread 0x00007fe8a0195610 nmethod 6364 0x00007fe89afa5410 code [0x00007fe89afa5780, 0x00007fe89afa6df0]
Event: 3905.625 Thread 0x00007fe8a0195610 6365       1       org.eclipse.jdt.internal.compiler.parser.Parser::getFirstToken (5 bytes)
Event: 3905.625 Thread 0x00007fe8a0195610 nmethod 6365 0x00007fe89afa5110 code [0x00007fe89afa52a0, 0x00007fe89afa5370]

GC Heap History (20 events):
Event: 4.916 GC heap before
{Heap before GC invocations=11 (full 0):
 garbage-first heap   total 61440K, used 45891K [0x00000000c0000000, 0x0000000100000000)
  region size 1024K, 25 young (25600K), 3 survivors (3072K)
 Metaspace       used 42474K, committed 42944K, reserved 1114112K
  class space    used 5542K, committed 5760K, reserved 1048576K
}
Event: 4.921 GC heap after
{Heap after GC invocations=12 (full 0):
 garbage-first heap   total 61440K, used 28780K [0x00000000c0000000, 0x0000000100000000)
  region size 1024K, 4 young (4096K), 4 survivors (4096K)
 Metaspace       used 42474K, committed 42944K, reserved 1114112K
  class space    used 5542K, committed 5760K, reserved 1048576K
}
Event: 5.059 GC heap before
{Heap before GC invocations=12 (full 0):
 garbage-first heap   total 61440K, used 44140K [0x00000000c0000000, 0x0000000100000000)
  region size 1024K, 20 young (20480K), 4 survivors (4096K)
 Metaspace       used 45880K, committed 46336K, reserved 1114112K
  class space    used 5885K, committed 6144K, reserved 1048576K
}
Event: 5.063 GC heap after
{Heap after GC invocations=13 (full 0):
 garbage-first heap   total 73728K, used 32233K [0x00000000c0000000, 0x0000000100000000)
  region size 1024K, 3 young (3072K), 3 survivors (3072K)
 Metaspace       used 45880K, committed 46336K, reserved 1114112K
  class space    used 5885K, committed 6144K, reserved 1048576K
}
Event: 5.202 GC heap before
{Heap before GC invocations=13 (full 0):
 garbage-first heap   total 73728K, used 50665K [0x00000000c0000000, 0x0000000100000000)
  region size 1024K, 22 young (22528K), 3 survivors (3072K)
 Metaspace       used 48887K, committed 49344K, reserved 1114112K
  class space    used 6285K, committed 6464K, reserved 1048576K
}
Event: 5.205 GC heap after
{Heap after GC invocations=14 (full 0):
 garbage-first heap   total 73728K, used 33934K [0x00000000c0000000, 0x0000000100000000)
  region size 1024K, 2 young (2048K), 2 survivors (2048K)
 Metaspace       used 48887K, committed 49344K, reserved 1114112K
  class space    used 6285K, committed 6464K, reserved 1048576K
}
Event: 5.294 GC heap before
{Heap before GC invocations=14 (full 0):
 garbage-first heap   total 73728K, used 53390K [0x00000000c0000000, 0x0000000100000000)
  region size 1024K, 21 young (21504K), 2 survivors (2048K)
 Metaspace       used 49540K, committed 49984K, reserved 1114112K
  class space    used 6368K, committed 6592K, reserved 1048576K
}
Event: 5.298 GC heap after
{Heap after GC invocations=15 (full 0):
 garbage-first heap   total 73728K, used 35533K [0x00000000c0000000, 0x0000000100000000)
  region size 1024K, 2 young (2048K), 2 survivors (2048K)
 Metaspace       used 49540K, committed 49984K, reserved 1114112K
  class space    used 6368K, committed 6592K, reserved 1048576K
}
Event: 5.530 GC heap before
{Heap before GC invocations=16 (full 0):
 garbage-first heap   total 73728K, used 53965K [0x00000000c0000000, 0x0000000100000000)
  region size 1024K, 21 young (21504K), 2 survivors (2048K)
 Metaspace       used 52024K, committed 52480K, reserved 1114112K
  class space    used 6636K, committed 6848K, reserved 1048576K
}
Event: 5.535 GC heap after
{Heap after GC invocations=17 (full 0):
 garbage-first heap   total 73728K, used 37903K [0x00000000c0000000, 0x0000000100000000)
  region size 1024K, 3 young (3072K), 3 survivors (3072K)
 Metaspace       used 52024K, committed 52480K, reserved 1114112K
  class space    used 6636K, committed 6848K, reserved 1048576K
}
Event: 11.588 GC heap before
{Heap before GC invocations=17 (full 0):
 garbage-first heap   total 73728K, used 54287K [0x00000000c0000000, 0x0000000100000000)
  region size 1024K, 20 young (20480K), 3 survivors (3072K)
 Metaspace       used 54927K, committed 55424K, reserved 1114112K
  class space    used 7048K, committed 7296K, reserved 1048576K
}
Event: 11.603 GC heap after
{Heap after GC invocations=18 (full 0):
 garbage-first heap   total 73728K, used 40170K [0x00000000c0000000, 0x0000000100000000)
  region size 1024K, 3 young (3072K), 3 survivors (3072K)
 Metaspace       used 54927K, committed 55424K, reserved 1114112K
  class space    used 7048K, committed 7296K, reserved 1048576K
}
Event: 135.378 GC heap before
{Heap before GC invocations=19 (full 0):
 garbage-first heap   total 73728K, used 56554K [0x00000000c0000000, 0x0000000100000000)
  region size 1024K, 19 young (19456K), 3 survivors (3072K)
 Metaspace       used 55665K, committed 56128K, reserved 1114112K
  class space    used 7157K, committed 7360K, reserved 1048576K
}
Event: 135.383 GC heap after
{Heap after GC invocations=20 (full 0):
 garbage-first heap   total 89088K, used 40534K [0x00000000c0000000, 0x0000000100000000)
  region size 1024K, 2 young (2048K), 2 survivors (2048K)
 Metaspace       used 55665K, committed 56128K, reserved 1114112K
  class space    used 7157K, committed 7360K, reserved 1048576K
}
Event: 1415.580 GC heap before
{Heap before GC invocations=20 (full 0):
 garbage-first heap   total 89088K, used 66134K [0x00000000c0000000, 0x0000000100000000)
  region size 1024K, 28 young (28672K), 2 survivors (2048K)
 Metaspace       used 55748K, committed 56256K, reserved 1114112K
  class space    used 7181K, committed 7424K, reserved 1048576K
}
Event: 1415.587 GC heap after
{Heap after GC invocations=21 (full 0):
 garbage-first heap   total 89088K, used 41679K [0x00000000c0000000, 0x0000000100000000)
  region size 1024K, 3 young (3072K), 3 survivors (3072K)
 Metaspace       used 55748K, committed 56256K, reserved 1114112K
  class space    used 7181K, committed 7424K, reserved 1048576K
}
Event: 1416.041 GC heap before
{Heap before GC invocations=21 (full 0):
 garbage-first heap   total 89088K, used 68303K [0x00000000c0000000, 0x0000000100000000)
  region size 1024K, 30 young (30720K), 3 survivors (3072K)
 Metaspace       used 55800K, committed 56320K, reserved 1114112K
  class space    used 7192K, committed 7424K, reserved 1048576K
}
Event: 1416.048 GC heap after
{Heap after GC invocations=22 (full 0):
 garbage-first heap   total 89088K, used 42440K [0x00000000c0000000, 0x0000000100000000)
  region size 1024K, 3 young (3072K), 3 survivors (3072K)
 Metaspace       used 55800K, committed 56320K, reserved 1114112K
  class space    used 7192K, committed 7424K, reserved 1048576K
}
Event: 3905.596 GC heap before
{Heap before GC invocations=22 (full 0):
 garbage-first heap   total 89088K, used 69064K [0x00000000c0000000, 0x0000000100000000)
  region size 1024K, 30 young (30720K), 3 survivors (3072K)
 Metaspace       used 55894K, committed 56384K, reserved 1114112K
  class space    used 7208K, committed 7424K, reserved 1048576K
}
Event: 3905.600 GC heap after
{Heap after GC invocations=23 (full 0):
 garbage-first heap   total 89088K, used 43684K [0x00000000c0000000, 0x0000000100000000)
  region size 1024K, 3 young (3072K), 3 survivors (3072K)
 Metaspace       used 55894K, committed 56384K, reserved 1114112K
  class space    used 7208K, committed 7424K, reserved 1048576K
}

Dll operation events (9 events):
Event: 0.009 Loaded shared library /home/chaitanya/.vscode-server/extensions/redhat.java-1.22.0-linux-x64/jre/17.0.8.1-linux-x86_64/lib/libjava.so
Event: 0.190 Loaded shared library /home/chaitanya/.vscode-server/extensions/redhat.java-1.22.0-linux-x64/jre/17.0.8.1-linux-x86_64/lib/libnio.so
Event: 0.205 Loaded shared library /home/chaitanya/.vscode-server/extensions/redhat.java-1.22.0-linux-x64/jre/17.0.8.1-linux-x86_64/lib/libzip.so
Event: 0.523 Loaded shared library /home/chaitanya/.vscode-server/extensions/redhat.java-1.22.0-linux-x64/jre/17.0.8.1-linux-x86_64/lib/libjimage.so
Event: 0.759 Loaded shared library /home/chaitanya/.vscode-server/extensions/redhat.java-1.22.0-linux-x64/jre/17.0.8.1-linux-x86_64/lib/libnet.so
Event: 3.655 Loaded shared library /home/chaitanya/.vscode-server/extensions/redhat.java-1.22.0-linux-x64/jre/17.0.8.1-linux-x86_64/lib/libverify.so
Event: 3.888 Loaded shared library /home/chaitanya/.vscode-server/extensions/redhat.java-1.22.0-linux-x64/jre/17.0.8.1-linux-x86_64/lib/libmanagement.so
Event: 3.889 Loaded shared library /home/chaitanya/.vscode-server/extensions/redhat.java-1.22.0-linux-x64/jre/17.0.8.1-linux-x86_64/lib/libmanagement_ext.so
Event: 5.850 Loaded shared library /home/chaitanya/.vscode-server/extensions/redhat.java-1.22.0-linux-x64/jre/17.0.8.1-linux-x86_64/lib/libextnet.so

Deoptimization events (20 events):
Event: 5.522 Thread 0x00007fe81009dab0 DEOPT PACKING pc=0x00007fe89ae477a4 sp=0x00007fe888aedc50
Event: 5.522 Thread 0x00007fe81009dab0 DEOPT UNPACKING pc=0x00007fe89a43be2f sp=0x00007fe888aed148 mode 0
Event: 5.523 Thread 0x00007fe81009dab0 DEOPT PACKING pc=0x00007fe89ae477a4 sp=0x00007fe888aedde0
Event: 5.523 Thread 0x00007fe81009dab0 DEOPT UNPACKING pc=0x00007fe89a43be2f sp=0x00007fe888aed2d8 mode 0
Event: 5.523 Thread 0x00007fe81009dab0 DEOPT PACKING pc=0x00007fe89ae477a4 sp=0x00007fe888aedf70
Event: 5.523 Thread 0x00007fe81009dab0 DEOPT UNPACKING pc=0x00007fe89a43be2f sp=0x00007fe888aed468 mode 0
Event: 135.350 Thread 0x00007fe81c026800 DEOPT PACKING pc=0x00007fe89aa58554 sp=0x00007fe8894ee570
Event: 135.350 Thread 0x00007fe81c026800 DEOPT UNPACKING pc=0x00007fe89a43be2f sp=0x00007fe8894eda38 mode 0
Event: 135.350 Thread 0x00007fe81c026800 DEOPT PACKING pc=0x00007fe89a7df7e4 sp=0x00007fe8894ee650
Event: 135.350 Thread 0x00007fe81c026800 DEOPT UNPACKING pc=0x00007fe89a43be2f sp=0x00007fe8894edb58 mode 0
Event: 1415.592 Thread 0x00007fe81009fc30 DEOPT PACKING pc=0x00007fe89adb65ec sp=0x00007fe8889eb370
Event: 1415.592 Thread 0x00007fe81009fc30 DEOPT UNPACKING pc=0x00007fe89a43be2f sp=0x00007fe8889ea848 mode 3
Event: 1415.592 Thread 0x00007fe81009fc30 DEOPT PACKING pc=0x00007fe89ae0883c sp=0x00007fe8889eb220
Event: 1415.592 Thread 0x00007fe81009fc30 DEOPT UNPACKING pc=0x00007fe89a43be2f sp=0x00007fe8889ea780 mode 3
Event: 1415.679 Thread 0x00007fe81009fc30 DEOPT PACKING pc=0x00007fe89af02ed5 sp=0x00007fe8889ed630
Event: 1415.679 Thread 0x00007fe81009fc30 DEOPT UNPACKING pc=0x00007fe89a43be2f sp=0x00007fe8889ecb70 mode 3
Event: 1415.714 Thread 0x00007fe810041f50 DEOPT PACKING pc=0x00007fe89af83715 sp=0x00007fe898175bd0
Event: 1415.714 Thread 0x00007fe810041f50 DEOPT UNPACKING pc=0x00007fe89a43be2f sp=0x00007fe898175158 mode 3
Event: 1415.736 Thread 0x00007fe7ec001cc0 DEOPT PACKING pc=0x00007fe89aefcbaf sp=0x00007fe8882ec8b0
Event: 1415.736 Thread 0x00007fe7ec001cc0 DEOPT UNPACKING pc=0x00007fe89a43be2f sp=0x00007fe8882ebd50 mode 3

Classes unloaded (1 events):
Event: 11.633 Thread 0x00007fe8a0118a00 Unloading class 0x0000000100688000 'java/lang/invoke/LambdaForm$DMH+0x0000000100688000'

Classes redefined (0 events):
No events

Internal exceptions (20 events):
Event: 5.252 Thread 0x00007fe81009dab0 Exception <a 'java/lang/NoSuchMethodError'{0x00000000c386dc38}: 'int java.lang.invoke.DirectMethodHandle$Holder.invokeSpecialIFC(java.lang.Object, java.lang.Object, java.lang.Object)'> (0x00000000c386dc38) 
thrown [src/hotspot/share/interpreter/linkResolver.cpp, line 758]
Event: 5.305 Thread 0x00007fe81009fc30 Implicit null exception at 0x00007fe89adabd43 to 0x00007fe89adabf68
Event: 5.305 Thread 0x00007fe81009dab0 Implicit null exception at 0x00007fe89adabd43 to 0x00007fe89adabf68
Event: 5.416 Thread 0x00007fe81009dab0 Exception <a 'java/lang/ClassCastException'{0x00000000c40bdd80}: class org.eclipse.jdt.internal.compiler.lookup.BinaryTypeBinding cannot be cast to class org.eclipse.jdt.internal.compiler.lookup.SourceTypeBinding (org.eclipse.jdt.internal.compiler.lookup.BinaryTypeBinding and org.eclipse.jdt.internal.compiler.lookup.SourceTypeBinding are in unnamed module of loader 'app')> (0x00000000c40bdd80) 
thrown [src/hotspot/share/interpreter/interpreterRuntime.cpp, line 444]
Event: 5.416 Thread 0x00007fe81009fc30 Exception <a 'java/lang/ClassCastException'{0x00000000c3f1d678}: class org.eclipse.jdt.internal.compiler.lookup.BinaryTypeBinding cannot be cast to class org.eclipse.jdt.internal.compiler.lookup.SourceTypeBinding (org.eclipse.jdt.internal.compiler.lookup.BinaryTypeBinding and org.eclipse.jdt.internal.compiler.lookup.SourceTypeBinding are in unnamed module of loader 'app')> (0x00000000c3f1d678) 
thrown [src/hotspot/share/interpreter/interpreterRuntime.cpp, line 444]
Event: 5.424 Thread 0x00007fe81009dab0 Implicit null exception at 0x00007fe89ae125f5 to 0x00007fe89ae13136
Event: 5.428 Thread 0x00007fe81009fc30 Implicit null exception at 0x00007fe89ae248f8 to 0x00007fe89ae24ea9
Event: 5.443 Thread 0x00007fe81009dab0 Exception <a 'java/lang/NoSuchMethodError'{0x00000000c3dafe78}: 'int java.lang.invoke.DirectMethodHandle$Holder.invokeStatic(java.lang.Object, int, java.lang.Object)'> (0x00000000c3dafe78) 
thrown [src/hotspot/share/interpreter/linkResolver.cpp, line 758]
Event: 5.443 Thread 0x00007fe81009fc30 Exception <a 'java/lang/NoSuchMethodError'{0x00000000c3d86610}: 'int java.lang.invoke.DirectMethodHandle$Holder.invokeStatic(java.lang.Object, int, java.lang.Object)'> (0x00000000c3d86610) 
thrown [src/hotspot/share/interpreter/linkResolver.cpp, line 758]
Event: 43.885 Thread 0x00007fe8a114d150 Exception <a 'java/lang/NoSuchMethodError'{0x00000000c3b740f0}: 'java.lang.Object java.lang.invoke.DirectMethodHandle$Holder.newInvokeSpecial(java.lang.Object, java.lang.Object, java.lang.Object, int)'> (0x00000000c3b740f0) 
thrown [src/hotspot/share/interpreter/linkResolver.cpp, line 758]
Event: 43.885 Thread 0x00007fe8a114d150 Exception <a 'java/lang/NoSuchMethodError'{0x00000000c3b783d8}: 'java.lang.Object java.lang.invoke.DirectMethodHandle$Holder.invokeSpecial(java.lang.Object, java.lang.Object, java.lang.Object, java.lang.Object, int)'> (0x00000000c3b783d8) 
thrown [src/hotspot/share/interpreter/linkResolver.cpp, line 758]
Event: 43.885 Thread 0x00007fe8a114d150 Exception <a 'java/lang/NoSuchMethodError'{0x00000000c3b7bfa0}: 'java.lang.Object java.lang.invoke.Invokers$Holder.linkToTargetMethod(java.lang.Object, java.lang.Object, int, java.lang.Object)'> (0x00000000c3b7bfa0) 
thrown [src/hotspot/share/interpreter/linkResolver.cpp, line 758]
Event: 135.375 Thread 0x00007fe7cc003390 Exception <a 'java/lang/ClassCastException'{0x00000000c38c09a0}: class org.eclipse.jdt.internal.compiler.lookup.BinaryTypeBinding cannot be cast to class org.eclipse.jdt.internal.compiler.lookup.SourceTypeBinding (org.eclipse.jdt.internal.compiler.lookup.BinaryTypeBinding and org.eclipse.jdt.internal.compiler.lookup.SourceTypeBinding are in unnamed module of loader 'app')> (0x00000000c38c09a0) 
thrown [src/hotspot/share/interpreter/interpreterRuntime.cpp, line 444]
Event: 221.632 Thread 0x00007fe81009fc30 Exception <a 'java/lang/ClassCastException'{0x00000000c5fb20d8}: class org.eclipse.jdt.internal.compiler.lookup.BinaryTypeBinding cannot be cast to class org.eclipse.jdt.internal.compiler.lookup.SourceTypeBinding (org.eclipse.jdt.internal.compiler.lookup.BinaryTypeBinding and org.eclipse.jdt.internal.compiler.lookup.SourceTypeBinding are in unnamed module of loader 'app')> (0x00000000c5fb20d8) 
thrown [src/hotspot/share/interpreter/interpreterRuntime.cpp, line 444]
Event: 1310.895 Thread 0x00007fe810041f50 Exception <a 'java/lang/ClassCastException'{0x00000000c4bd2000}: class org.eclipse.jdt.internal.compiler.lookup.BinaryTypeBinding cannot be cast to class org.eclipse.jdt.internal.compiler.lookup.SourceTypeBinding (org.eclipse.jdt.internal.compiler.lookup.BinaryTypeBinding and org.eclipse.jdt.internal.compiler.lookup.SourceTypeBinding are in unnamed module of loader 'app')> (0x00000000c4bd2000) 
thrown [src/hotspot/share/interpreter/interpreterRuntime.cpp, line 444]
Event: 1400.163 Thread 0x00007fe81009fc30 Exception <a 'java/lang/ClassCastException'{0x00000000c423a0c0}: class org.eclipse.jdt.internal.compiler.lookup.BinaryTypeBinding cannot be cast to class org.eclipse.jdt.internal.compiler.lookup.SourceTypeBinding (org.eclipse.jdt.internal.compiler.lookup.BinaryTypeBinding and org.eclipse.jdt.internal.compiler.lookup.SourceTypeBinding are in unnamed module of loader 'app')> (0x00000000c423a0c0) 
thrown [src/hotspot/share/interpreter/interpreterRuntime.cpp, line 444]
Event: 1415.592 Thread 0x00007fe81009fc30 Implicit null exception at 0x00007fe89adb6005 to 0x00007fe89adb65e7
Event: 1415.592 Thread 0x00007fe81009fc30 Implicit null exception at 0x00007fe89ae082ca to 0x00007fe89ae08837
Event: 1415.679 Thread 0x00007fe81009fc30 Implicit null exception at 0x00007fe89af02620 to 0x00007fe89af02ed0
Event: 1415.735 Thread 0x00007fe7ec001cc0 Implicit null exception at 0x00007fe89aefc957 to 0x00007fe89aefcbaa

VM Operations (20 events):
Event: 3482.664 Executing VM operation: HandshakeAllThreads
Event: 3482.664 Executing VM operation: HandshakeAllThreads done
Event: 3542.704 Executing VM operation: HandshakeAllThreads
Event: 3542.704 Executing VM operation: HandshakeAllThreads done
Event: 3602.747 Executing VM operation: HandshakeAllThreads
Event: 3602.747 Executing VM operation: HandshakeAllThreads done
Event: 3662.787 Executing VM operation: HandshakeAllThreads
Event: 3662.787 Executing VM operation: HandshakeAllThreads done
Event: 3722.822 Executing VM operation: HandshakeAllThreads
Event: 3722.822 Executing VM operation: HandshakeAllThreads done
Event: 3782.879 Executing VM operation: HandshakeAllThreads
Event: 3782.879 Executing VM operation: HandshakeAllThreads done
Event: 3842.929 Executing VM operation: HandshakeAllThreads
Event: 3842.929 Executing VM operation: HandshakeAllThreads done
Event: 3890.937 Executing VM operation: Cleanup
Event: 3890.938 Executing VM operation: Cleanup done
Event: 3902.971 Executing VM operation: HandshakeAllThreads
Event: 3902.971 Executing VM operation: HandshakeAllThreads done
Event: 3905.595 Executing VM operation: G1CollectForAllocation
Event: 3905.600 Executing VM operation: G1CollectForAllocation done

Events (20 events):
Event: 1419.651 Thread 0x00007fe864070880 Thread exited: 0x00007fe864070880
Event: 1455.188 Thread 0x00007fe8180059b0 Thread exited: 0x00007fe8180059b0
Event: 1455.196 Thread 0x00007fe8180059b0 Thread added: 0x00007fe8180059b0
Event: 1455.196 Protecting memory [0x00007fe898042000,0x00007fe898046000] with protection modes 0
Event: 1475.710 Thread 0x00007fe81009fc30 Thread exited: 0x00007fe81009fc30
Event: 1475.759 Thread 0x00007fe7ec001cc0 Thread exited: 0x00007fe7ec001cc0
Event: 1479.652 Thread 0x00007fe810041f50 Thread exited: 0x00007fe810041f50
Event: 3890.061 Thread 0x00007fe810041f50 Thread added: 0x00007fe810041f50
Event: 3890.061 Protecting memory [0x00007fe898079000,0x00007fe89807d000] with protection modes 0
Event: 3890.062 Thread 0x00007fe840136010 Thread added: 0x00007fe840136010
Event: 3890.062 Protecting memory [0x00007fe8881f0000,0x00007fe8881f4000] with protection modes 0
Event: 3897.797 Thread 0x00007fe864085040 Thread added: 0x00007fe864085040
Event: 3897.797 Protecting memory [0x00007fe8888f0000,0x00007fe8888f4000] with protection modes 0
Event: 3902.797 Thread 0x00007fe864085040 Thread exited: 0x00007fe864085040
Event: 3905.570 Thread 0x00007fe8100a4600 Thread added: 0x00007fe8100a4600
Event: 3905.570 Protecting memory [0x00007fe8888f0000,0x00007fe8888f4000] with protection modes 0
Event: 3905.571 Thread 0x00007fe7c804dd20 Thread added: 0x00007fe7c804dd20
Event: 3905.571 Protecting memory [0x00007fe8889f0000,0x00007fe8889f4000] with protection modes 0
Event: 3905.575 Thread 0x00007fe864085e00 Thread added: 0x00007fe864085e00
Event: 3905.575 Protecting memory [0x00007fe8882f0000,0x00007fe8882f4000] with protection modes 0


Dynamic libraries:
c0000000-c5200000 rw-p 00000000 00:00 0 
c5200000-c5f00000 ---p 00000000 00:00 0 
c5f00000-c6000000 rw-p 00000000 00:00 0 
c6000000-c6200000 ---p 00000000 00:00 0 
c6200000-c6500000 rw-p 00000000 00:00 0 
c6500000-c7b00000 ---p 00000000 00:00 0 
c7b00000-c7c00000 rw-p 00000000 00:00 0 
c7c00000-100000000 ---p 00000000 00:00 0 
100000000-100020000 rw-p 00000000 00:00 0 
100020000-100040000 rw-p 00000000 00:00 0 
100040000-1000c0000 rw-p 00000000 00:00 0 
1000c0000-100140000 rw-p 00000000 00:00 0 
100140000-100180000 rw-p 00000000 00:00 0 
100180000-100240000 rw-p 00000000 00:00 0 
100240000-1003c0000 rw-p 00000000 00:00 0 
1003c0000-100400000 rw-p 00000000 00:00 0 
100400000-100600000 rw-p 00000000 00:00 0 
100600000-100640000 rw-p 00000000 00:00 0 
100640000-100680000 rw-p 00000000 00:00 0 
100680000-100750000 rw-p 00000000 00:00 0 
100750000-140000000 ---p 00000000 00:00 0 
5624d5106000-5624d5107000 r--p 00000000 08:20 142481                     /home/chaitanya/.vscode-server/extensions/redhat.java-1.22.0-linux-x64/jre/17.0.8.1-linux-x86_64/bin/java
5624d5107000-5624d5108000 r-xp 00001000 08:20 142481                     /home/chaitanya/.vscode-server/extensions/redhat.java-1.22.0-linux-x64/jre/17.0.8.1-linux-x86_64/bin/java
5624d5108000-5624d5109000 r--p 00002000 08:20 142481                     /home/chaitanya/.vscode-server/extensions/redhat.java-1.22.0-linux-x64/jre/17.0.8.1-linux-x86_64/bin/java
5624d5109000-5624d510a000 r--p 00002000 08:20 142481                     /home/chaitanya/.vscode-server/extensions/redhat.java-1.22.0-linux-x64/jre/17.0.8.1-linux-x86_64/bin/java
5624d510a000-5624d510b000 rw-p 00003000 08:20 142481                     /home/chaitanya/.vscode-server/extensions/redhat.java-1.22.0-linux-x64/jre/17.0.8.1-linux-x86_64/bin/java
5624d588b000-5624d58d3000 rw-p 00000000 00:00 0                          [heap]
7fe7b4000000-7fe7b4021000 rw-p 00000000 00:00 0 
7fe7b4021000-7fe7b8000000 ---p 00000000 00:00 0 
7fe7bbd69000-7fe7bc000000 rw-p 00000000 00:00 0 
7fe7bc000000-7fe7bc021000 rw-p 00000000 00:00 0 
7fe7bc021000-7fe7c0000000 ---p 00000000 00:00 0 
7fe7c0000000-7fe7c0021000 rw-p 00000000 00:00 0 
7fe7c0021000-7fe7c4000000 ---p 00000000 00:00 0 
7fe7c4000000-7fe7c4173000 rw-p 00000000 00:00 0 
7fe7c4173000-7fe7c8000000 ---p 00000000 00:00 0 
7fe7c8000000-7fe7c8055000 rw-p 00000000 00:00 0 
7fe7c8055000-7fe7cc000000 ---p 00000000 00:00 0 
7fe7cc000000-7fe7cc048000 rw-p 00000000 00:00 0 
7fe7cc048000-7fe7d0000000 ---p 00000000 00:00 0 
7fe7d0250000-7fe7d03a7000 rw-p 00000000 00:00 0 
7fe7d03a7000-7fe7d03ab000 ---p 00000000 00:00 0 
7fe7d03ab000-7fe7d04a7000 rw-p 00000000 00:00 0 
7fe7d04a7000-7fe7d04ab000 ---p 00000000 00:00 0 
7fe7d04ab000-7fe7d05a7000 rw-p 00000000 00:00 0 
7fe7d05a7000-7fe7d8000000 r--s 00000000 08:20 18769                      /usr/lib/jvm/java-17-openjdk-amd64/lib/modules
7fe7d8000000-7fe7d8021000 rw-p 00000000 00:00 0 
7fe7d8021000-7fe7dc000000 ---p 00000000 00:00 0 
7fe7dc000000-7fe7dc021000 rw-p 00000000 00:00 0 
7fe7dc021000-7fe7e0000000 ---p 00000000 00:00 0 
7fe7e0000000-7fe7e0021000 rw-p 00000000 00:00 0 
7fe7e0021000-7fe7e4000000 ---p 00000000 00:00 0 
7fe7e4000000-7fe7e4021000 rw-p 00000000 00:00 0 
7fe7e4021000-7fe7e8000000 ---p 00000000 00:00 0 
7fe7e8000000-7fe7e8343000 rw-p 00000000 00:00 0 
7fe7e8343000-7fe7ec000000 ---p 00000000 00:00 0 
7fe7ec000000-7fe7ec13d000 rw-p 00000000 00:00 0 
7fe7ec13d000-7fe7f0000000 ---p 00000000 00:00 0 
7fe7f0000000-7fe7f0021000 rw-p 00000000 00:00 0 
7fe7f0021000-7fe7f4000000 ---p 00000000 00:00 0 
7fe7f4000000-7fe7f4021000 rw-p 00000000 00:00 0 
7fe7f4021000-7fe7f8000000 ---p 00000000 00:00 0 
7fe7f8000000-7fe7f8021000 rw-p 00000000 00:00 0 
7fe7f8021000-7fe7fc000000 ---p 00000000 00:00 0 
7fe7fc000000-7fe7fc03c000 rw-p 00000000 00:00 0 
7fe7fc03c000-7fe800000000 ---p 00000000 00:00 0 
7fe800000000-7fe800021000 rw-p 00000000 00:00 0 
7fe800021000-7fe804000000 ---p 00000000 00:00 0 
7fe804000000-7fe804021000 rw-p 00000000 00:00 0 
7fe804021000-7fe808000000 ---p 00000000 00:00 0 
7fe808000000-7fe808021000 rw-p 00000000 00:00 0 
7fe808021000-7fe80c000000 ---p 00000000 00:00 0 
7fe80c000000-7fe80c021000 rw-p 00000000 00:00 0 
7fe80c021000-7fe810000000 ---p 00000000 00:00 0 
7fe810000000-7fe8100ab000 rw-p 00000000 00:00 0 
7fe8100ab000-7fe814000000 ---p 00000000 00:00 0 
7fe814000000-7fe814021000 rw-p 00000000 00:00 0 
7fe814021000-7fe818000000 ---p 00000000 00:00 0 
7fe818000000-7fe818021000 rw-p 00000000 00:00 0 
7fe818021000-7fe81c000000 ---p 00000000 00:00 0 
7fe81c000000-7fe81c02c000 rw-p 00000000 00:00 0 
7fe81c02c000-7fe820000000 ---p 00000000 00:00 0 
7fe820000000-7fe8201f9000 rw-p 00000000 00:00 0 
7fe8201f9000-7fe824000000 ---p 00000000 00:00 0 
7fe824000000-7fe824021000 rw-p 00000000 00:00 0 
7fe824021000-7fe828000000 ---p 00000000 00:00 0 
7fe828000000-7fe828021000 rw-p 00000000 00:00 0 
7fe828021000-7fe82c000000 ---p 00000000 00:00 0 
7fe82c000000-7fe82c021000 rw-p 00000000 00:00 0 
7fe82c021000-7fe830000000 ---p 00000000 00:00 0 
7fe830000000-7fe830021000 rw-p 00000000 00:00 0 
7fe830021000-7fe834000000 ---p 00000000 00:00 0 
7fe834000000-7fe834021000 rw-p 00000000 00:00 0 
7fe834021000-7fe838000000 ---p 00000000 00:00 0 
7fe838000000-7fe83803d000 rw-p 00000000 00:00 0 
7fe83803d000-7fe83c000000 ---p 00000000 00:00 0 
7fe83c000000-7fe83c021000 rw-p 00000000 00:00 0 
7fe83c021000-7fe840000000 ---p 00000000 00:00 0 
7fe840000000-7fe840215000 rw-p 00000000 00:00 0 
7fe840215000-7fe844000000 ---p 00000000 00:00 0 
7fe844000000-7fe844021000 rw-p 00000000 00:00 0 
7fe844021000-7fe848000000 ---p 00000000 00:00 0 
7fe848000000-7fe848021000 rw-p 00000000 00:00 0 
7fe848021000-7fe84c000000 ---p 00000000 00:00 0 
7fe84c000000-7fe84c24d000 rw-p 00000000 00:00 0 
7fe84c24d000-7fe850000000 ---p 00000000 00:00 0 
7fe850000000-7fe850021000 rw-p 00000000 00:00 0 
7fe850021000-7fe854000000 ---p 00000000 00:00 0 
7fe854000000-7fe854021000 rw-p 00000000 00:00 0 
7fe854021000-7fe858000000 ---p 00000000 00:00 0 
7fe858000000-7fe858021000 rw-p 00000000 00:00 0 
7fe858021000-7fe85c000000 ---p 00000000 00:00 0 
7fe85c000000-7fe85c1be000 rw-p 00000000 00:00 0 
7fe85c1be000-7fe860000000 ---p 00000000 00:00 0 
7fe860000000-7fe860021000 rw-p 00000000 00:00 0 
7fe860021000-7fe864000000 ---p 00000000 00:00 0 
7fe864000000-7fe8643a9000 rw-p 00000000 00:00 0 
7fe8643a9000-7fe868000000 ---p 00000000 00:00 0 
7fe868000000-7fe868021000 rw-p 00000000 00:00 0 
7fe868021000-7fe86c000000 ---p 00000000 00:00 0 
7fe86c000000-7fe86c021000 rw-p 00000000 00:00 0 
7fe86c021000-7fe870000000 ---p 00000000 00:00 0 
7fe870000000-7fe870021000 rw-p 00000000 00:00 0 
7fe870021000-7fe874000000 ---p 00000000 00:00 0 
7fe874000000-7fe874021000 rw-p 00000000 00:00 0 
7fe874021000-7fe878000000 ---p 00000000 00:00 0 
7fe878000000-7fe878021000 rw-p 00000000 00:00 0 
7fe878021000-7fe87c000000 ---p 00000000 00:00 0 
7fe87c000000-7fe87c021000 rw-p 00000000 00:00 0 
7fe87c021000-7fe880000000 ---p 00000000 00:00 0 
7fe880000000-7fe880400000 rw-p 00000000 00:00 0 
7fe880400000-7fe880480000 rw-p 00000000 00:00 0 
7fe880480000-7fe880500000 rw-p 00000000 00:00 0 
7fe880500000-7fe880700000 rw-p 00000000 00:00 0 
7fe880700000-7fe880800000 rw-p 00000000 00:00 0 
7fe880800000-7fe880900000 rw-p 00000000 00:00 0 
7fe880900000-7fe880a00000 rw-p 00000000 00:00 0 
7fe880a00000-7fe880b80000 rw-p 00000000 00:00 0 
7fe880b80000-7fe880c00000 rw-p 00000000 00:00 0 
7fe880c00000-7fe880c80000 rw-p 00000000 00:00 0 
7fe880c80000-7fe880d00000 rw-p 00000000 00:00 0 
7fe880d00000-7fe880f00000 rw-p 00000000 00:00 0 
7fe880f00000-7fe881000000 rw-p 00000000 00:00 0 
7fe881000000-7fe881580000 rw-p 00000000 00:00 0 
7fe881580000-7fe881600000 rw-p 00000000 00:00 0 
7fe881600000-7fe881a00000 rw-p 00000000 00:00 0 
7fe881a00000-7fe881fc0000 rw-p 00000000 00:00 0 
7fe881fc0000-7fe882000000 rw-p 00000000 00:00 0 
7fe882000000-7fe882380000 rw-p 00000000 00:00 0 
7fe882380000-7fe882400000 rw-p 00000000 00:00 0 
7fe882400000-7fe882700000 rw-p 00000000 00:00 0 
7fe882700000-7fe882800000 rw-p 00000000 00:00 0 
7fe882800000-7fe882900000 rw-p 00000000 00:00 0 
7fe882900000-7fe882a00000 rw-p 00000000 00:00 0 
7fe882a00000-7fe882d80000 rw-p 00000000 00:00 0 
7fe882d80000-7fe882e80000 rw-p 00000000 00:00 0 
7fe882e80000-7fe882f00000 ---p 00000000 00:00 0 
7fe882f00000-7fe883090000 rw-p 00000000 00:00 0 
7fe883090000-7fe884000000 ---p 00000000 00:00 0 
7fe884000000-7fe884021000 rw-p 00000000 00:00 0 
7fe884021000-7fe888000000 ---p 00000000 00:00 0 
7fe8880f0000-7fe8880f4000 ---p 00000000 00:00 0 
7fe8880f4000-7fe8881f0000 rw-p 00000000 00:00 0 
7fe8881f0000-7fe8881f4000 ---p 00000000 00:00 0 
7fe8881f4000-7fe8882f0000 rw-p 00000000 00:00 0 
7fe8882f0000-7fe8882f4000 ---p 00000000 00:00 0 
7fe8882f4000-7fe8883f0000 rw-p 00000000 00:00 0 
7fe8883f0000-7fe8883f4000 ---p 00000000 00:00 0 
7fe8883f4000-7fe8884f0000 rw-p 00000000 00:00 0 
7fe8884f0000-7fe8884f4000 ---p 00000000 00:00 0 
7fe8884f4000-7fe8885f0000 rw-p 00000000 00:00 0 
7fe8885f0000-7fe8885f4000 ---p 00000000 00:00 0 
7fe8885f4000-7fe8886f0000 rw-p 00000000 00:00 0 
7fe8886f0000-7fe8886f4000 ---p 00000000 00:00 0 
7fe8886f4000-7fe8887f0000 rw-p 00000000 00:00 0 
7fe8887f0000-7fe8887f4000 ---p 00000000 00:00 0 
7fe8887f4000-7fe8888f0000 rw-p 00000000 00:00 0 
7fe8888f0000-7fe8888f4000 ---p 00000000 00:00 0 
7fe8888f4000-7fe8889f0000 rw-p 00000000 00:00 0 
7fe8889f0000-7fe8889f4000 ---p 00000000 00:00 0 
7fe8889f4000-7fe888af0000 rw-p 00000000 00:00 0 
7fe888af0000-7fe888af4000 ---p 00000000 00:00 0 
7fe888af4000-7fe888bf0000 rw-p 00000000 00:00 0 
7fe888bf0000-7fe888bf4000 ---p 00000000 00:00 0 
7fe888bf4000-7fe888cf0000 rw-p 00000000 00:00 0 
7fe888cf0000-7fe888cf4000 ---p 00000000 00:00 0 
7fe888cf4000-7fe888df0000 rw-p 00000000 00:00 0 
7fe888df0000-7fe888df4000 ---p 00000000 00:00 0 
7fe888df4000-7fe888ef0000 rw-p 00000000 00:00 0 
7fe888ef0000-7fe888ef4000 ---p 00000000 00:00 0 
7fe888ef4000-7fe888ff0000 rw-p 00000000 00:00 0 
7fe888ff0000-7fe888ff4000 ---p 00000000 00:00 0 
7fe888ff4000-7fe8890f0000 rw-p 00000000 00:00 0 
7fe8890f0000-7fe8890f4000 ---p 00000000 00:00 0 
7fe8890f4000-7fe8891f0000 rw-p 00000000 00:00 0 
7fe8891f0000-7fe8891f4000 ---p 00000000 00:00 0 
7fe8891f4000-7fe8892f0000 rw-p 00000000 00:00 0 
7fe8892f0000-7fe8892f4000 ---p 00000000 00:00 0 
7fe8892f4000-7fe8893f0000 rw-p 00000000 00:00 0 
7fe8893f0000-7fe8893f4000 ---p 00000000 00:00 0 
7fe8893f4000-7fe8894f0000 rw-p 00000000 00:00 0 
7fe8894f0000-7fe8894f4000 ---p 00000000 00:00 0 
7fe8894f4000-7fe8895f0000 rw-p 00000000 00:00 0 
7fe8895f0000-7fe8895f4000 ---p 00000000 00:00 0 
7fe8895f4000-7fe8896f0000 rw-p 00000000 00:00 0 
7fe8896f0000-7fe8896f1000 ---p 00000000 00:00 0 
7fe8896f1000-7fe8897f2000 rw-p 00000000 00:00 0 
7fe8897f2000-7fe8897f6000 ---p 00000000 00:00 0 
7fe8897f6000-7fe8898f2000 rw-p 00000000 00:00 0 
7fe8898f2000-7fe8898f3000 ---p 00000000 00:00 0 
7fe8898f3000-7fe8899f4000 rw-p 00000000 00:00 0 
7fe8899f4000-7fe8899f5000 ---p 00000000 00:00 0 
7fe8899f5000-7fe889af6000 rw-p 00000000 00:00 0 
7fe889af6000-7fe889af7000 ---p 00000000 00:00 0 
7fe889af7000-7fe889bf8000 rw-p 00000000 00:00 0 
7fe889bf8000-7fe889bf9000 ---p 00000000 00:00 0 
7fe889bf9000-7fe889cfa000 rw-p 00000000 00:00 0 
7fe889cfa000-7fe889cfb000 ---p 00000000 00:00 0 
7fe889cfb000-7fe889dfc000 rw-p 00000000 00:00 0 
7fe889dfc000-7fe889dfd000 ---p 00000000 00:00 0 
7fe889dfd000-7fe889efe000 rw-p 00000000 00:00 0 
7fe889efe000-7fe889eff000 ---p 00000000 00:00 0 
7fe889eff000-7fe88c000000 rw-p 00000000 00:00 0 
7fe88c000000-7fe88c021000 rw-p 00000000 00:00 0 
7fe88c021000-7fe890000000 ---p 00000000 00:00 0 
7fe890000000-7fe890021000 rw-p 00000000 00:00 0 
7fe890021000-7fe894000000 ---p 00000000 00:00 0 
7fe894000000-7fe894021000 rw-p 00000000 00:00 0 
7fe894021000-7fe898000000 ---p 00000000 00:00 0 
7fe89803b000-7fe898042000 r--s 00000000 08:20 83206                      /usr/lib/x86_64-linux-gnu/gconv/gconv-modules.cache
7fe898042000-7fe898046000 ---p 00000000 00:00 0 
7fe898046000-7fe898064000 rw-p 00000000 00:00 0 
7fe898064000-7fe898065000 r--p 00000000 08:20 143715                     /home/chaitanya/.vscode-server/extensions/redhat.java-1.22.0-linux-x64/jre/17.0.8.1-linux-x86_64/lib/libextnet.so
7fe898065000-7fe898066000 r-xp 00001000 08:20 143715                     /home/chaitanya/.vscode-server/extensions/redhat.java-1.22.0-linux-x64/jre/17.0.8.1-linux-x86_64/lib/libextnet.so
7fe898066000-7fe898067000 r--p 00002000 08:20 143715                     /home/chaitanya/.vscode-server/extensions/redhat.java-1.22.0-linux-x64/jre/17.0.8.1-linux-x86_64/lib/libextnet.so
7fe898067000-7fe898068000 r--p 00002000 08:20 143715                     /home/chaitanya/.vscode-server/extensions/redhat.java-1.22.0-linux-x64/jre/17.0.8.1-linux-x86_64/lib/libextnet.so
7fe898068000-7fe898069000 rw-p 00003000 08:20 143715                     /home/chaitanya/.vscode-server/extensions/redhat.java-1.22.0-linux-x64/jre/17.0.8.1-linux-x86_64/lib/libextnet.so
7fe898069000-7fe89806b000 r--p 00000000 08:20 143738                     /home/chaitanya/.vscode-server/extensions/redhat.java-1.22.0-linux-x64/jre/17.0.8.1-linux-x86_64/lib/libmanagement_ext.so
7fe89806b000-7fe89806e000 r-xp 00002000 08:20 143738                     /home/chaitanya/.vscode-server/extensions/redhat.java-1.22.0-linux-x64/jre/17.0.8.1-linux-x86_64/lib/libmanagement_ext.so
7fe89806e000-7fe89806f000 r--p 00005000 08:20 143738                     /home/chaitanya/.vscode-server/extensions/redhat.java-1.22.0-linux-x64/jre/17.0.8.1-linux-x86_64/lib/libmanagement_ext.so
7fe89806f000-7fe898070000 ---p 00006000 08:20 143738                     /home/chaitanya/.vscode-server/extensions/redhat.java-1.22.0-linux-x64/jre/17.0.8.1-linux-x86_64/lib/libmanagement_ext.so
7fe898070000-7fe898071000 r--p 00006000 08:20 143738                     /home/chaitanya/.vscode-server/extensions/redhat.java-1.22.0-linux-x64/jre/17.0.8.1-linux-x86_64/lib/libmanagement_ext.so
7fe898071000-7fe898072000 rw-p 00007000 08:20 143738                     /home/chaitanya/.vscode-server/extensions/redhat.java-1.22.0-linux-x64/jre/17.0.8.1-linux-x86_64/lib/libmanagement_ext.so
7fe898072000-7fe898075000 r--p 00000000 08:20 143739                     /home/chaitanya/.vscode-server/extensions/redhat.java-1.22.0-linux-x64/jre/17.0.8.1-linux-x86_64/lib/libmanagement.so
7fe898075000-7fe898076000 r-xp 00003000 08:20 143739                     /home/chaitanya/.vscode-server/extensions/redhat.java-1.22.0-linux-x64/jre/17.0.8.1-linux-x86_64/lib/libmanagement.so
7fe898076000-7fe898077000 r--p 00004000 08:20 143739                     /home/chaitanya/.vscode-server/extensions/redhat.java-1.22.0-linux-x64/jre/17.0.8.1-linux-x86_64/lib/libmanagement.so
7fe898077000-7fe898078000 r--p 00004000 08:20 143739                     /home/chaitanya/.vscode-server/extensions/redhat.java-1.22.0-linux-x64/jre/17.0.8.1-linux-x86_64/lib/libmanagement.so
7fe898078000-7fe898079000 rw-p 00005000 08:20 143739                     /home/chaitanya/.vscode-server/extensions/redhat.java-1.22.0-linux-x64/jre/17.0.8.1-linux-x86_64/lib/libmanagement.so
7fe898079000-7fe89807d000 ---p 00000000 00:00 0 
7fe89807d000-7fe898179000 rw-p 00000000 00:00 0 
7fe898179000-7fe89817d000 ---p 00000000 00:00 0 
7fe89817d000-7fe8982aa000 rw-p 00000000 00:00 0 
7fe8982aa000-7fe8982ae000 r--p 00000000 08:20 143741                     /home/chaitanya/.vscode-server/extensions/redhat.java-1.22.0-linux-x64/jre/17.0.8.1-linux-x86_64/lib/libnet.so
7fe8982ae000-7fe8982bc000 r-xp 00004000 08:20 143741                     /home/chaitanya/.vscode-server/extensions/redhat.java-1.22.0-linux-x64/jre/17.0.8.1-linux-x86_64/lib/libnet.so
7fe8982bc000-7fe8982c0000 r--p 00012000 08:20 143741                     /home/chaitanya/.vscode-server/extensions/redhat.java-1.22.0-linux-x64/jre/17.0.8.1-linux-x86_64/lib/libnet.so
7fe8982c0000-7fe8982c1000 r--p 00015000 08:20 143741                     /home/chaitanya/.vscode-server/extensions/redhat.java-1.22.0-linux-x64/jre/17.0.8.1-linux-x86_64/lib/libnet.so
7fe8982c1000-7fe8982c2000 rw-p 00016000 08:20 143741                     /home/chaitanya/.vscode-server/extensions/redhat.java-1.22.0-linux-x64/jre/17.0.8.1-linux-x86_64/lib/libnet.so
7fe8982c2000-7fe8982c9000 r--p 00000000 08:20 143742                     /home/chaitanya/.vscode-server/extensions/redhat.java-1.22.0-linux-x64/jre/17.0.8.1-linux-x86_64/lib/libnio.so
7fe8982c9000-7fe8982d2000 r-xp 00007000 08:20 143742                     /home/chaitanya/.vscode-server/extensions/redhat.java-1.22.0-linux-x64/jre/17.0.8.1-linux-x86_64/lib/libnio.so
7fe8982d2000-7fe8982d6000 r--p 00010000 08:20 143742                     /home/chaitanya/.vscode-server/extensions/redhat.java-1.22.0-linux-x64/jre/17.0.8.1-linux-x86_64/lib/libnio.so
7fe8982d6000-7fe8982d7000 ---p 00014000 08:20 143742                     /home/chaitanya/.vscode-server/extensions/redhat.java-1.22.0-linux-x64/jre/17.0.8.1-linux-x86_64/lib/libnio.so
7fe8982d7000-7fe8982d8000 r--p 00014000 08:20 143742                     /home/chaitanya/.vscode-server/extensions/redhat.java-1.22.0-linux-x64/jre/17.0.8.1-linux-x86_64/lib/libnio.so
7fe8982d8000-7fe8982d9000 rw-p 00015000 08:20 143742                     /home/chaitanya/.vscode-server/extensions/redhat.java-1.22.0-linux-x64/jre/17.0.8.1-linux-x86_64/lib/libnio.so
7fe8982d9000-7fe8982dd000 ---p 00000000 00:00 0 
7fe8982dd000-7fe8983d9000 rw-p 00000000 00:00 0 
7fe8983d9000-7fe8983da000 ---p 00000000 00:00 0 
7fe8983da000-7fe8984db000 rw-p 00000000 00:00 0 
7fe8984db000-7fe8984df000 ---p 00000000 00:00 0 
7fe8984df000-7fe8985db000 rw-p 00000000 00:00 0 
7fe8985db000-7fe8985df000 ---p 00000000 00:00 0 
7fe8985df000-7fe8986db000 rw-p 00000000 00:00 0 
7fe8986db000-7fe8986df000 ---p 00000000 00:00 0 
7fe8986df000-7fe8987db000 rw-p 00000000 00:00 0 
7fe8987db000-7fe8987df000 ---p 00000000 00:00 0 
7fe8987df000-7fe8988db000 rw-p 00000000 00:00 0 
7fe8988db000-7fe8988df000 ---p 00000000 00:00 0 
7fe8988df000-7fe8989db000 rw-p 00000000 00:00 0 
7fe8989db000-7fe8989df000 ---p 00000000 00:00 0 
7fe8989df000-7fe898adb000 rw-p 00000000 00:00 0 
7fe898adb000-7fe898adf000 ---p 00000000 00:00 0 
7fe898adf000-7fe898bdb000 rw-p 00000000 00:00 0 
7fe898bdb000-7fe898ec4000 r--p 00000000 08:20 1035                       /usr/lib/locale/locale-archive
7fe898ec4000-7fe898ec8000 ---p 00000000 00:00 0 
7fe898ec8000-7fe898fc4000 rw-p 00000000 00:00 0 
7fe898fc4000-7fe898fc8000 ---p 00000000 00:00 0 
7fe898fc8000-7fe8990c4000 rw-p 00000000 00:00 0 
7fe8990c4000-7fe8990c5000 ---p 00000000 00:00 0 
7fe8990c5000-7fe8992e3000 rw-p 00000000 00:00 0 
7fe8992e3000-7fe8992e4000 ---p 00000000 00:00 0 
7fe8992e4000-7fe89952d000 rw-p 00000000 00:00 0 
7fe89952d000-7fe899561000 ---p 00000000 00:00 0 
7fe899561000-7fe899565000 rw-p 00000000 00:00 0 
7fe899565000-7fe89956d000 ---p 00000000 00:00 0 
7fe89956d000-7fe899579000 rw-p 00000000 00:00 0 
7fe899579000-7fe8995d1000 ---p 00000000 00:00 0 
7fe8995d1000-7fe8995d5000 rw-p 00000000 00:00 0 
7fe8995d5000-7fe89a3e5000 ---p 00000000 00:00 0 
7fe89a3e5000-7fe89b035000 rwxp 00000000 00:00 0 
7fe89b035000-7fe89d3e5000 ---p 00000000 00:00 0 
7fe89d3e5000-7fe8a0000000 r--s 00000000 08:20 143756                     /home/chaitanya/.vscode-server/extensions/redhat.java-1.22.0-linux-x64/jre/17.0.8.1-linux-x86_64/lib/modules
7fe8a0000000-7fe8a1169000 rw-p 00000000 00:00 0 
7fe8a1169000-7fe8a4000000 ---p 00000000 00:00 0 
7fe8a4002000-7fe8a4006000 r--p 00000000 08:20 143750                     /home/chaitanya/.vscode-server/extensions/redhat.java-1.22.0-linux-x64/jre/17.0.8.1-linux-x86_64/lib/libverify.so
7fe8a4006000-7fe8a400d000 r-xp 00004000 08:20 143750                     /home/chaitanya/.vscode-server/extensions/redhat.java-1.22.0-linux-x64/jre/17.0.8.1-linux-x86_64/lib/libverify.so
7fe8a400d000-7fe8a400f000 r--p 0000b000 08:20 143750                     /home/chaitanya/.vscode-server/extensions/redhat.java-1.22.0-linux-x64/jre/17.0.8.1-linux-x86_64/lib/libverify.so
7fe8a400f000-7fe8a4011000 r--p 0000c000 08:20 143750                     /home/chaitanya/.vscode-server/extensions/redhat.java-1.22.0-linux-x64/jre/17.0.8.1-linux-x86_64/lib/libverify.so
7fe8a4011000-7fe8a4012000 rw-p 0000e000 08:20 143750                     /home/chaitanya/.vscode-server/extensions/redhat.java-1.22.0-linux-x64/jre/17.0.8.1-linux-x86_64/lib/libverify.so
7fe8a4012000-7fe8a4014000 r--p 00000000 08:20 143754                     /home/chaitanya/.vscode-server/extensions/redhat.java-1.22.0-linux-x64/jre/17.0.8.1-linux-x86_64/lib/libzip.so
7fe8a4014000-7fe8a4018000 r-xp 00002000 08:20 143754                     /home/chaitanya/.vscode-server/extensions/redhat.java-1.22.0-linux-x64/jre/17.0.8.1-linux-x86_64/lib/libzip.so
7fe8a4018000-7fe8a401a000 r--p 00006000 08:20 143754                     /home/chaitanya/.vscode-server/extensions/redhat.java-1.22.0-linux-x64/jre/17.0.8.1-linux-x86_64/lib/libzip.so
7fe8a401a000-7fe8a401b000 r--p 00007000 08:20 143754                     /home/chaitanya/.vscode-server/extensions/redhat.java-1.22.0-linux-x64/jre/17.0.8.1-linux-x86_64/lib/libzip.so
7fe8a401b000-7fe8a401c000 rw-p 00008000 08:20 143754                     /home/chaitanya/.vscode-server/extensions/redhat.java-1.22.0-linux-x64/jre/17.0.8.1-linux-x86_64/lib/libzip.so
7fe8a401c000-7fe8a401d000 ---p 00000000 00:00 0 
7fe8a401d000-7fe8a4926000 rw-p 00000000 00:00 0 
7fe8a4926000-7fe8a4927000 ---p 00000000 00:00 0 
7fe8a4927000-7fe8a4a28000 rw-p 00000000 00:00 0 
7fe8a4a28000-7fe8a4a29000 ---p 00000000 00:00 0 
7fe8a4a29000-7fe8a4b2a000 rw-p 00000000 00:00 0 
7fe8a4b2a000-7fe8a4b2b000 ---p 00000000 00:00 0 
7fe8a4b2b000-7fe8a4db7000 rw-p 00000000 00:00 0 
7fe8a4db7000-7fe8a4deb000 ---p 00000000 00:00 0 
7fe8a4deb000-7fe8a4def000 rw-p 00000000 00:00 0 
7fe8a4def000-7fe8a4df7000 ---p 00000000 00:00 0 
7fe8a4df7000-7fe8a4e03000 rw-p 00000000 00:00 0 
7fe8a4e03000-7fe8a4e5b000 ---p 00000000 00:00 0 
7fe8a4e5b000-7fe8a4e5f000 rw-p 00000000 00:00 0 
7fe8a4e5f000-7fe8a5c6f000 ---p 00000000 00:00 0 
7fe8a5c6f000-7fe8a5c98000 rw-p 00000000 00:00 0 
7fe8a5c98000-7fe8a5c9e000 ---p 00000000 00:00 0 
7fe8a5c9e000-7fe8a5c9f000 rw-p 00000000 00:00 0 
7fe8a5c9f000-7fe8a5ca0000 ---p 00000000 00:00 0 
7fe8a5ca0000-7fe8a5ca2000 rw-p 00000000 00:00 0 
7fe8a5ca2000-7fe8a5cac000 ---p 00000000 00:00 0 
7fe8a5cac000-7fe8a5cad000 rw-p 00000000 00:00 0 
7fe8a5cad000-7fe8a5e6f000 ---p 00000000 00:00 0 
7fe8a5e6f000-7fe8a5e98000 rw-p 00000000 00:00 0 
7fe8a5e98000-7fe8a5e9e000 ---p 00000000 00:00 0 
7fe8a5e9e000-7fe8a5e9f000 rw-p 00000000 00:00 0 
7fe8a5e9f000-7fe8a5ea0000 ---p 00000000 00:00 0 
7fe8a5ea0000-7fe8a5ea2000 rw-p 00000000 00:00 0 
7fe8a5ea2000-7fe8a5eac000 ---p 00000000 00:00 0 
7fe8a5eac000-7fe8a5ead000 rw-p 00000000 00:00 0 
7fe8a5ead000-7fe8a606f000 ---p 00000000 00:00 0 
7fe8a606f000-7fe8a6098000 rw-p 00000000 00:00 0 
7fe8a6098000-7fe8a609e000 ---p 00000000 00:00 0 
7fe8a609e000-7fe8a609f000 rw-p 00000000 00:00 0 
7fe8a609f000-7fe8a60a0000 ---p 00000000 00:00 0 
7fe8a60a0000-7fe8a60a2000 rw-p 00000000 00:00 0 
7fe8a60a2000-7fe8a60ac000 ---p 00000000 00:00 0 
7fe8a60ac000-7fe8a60ad000 rw-p 00000000 00:00 0 
7fe8a60ad000-7fe8a626f000 ---p 00000000 00:00 0 
7fe8a626f000-7fe8a6a90000 rw-p 00000000 00:00 0 
7fe8a6a90000-7fe8a6ad7000 ---p 00000000 00:00 0 
7fe8a6ad7000-7fe8a6ae4000 r--p 00000000 08:20 143722                     /home/chaitanya/.vscode-server/extensions/redhat.java-1.22.0-linux-x64/jre/17.0.8.1-linux-x86_64/lib/libjava.so
7fe8a6ae4000-7fe8a6af6000 r-xp 0000d000 08:20 143722                     /home/chaitanya/.vscode-server/extensions/redhat.java-1.22.0-linux-x64/jre/17.0.8.1-linux-x86_64/lib/libjava.so
7fe8a6af6000-7fe8a6afc000 r--p 0001f000 08:20 143722                     /home/chaitanya/.vscode-server/extensions/redhat.java-1.22.0-linux-x64/jre/17.0.8.1-linux-x86_64/lib/libjava.so
7fe8a6afc000-7fe8a6afd000 ---p 00025000 08:20 143722                     /home/chaitanya/.vscode-server/extensions/redhat.java-1.22.0-linux-x64/jre/17.0.8.1-linux-x86_64/lib/libjava.so
7fe8a6afd000-7fe8a6afe000 r--p 00025000 08:20 143722                     /home/chaitanya/.vscode-server/extensions/redhat.java-1.22.0-linux-x64/jre/17.0.8.1-linux-x86_64/lib/libjava.so
7fe8a6afe000-7fe8a6aff000 rw-p 00026000 08:20 143722                     /home/chaitanya/.vscode-server/extensions/redhat.java-1.22.0-linux-x64/jre/17.0.8.1-linux-x86_64/lib/libjava.so
7fe8a6aff000-7fe8a6b00000 rw-p 00000000 00:00 0 
7fe8a6b00000-7fe8a6b04000 r--p 00000000 08:20 143727                     /home/chaitanya/.vscode-server/extensions/redhat.java-1.22.0-linux-x64/jre/17.0.8.1-linux-x86_64/lib/libjimage.so
7fe8a6b04000-7fe8a6b17000 r-xp 00004000 08:20 143727                     /home/chaitanya/.vscode-server/extensions/redhat.java-1.22.0-linux-x64/jre/17.0.8.1-linux-x86_64/lib/libjimage.so
7fe8a6b17000-7fe8a6b1d000 r--p 00017000 08:20 143727                     /home/chaitanya/.vscode-server/extensions/redhat.java-1.22.0-linux-x64/jre/17.0.8.1-linux-x86_64/lib/libjimage.so
7fe8a6b1d000-7fe8a6b1f000 r--p 0001c000 08:20 143727                     /home/chaitanya/.vscode-server/extensions/redhat.java-1.22.0-linux-x64/jre/17.0.8.1-linux-x86_64/lib/libjimage.so
7fe8a6b1f000-7fe8a6b20000 rw-p 0001e000 08:20 143727                     /home/chaitanya/.vscode-server/extensions/redhat.java-1.22.0-linux-x64/jre/17.0.8.1-linux-x86_64/lib/libjimage.so
7fe8a6b20000-7fe8a6b24000 ---p 00000000 00:00 0 
7fe8a6b24000-7fe8a6c20000 rw-p 00000000 00:00 0 
7fe8a6c20000-7fe8a6c30000 r--p 00000000 08:20 21150                      /usr/lib/x86_64-linux-gnu/libm.so.6
7fe8a6c30000-7fe8a6ca3000 r-xp 00010000 08:20 21150                      /usr/lib/x86_64-linux-gnu/libm.so.6
7fe8a6ca3000-7fe8a6cfd000 r--p 00083000 08:20 21150                      /usr/lib/x86_64-linux-gnu/libm.so.6
7fe8a6cfd000-7fe8a6cfe000 r--p 000dc000 08:20 21150                      /usr/lib/x86_64-linux-gnu/libm.so.6
7fe8a6cfe000-7fe8a6cff000 rw-p 000dd000 08:20 21150                      /usr/lib/x86_64-linux-gnu/libm.so.6
7fe8a6cff000-7fe8a6d00000 r--p 00000000 08:20 68810                      /usr/lib/x86_64-linux-gnu/librt.so.1
7fe8a6d00000-7fe8a6d01000 r-xp 00001000 08:20 68810                      /usr/lib/x86_64-linux-gnu/librt.so.1
7fe8a6d01000-7fe8a6d02000 r--p 00002000 08:20 68810                      /usr/lib/x86_64-linux-gnu/librt.so.1
7fe8a6d02000-7fe8a6d03000 r--p 00002000 08:20 68810                      /usr/lib/x86_64-linux-gnu/librt.so.1
7fe8a6d03000-7fe8a6d04000 rw-p 00003000 08:20 68810                      /usr/lib/x86_64-linux-gnu/librt.so.1
7fe8a6d04000-7fe8a6f57000 r--p 00000000 08:20 143768                     /home/chaitanya/.vscode-server/extensions/redhat.java-1.22.0-linux-x64/jre/17.0.8.1-linux-x86_64/lib/server/libjvm.so
7fe8a6f57000-7fe8a7c79000 r-xp 00253000 08:20 143768                     /home/chaitanya/.vscode-server/extensions/redhat.java-1.22.0-linux-x64/jre/17.0.8.1-linux-x86_64/lib/server/libjvm.so
7fe8a7c79000-7fe8a7f06000 r--p 00f75000 08:20 143768                     /home/chaitanya/.vscode-server/extensions/redhat.java-1.22.0-linux-x64/jre/17.0.8.1-linux-x86_64/lib/server/libjvm.so
7fe8a7f06000-7fe8a7fbf000 r--p 01201000 08:20 143768                     /home/chaitanya/.vscode-server/extensions/redhat.java-1.22.0-linux-x64/jre/17.0.8.1-linux-x86_64/lib/server/libjvm.so
7fe8a7fbf000-7fe8a7ff4000 rw-p 012ba000 08:20 143768                     /home/chaitanya/.vscode-server/extensions/redhat.java-1.22.0-linux-x64/jre/17.0.8.1-linux-x86_64/lib/server/libjvm.so
7fe8a7ff4000-7fe8a8052000 rw-p 00000000 00:00 0 
7fe8a8052000-7fe8a8078000 r--p 00000000 08:20 21000                      /usr/lib/x86_64-linux-gnu/libc.so.6
7fe8a8078000-7fe8a81cd000 r-xp 00026000 08:20 21000                      /usr/lib/x86_64-linux-gnu/libc.so.6
7fe8a81cd000-7fe8a8220000 r--p 0017b000 08:20 21000                      /usr/lib/x86_64-linux-gnu/libc.so.6
7fe8a8220000-7fe8a8224000 r--p 001ce000 08:20 21000                      /usr/lib/x86_64-linux-gnu/libc.so.6
7fe8a8224000-7fe8a8226000 rw-p 001d2000 08:20 21000                      /usr/lib/x86_64-linux-gnu/libc.so.6
7fe8a8226000-7fe8a8233000 rw-p 00000000 00:00 0 
7fe8a8233000-7fe8a8234000 r--p 00000000 08:20 21149                      /usr/lib/x86_64-linux-gnu/libdl.so.2
7fe8a8234000-7fe8a8235000 r-xp 00001000 08:20 21149                      /usr/lib/x86_64-linux-gnu/libdl.so.2
7fe8a8235000-7fe8a8236000 r--p 00002000 08:20 21149                      /usr/lib/x86_64-linux-gnu/libdl.so.2
7fe8a8236000-7fe8a8237000 r--p 00002000 08:20 21149                      /usr/lib/x86_64-linux-gnu/libdl.so.2
7fe8a8237000-7fe8a8238000 rw-p 00003000 08:20 21149                      /usr/lib/x86_64-linux-gnu/libdl.so.2
7fe8a8238000-7fe8a8239000 r--p 00000000 08:20 24217                      /usr/lib/x86_64-linux-gnu/libpthread.so.0
7fe8a8239000-7fe8a823a000 r-xp 00001000 08:20 24217                      /usr/lib/x86_64-linux-gnu/libpthread.so.0
7fe8a823a000-7fe8a823b000 r--p 00002000 08:20 24217                      /usr/lib/x86_64-linux-gnu/libpthread.so.0
7fe8a823b000-7fe8a823c000 r--p 00002000 08:20 24217                      /usr/lib/x86_64-linux-gnu/libpthread.so.0
7fe8a823c000-7fe8a823d000 rw-p 00003000 08:20 24217                      /usr/lib/x86_64-linux-gnu/libpthread.so.0
7fe8a823d000-7fe8a8240000 r--p 00000000 08:20 143729                     /home/chaitanya/.vscode-server/extensions/redhat.java-1.22.0-linux-x64/jre/17.0.8.1-linux-x86_64/lib/libjli.so
7fe8a8240000-7fe8a824a000 r-xp 00003000 08:20 143729                     /home/chaitanya/.vscode-server/extensions/redhat.java-1.22.0-linux-x64/jre/17.0.8.1-linux-x86_64/lib/libjli.so
7fe8a824a000-7fe8a824d000 r--p 0000d000 08:20 143729                     /home/chaitanya/.vscode-server/extensions/redhat.java-1.22.0-linux-x64/jre/17.0.8.1-linux-x86_64/lib/libjli.so
7fe8a824d000-7fe8a824e000 ---p 00010000 08:20 143729                     /home/chaitanya/.vscode-server/extensions/redhat.java-1.22.0-linux-x64/jre/17.0.8.1-linux-x86_64/lib/libjli.so
7fe8a824e000-7fe8a824f000 r--p 00010000 08:20 143729                     /home/chaitanya/.vscode-server/extensions/redhat.java-1.22.0-linux-x64/jre/17.0.8.1-linux-x86_64/lib/libjli.so
7fe8a824f000-7fe8a8250000 rw-p 00011000 08:20 143729                     /home/chaitanya/.vscode-server/extensions/redhat.java-1.22.0-linux-x64/jre/17.0.8.1-linux-x86_64/lib/libjli.so
7fe8a8250000-7fe8a8253000 r--p 00000000 08:20 21769                      /usr/lib/x86_64-linux-gnu/libz.so.1.2.13
7fe8a8253000-7fe8a8266000 r-xp 00003000 08:20 21769                      /usr/lib/x86_64-linux-gnu/libz.so.1.2.13
7fe8a8266000-7fe8a826d000 r--p 00016000 08:20 21769                      /usr/lib/x86_64-linux-gnu/libz.so.1.2.13
7fe8a826d000-7fe8a826e000 r--p 0001c000 08:20 21769                      /usr/lib/x86_64-linux-gnu/libz.so.1.2.13
7fe8a826e000-7fe8a826f000 rw-p 0001d000 08:20 21769                      /usr/lib/x86_64-linux-gnu/libz.so.1.2.13
7fe8a8270000-7fe8a8278000 rw-s 00000000 08:20 268894                     /tmp/hsperfdata_chaitanya/147736
7fe8a8278000-7fe8a8279000 ---p 00000000 00:00 0 
7fe8a8279000-7fe8a827a000 r--p 00000000 00:00 0 
7fe8a827a000-7fe8a827b000 ---p 00000000 00:00 0 
7fe8a827b000-7fe8a827d000 rw-p 00000000 00:00 0 
7fe8a827d000-7fe8a827e000 r--p 00000000 08:20 20997                      /usr/lib/x86_64-linux-gnu/ld-linux-x86-64.so.2
7fe8a827e000-7fe8a82a3000 r-xp 00001000 08:20 20997                      /usr/lib/x86_64-linux-gnu/ld-linux-x86-64.so.2
7fe8a82a3000-7fe8a82ad000 r--p 00026000 08:20 20997                      /usr/lib/x86_64-linux-gnu/ld-linux-x86-64.so.2
7fe8a82ad000-7fe8a82af000 r--p 00030000 08:20 20997                      /usr/lib/x86_64-linux-gnu/ld-linux-x86-64.so.2
7fe8a82af000-7fe8a82b1000 rw-p 00032000 08:20 20997                      /usr/lib/x86_64-linux-gnu/ld-linux-x86-64.so.2
7ffe5bde0000-7ffe5be02000 rw-p 00000000 00:00 0                          [stack]
7ffe5beca000-7ffe5bece000 r--p 00000000 00:00 0                          [vvar]
7ffe5bece000-7ffe5bed0000 r-xp 00000000 00:00 0                          [vdso]


VM Arguments:
jvm_args: -XX:+HeapDumpOnOutOfMemoryError -Xmx1024m -Dsts.lsp.client=vscode -Dsts.log.file=/dev/null -XX:TieredStopAtLevel=1 -Xlog:jni+resolve=off -Dspring.config.location=file:/home/chaitanya/.vscode-server/extensions/vmware.vscode-spring-boot-1.49.0/language-server/BOOT-INF/classes/application.properties 
java_command: org.springframework.ide.vscode.boot.app.BootLanguageServerBootApp
java_class_path (initial): /home/chaitanya/.vscode-server/extensions/vmware.vscode-spring-boot-1.49.0/language-server/BOOT-INF/classes:/home/chaitanya/.vscode-server/extensions/vmware.vscode-spring-boot-1.49.0/language-server/BOOT-INF/lib/gradle-process-services-6.1.1.jar:/home/chaitanya/.vscode-server/extensions/vmware.vscode-spring-boot-1.49.0/language-server/BOOT-INF/lib/logback-core-1.4.8.jar:/home/chaitanya/.vscode-server/extensions/vmware.vscode-spring-boot-1.49.0/language-server/BOOT-INF/lib/gradle-resources-6.1.1.jar:/home/chaitanya/.vscode-server/extensions/vmware.vscode-spring-boot-1.49.0/language-server/BOOT-INF/lib/rewrite-yaml-8.4.2.jar:/home/chaitanya/.vscode-server/extensions/vmware.vscode-spring-boot-1.49.0/language-server/BOOT-INF/lib/rewrite-migrate-java-2.0.10.jar:/home/chaitanya/.vscode-server/extensions/vmware.vscode-spring-boot-1.49.0/language-server/BOOT-INF/lib/java-object-diff-1.0.1.jar:/home/chaitanya/.vscode-server/extensions/vmware.vscode-spring-boot-1.49.0/language-server/BOOT-INF/lib/org.eclipse.lsp4j.generator-0.19.0.jar:/home/chaitanya/.vscode-server/extensions/vmware.vscode-spring-boot-1.49.0/language-server/BOOT-INF/lib/antlr-runtime-3.5.3.jar:/home/chaitanya/.vscode-server/extensions/vmware.vscode-spring-boot-1.49.0/language-server/BOOT-INF/lib/rewrite-xml-8.4.2.jar:/home/chaitanya/.vscode-server/extensions/vmware.vscode-spring-boot-1.49.0/language-server/BOOT-INF/lib/xercesImpl-2.12.2.jar:/home/chaitanya/.vscode-server/extensions/vmware.vscode-spring-boot-1.49.0/language-server/BOOT-INF/lib/jna-platform-5.13.0.jar:/home/chaitanya/.vscode-server/extensions/vmware.vscode-spring-boot-1.49.0/language-server/BOOT-INF/lib/jsoup-1.14.2.jar:/home/chaitanya/.vscode-server/extensions/vmware.vscode-spring-boot-1.49.0/language-server/BOOT-INF/lib/jackson-datatype-jsr310-2.15.2.jar:/home/chaitanya/.vscode-server/extensions/vmware.vscode-spring-boot-1.49.0/language-server/BOOT-INF/lib/jackson-dataformat-smile-2.15.2.jar:/home/chaitanya/.vscod
Launcher Type: SUN_STANDARD

[Global flags]
     intx CICompilerCount                          = 4                                         {product} {ergonomic}
     uint ConcGCThreads                            = 2                                         {product} {ergonomic}
     uint G1ConcRefinementThreads                  = 8                                         {product} {ergonomic}
   size_t G1HeapRegionSize                         = 1048576                                   {product} {ergonomic}
    uintx GCDrainStackTargetSize                   = 64                                        {product} {ergonomic}
     bool HeapDumpOnOutOfMemoryError               = true                                   {manageable} {command line}
   size_t InitialHeapSize                          = 130023424                                 {product} {ergonomic}
   size_t MarkStackSize                            = 4194304                                   {product} {ergonomic}
   size_t MaxHeapSize                              = 1073741824                                {product} {command line}
   size_t MaxNewSize                               = 643825664                                 {product} {ergonomic}
   size_t MinHeapDeltaBytes                        = 1048576                                   {product} {ergonomic}
   size_t MinHeapSize                              = 8388608                                   {product} {ergonomic}
    uintx NonProfiledCodeHeapSize                  = 0                                      {pd product} {ergonomic}
     bool ProfileInterpreter                       = false                                  {pd product} {command line}
    uintx ProfiledCodeHeapSize                     = 0                                      {pd product} {ergonomic}
   size_t SoftMaxHeapSize                          = 1073741824                             {manageable} {ergonomic}
     intx TieredStopAtLevel                        = 1                                         {product} {command line}
     bool UseCompressedClassPointers               = true                           {product lp64_product} {ergonomic}
     bool UseCompressedOops                        = true                           {product lp64_product} {ergonomic}
     bool UseG1GC                                  = true                                      {product} {ergonomic}

Logging:
Log output configuration:
 #0: stdout all=warning,jni+resolve=off uptime,level,tags
 #1: stderr all=off uptime,level,tags

Environment Variables:
PATH=/home/chaitanya/.vscode-server/bin/6509174151d557a81c9d0b5f8a5a1e9274db5585/bin/remote-cli:/usr/local/sbin:/usr/local/bin:/usr/sbin:/usr/bin:/sbin:/bin:/usr/games:/usr/local/games:/usr/lib/wsl/lib:/mnt/c/Program Files (x86)/Common Files/Oracle/Java/javapath:/mnt/c/Windows/system32:/mnt/c/Windows:/mnt/c/Windows/System32/Wbem:/mnt/c/Windows/System32/WindowsPowerShell/v1.0/:/mnt/c/Windows/System32/OpenSSH/:/mnt/c/Users/saisrikrishna.j/AppData/Local/Microsoft/WindowsApps:/mnt/c/Users/saisrikrishna.j/AppData/Local/Programs/Microsoft VS Code/bin:/snap/bin
SHELL=/bin/bash
DISPLAY=:0
HOSTTYPE=x86_64
LANG=en_US.UTF-8
TERM=xterm-256color

Active Locale:
LC_ALL=en_US.UTF-8
LC_COLLATE=en_US.UTF-8
LC_CTYPE=en_US.UTF-8
LC_MESSAGES=en_US.UTF-8
LC_MONETARY=en_US.UTF-8
LC_NUMERIC=en_US.UTF-8
LC_TIME=en_US.UTF-8

Signal Handlers:
   SIGSEGV: crash_handler in libjvm.so, mask=11100100010111111101111111111110, flags=SA_RESTART|SA_SIGINFO, unblocked
    SIGBUS: crash_handler in libjvm.so, mask=11100100010111111101111111111110, flags=SA_RESTART|SA_SIGINFO, unblocked
    SIGFPE: crash_handler in libjvm.so, mask=11100100010111111101111111111110, flags=SA_RESTART|SA_SIGINFO, unblocked
   SIGPIPE: javaSignalHandler in libjvm.so, mask=11100100010111111101111111111110, flags=SA_RESTART|SA_SIGINFO, blocked
   SIGXFSZ: javaSignalHandler in libjvm.so, mask=11100100010111111101111111111110, flags=SA_RESTART|SA_SIGINFO, blocked
    SIGILL: crash_handler in libjvm.so, mask=11100100010111111101111111111110, flags=SA_RESTART|SA_SIGINFO, unblocked
   SIGUSR2: SR_handler in libjvm.so, mask=00000000000000000000000000000000, flags=SA_RESTART|SA_SIGINFO, blocked
    SIGHUP: UserHandler in libjvm.so, mask=11100100010111111101111111111110, flags=SA_RESTART|SA_SIGINFO, blocked
    SIGINT: UserHandler in libjvm.so, mask=11100100010111111101111111111110, flags=SA_RESTART|SA_SIGINFO, blocked
   SIGTERM: UserHandler in libjvm.so, mask=11100100010111111101111111111110, flags=SA_RESTART|SA_SIGINFO, blocked
   SIGQUIT: UserHandler in libjvm.so, mask=11100100010111111101111111111110, flags=SA_RESTART|SA_SIGINFO, blocked
   SIGTRAP: crash_handler in libjvm.so, mask=11100100010111111101111111111110, flags=SA_RESTART|SA_SIGINFO, unblocked


---------------  S Y S T E M  ---------------

OS:
PRETTY_NAME="Debian GNU/Linux 12 (bookworm)"
NAME="Debian GNU/Linux"
VERSION_ID="12"
VERSION="12 (bookworm)"
VERSION_CODENAME=bookworm
ID=debian
HOME_URL="https://www.debian.org/"
SUPPORT_URL="https://www.debian.org/support"
BUG_REPORT_URL="https://bugs.debian.org/"
uname: Linux 5.15.90.1-microsoft-standard-WSL2 #1 SMP Fri Jan 27 02:56:13 UTC 2023 x86_64
OS uptime: 0 days 5:45 hours
libc: glibc 2.36 NPTL 2.36 
rlimit (soft/hard): STACK 8192k/infinity , CORE 0k/infinity , NPROC 31470/31470 , NOFILE 1048576/1048576 , AS infinity/infinity , CPU infinity/infinity , DATA infinity/infinity , FSIZE infinity/infinity , MEMLOCK 65536k/65536k
load average: 0.44 0.29 0.27

/proc/meminfo:
MemTotal:        8062912 kB
MemFree:         1187692 kB
MemAvailable:    3416552 kB
Buffers:          289916 kB
Cached:          1955088 kB
SwapCached:         5244 kB
Active:          1051772 kB
Inactive:        5134308 kB
Active(anon):       5288 kB
Inactive(anon):  3938528 kB
Active(file):    1046484 kB
Inactive(file):  1195780 kB
Unevictable:           0 kB
Mlocked:               0 kB
SwapTotal:       2097152 kB
SwapFree:        2061876 kB
Dirty:                28 kB
Writeback:             0 kB
AnonPages:       3879076 kB
Mapped:           212492 kB
Shmem:              2728 kB
KReclaimable:     287084 kB
Slab:             361492 kB
SReclaimable:     287084 kB
SUnreclaim:        74408 kB
KernelStack:        8896 kB
PageTables:        62768 kB
NFS_Unstable:          0 kB
Bounce:                0 kB
WritebackTmp:          0 kB
CommitLimit:     6128608 kB
Committed_AS:    3999604 kB
VmallocTotal:   34359738367 kB
VmallocUsed:       30372 kB
VmallocChunk:          0 kB
Percpu:             3232 kB
AnonHugePages:   1736704 kB
ShmemHugePages:        0 kB
ShmemPmdMapped:        0 kB
FileHugePages:         0 kB
FilePmdMapped:         0 kB
HugePages_Total:       0
HugePages_Free:        0
HugePages_Rsvd:        0
HugePages_Surp:        0
Hugepagesize:       2048 kB
Hugetlb:               0 kB
DirectMap4k:       58368 kB
DirectMap2M:     4061184 kB
DirectMap1G:    13631488 kB

/sys/kernel/mm/transparent_hugepage/enabled: [always] madvise never
/sys/kernel/mm/transparent_hugepage/defrag (defrag/compaction efforts parameter): always defer defer+madvise [madvise] never

Process Memory:
Virtual Size: 6031612K (peak: 6092960K)
Resident Set Size: 248312K (peak: 248312K) (anon: 217452K, file: 30860K, shmem: 0K)
Swapped out: 0K
C-Heap outstanding allocations: 53178K, retained: 11865K
glibc malloc tunables: (default)

/proc/sys/kernel/threads-max (system-wide limit on the number of threads): 62940
/proc/sys/vm/max_map_count (maximum number of memory map areas a process may have): 65530
/proc/sys/kernel/pid_max (system-wide limit on number of process identifiers): 4194304

container (cgroup) information:
container_type: cgroupv1
cpu_cpuset_cpus: 0-7
cpu_memory_nodes: 0
active_processor_count: 8
cpu_quota: no quota
cpu_period: 100000
cpu_shares: no shares
memory_limit_in_bytes: unlimited
memory_and_swap_limit_in_bytes: unlimited
memory_soft_limit_in_bytes: unlimited
memory_usage_in_bytes: 6124400 k
memory_max_usage_in_bytes: 792900 k
kernel_memory_usage_in_bytes: 13184 k
kernel_memory_max_usage_in_bytes: unlimited
kernel_memory_limit_in_bytes: 17812 k
maximum number of tasks: not supported
current number of tasks: not supported

Hyper-V virtualization detected
Steal ticks since vm start: 0
Steal ticks percentage since vm start:  0.000

CPU: total 8 (initial active 8) (4 cores per cpu, 2 threads per core) family 6 model 142 stepping 10 microcode 0xffffffff, cx8, cmov, fxsr, ht, mmx, 3dnowpref, sse, sse2, sse3, ssse3, sse4.1, sse4.2, popcnt, lzcnt, tsc, avx, avx2, aes, erms, clmul, bmi1, bmi2, rtm, adx, fma, vzeroupper, clflush, clflushopt, hv
CPU Model and flags from /proc/cpuinfo:
model name	: Intel(R) Core(TM) i7-8650U CPU @ 1.90GHz
flags		: fpu vme de pse tsc msr pae mce cx8 apic sep mtrr pge mca cmov pat pse36 clflush mmx fxsr sse sse2 ss ht syscall nx pdpe1gb rdtscp lm constant_tsc arch_perfmon rep_good nopl xtopology cpuid pni pclmulqdq ssse3 fma cx16 pdcm pcid sse4_1 sse4_2 movbe popcnt aes xsave avx f16c rdrand hypervisor lahf_lm abm 3dnowprefetch invpcid_single pti ssbd ibrs ibpb stibp fsgsbase bmi1 hle avx2 smep bmi2 erms invpcid rtm rdseed adx smap clflushopt xsaveopt xsavec xgetbv1 xsaves flush_l1d arch_capabilities

Online cpus: 0-7
Offline cpus: 
BIOS frequency limitation: <Not Available>
Frequency switch latency (ns): <Not Available>
Available cpu frequencies: <Not Available>
Current governor: <Not Available>
Core performance/turbo boost: <Not Available>

Memory: 4k page, physical 8062912k(1187692k free), swap 2097152k(2061876k free)
Page Sizes: 4k

vm_info: OpenJDK 64-Bit Server VM (17.0.8.1+1) for linux-amd64 JRE (17.0.8.1+1), built on Aug 24 2023 00:00:00 by "admin" with gcc 10.3.0

END.
